#
# There is insufficient memory for the Java Runtime Environment to continue.
# Native memory allocation (malloc) failed to allocate 2719744 bytes for Chunk::new
# Possible reasons:
#   The system is out of physical RAM or swap space
#   The process is running with CompressedOops enabled, and the Java Heap may be blocking the growth of the native heap
# Possible solutions:
#   Reduce memory load on the system
#   Increase physical memory or swap space
#   Check if swap backing store is full
#   Decrease Java heap size (-Xmx/-Xms)
#   Decrease number of Java threads
#   Decrease Java thread stack sizes (-Xss)
#   Set larger code cache with -XX:ReservedCodeCacheSize=
#   JVM is running with Unscaled Compressed Oops mode in which the Java heap is
#     placed in the first 4GB address space. The Java Heap base address is the
#     maximum limit for the native heap growth. Please use -XX:HeapBaseMinAddress
#     to set the Java Heap base and to place the Java Heap above 4GB virtual address.
# This output file may be truncated or incomplete.
#
#  Out of Memory Error (arena.cpp:191), pid=26748, tid=27548
#
# JRE version: OpenJDK Runtime Environment Temurin-17.0.10+7 (17.0.10+7) (build 17.0.10+7)
# Java VM: OpenJDK 64-Bit Server VM Temurin-17.0.10+7 (17.0.10+7, mixed mode, tiered, compressed oops, compressed class ptrs, parallel gc, windows-amd64)
# No core dump will be written. Minidumps are not enabled by default on client versions of Windows
#

---------------  S U M M A R Y ------------

Command Line: --add-modules=ALL-SYSTEM --add-opens=java.base/java.util=ALL-UNNAMED --add-opens=java.base/java.lang=ALL-UNNAMED --add-opens=java.base/sun.nio.fs=ALL-UNNAMED -Declipse.application=org.eclipse.jdt.ls.core.id1 -Dosgi.bundles.defaultStartLevel=4 -Declipse.product=org.eclipse.jdt.ls.core.product -Djava.import.generatesMetadataFilesAtProjectRoot=false -DDetectVMInstallationsJob.disabled=true -Dfile.encoding=utf8 -XX:+UseParallelGC -XX:GCTimeRatio=4 -XX:AdaptiveSizePolicyWeight=90 -Dsun.zip.disableMemoryMapping=true -Xmx1G -Xms100m -Xlog:disable -javaagent:c:\Users\Alizha\.vscode\extensions\redhat.java-1.28.1-win32-x64\lombok\lombok-1.18.31.jar c:\Users\Alizha\.vscode\extensions\redhat.java-1.28.1-win32-x64\server\plugins\org.eclipse.equinox.launcher_1.6.700.v20231214-2017.jar -configuration c:\Users\Alizha\AppData\Roaming\Code\User\globalStorage\redhat.java\1.28.1\config_ss_win -data c:\Users\Alizha\AppData\Roaming\Code\User\workspaceStorage\8d68d11bca368d431e0ffcbe580ad2c9\redhat.java\ss_ws --stdio

Host: AMD Ryzen 5 5500U with Radeon Graphics         , 12 cores, 5G,  Windows 11 , 64 bit Build 22621 (10.0.22621.3085)
Time: Thu Feb 29 13:23:40 2024 SE Asia Standard Time elapsed time: 25.802287 seconds (0d 0h 0m 25s)

---------------  T H R E A D  ---------------

Current thread (0x0000016cef619d90):  JavaThread "C2 CompilerThread0" daemon [_thread_in_native, id=27548, stack(0x000000135b900000,0x000000135ba00000)]


Current CompileTask:
C2:  25802 4084   !   4       org.eclipse.osgi.internal.loader.classpath.ClasspathManager::findLocalClass (210 bytes)

Stack: [0x000000135b900000,0x000000135ba00000]
Native frames: (J=compiled Java code, j=interpreted, Vv=VM code, C=native code)
V  [jvm.dll+0x67d2c9]
V  [jvm.dll+0x834afa]
V  [jvm.dll+0x8365be]
V  [jvm.dll+0x836c23]
V  [jvm.dll+0x2477ff]
V  [jvm.dll+0xac514]
V  [jvm.dll+0xacb5c]
V  [jvm.dll+0x3667d7]
V  [jvm.dll+0x1bcf72]
V  [jvm.dll+0x21a049]
V  [jvm.dll+0x219311]
V  [jvm.dll+0x1a502d]
V  [jvm.dll+0x2290de]
V  [jvm.dll+0x2272ac]
V  [jvm.dll+0x7e9bb7]
V  [jvm.dll+0x7e3fba]
V  [jvm.dll+0x67c1b5]
C  [ucrtbase.dll+0x29363]
C  [KERNEL32.DLL+0x1257d]
C  [ntdll.dll+0x5aa58]


---------------  P R O C E S S  ---------------

Threads class SMR info:
_java_thread_list=0x0000016cf2109c00, length=25, elements={
0x0000016cd66cdb90, 0x0000016cef5f62a0, 0x0000016cef5f8280, 0x0000016cef615430,
0x0000016cef615b10, 0x0000016cef6166d0, 0x0000016cef6190a0, 0x0000016cef619d90,
0x0000016cef6772a0, 0x0000016cef68e100, 0x0000016cef745000, 0x0000016cf0e48270,
0x0000016cf117aba0, 0x0000016cf17a0a90, 0x0000016cf12516a0, 0x0000016cef763c40,
0x0000016cf109d660, 0x0000016cf1300df0, 0x0000016cf1301300, 0x0000016cf1301d20,
0x0000016cf1303160, 0x0000016cf1302230, 0x0000016cf1302740, 0x0000016cf13003d0,
0x0000016cf13008e0
}

Java Threads: ( => current thread )
  0x0000016cd66cdb90 JavaThread "main" [_thread_blocked, id=20804, stack(0x000000135b000000,0x000000135b100000)]
  0x0000016cef5f62a0 JavaThread "Reference Handler" daemon [_thread_blocked, id=13436, stack(0x000000135b300000,0x000000135b400000)]
  0x0000016cef5f8280 JavaThread "Finalizer" daemon [_thread_blocked, id=14552, stack(0x000000135b400000,0x000000135b500000)]
  0x0000016cef615430 JavaThread "Signal Dispatcher" daemon [_thread_blocked, id=15432, stack(0x000000135b500000,0x000000135b600000)]
  0x0000016cef615b10 JavaThread "Attach Listener" daemon [_thread_blocked, id=19360, stack(0x000000135b600000,0x000000135b700000)]
  0x0000016cef6166d0 JavaThread "Service Thread" daemon [_thread_blocked, id=25164, stack(0x000000135b700000,0x000000135b800000)]
  0x0000016cef6190a0 JavaThread "Monitor Deflation Thread" daemon [_thread_blocked, id=26880, stack(0x000000135b800000,0x000000135b900000)]
=>0x0000016cef619d90 JavaThread "C2 CompilerThread0" daemon [_thread_in_native, id=27548, stack(0x000000135b900000,0x000000135ba00000)]
  0x0000016cef6772a0 JavaThread "C1 CompilerThread0" daemon [_thread_blocked, id=22940, stack(0x000000135ba00000,0x000000135bb00000)]
  0x0000016cef68e100 JavaThread "Sweeper thread" daemon [_thread_blocked, id=14612, stack(0x000000135bb00000,0x000000135bc00000)]
  0x0000016cef745000 JavaThread "Common-Cleaner" daemon [_thread_blocked, id=30936, stack(0x000000135bc00000,0x000000135bd00000)]
  0x0000016cf0e48270 JavaThread "Notification Thread" daemon [_thread_blocked, id=11396, stack(0x000000135bd00000,0x000000135be00000)]
  0x0000016cf117aba0 JavaThread "Active Thread: Equinox Container: 1179fe32-97bf-4c60-b59d-32ac9c8db1ad" [_thread_blocked, id=20384, stack(0x000000135c500000,0x000000135c600000)]
  0x0000016cf17a0a90 JavaThread "Framework Event Dispatcher: Equinox Container: 1179fe32-97bf-4c60-b59d-32ac9c8db1ad" daemon [_thread_blocked, id=27748, stack(0x000000135c600000,0x000000135c700000)]
  0x0000016cf12516a0 JavaThread "Start Level: Equinox Container: 1179fe32-97bf-4c60-b59d-32ac9c8db1ad" daemon [_thread_blocked, id=23712, stack(0x000000135c700000,0x000000135c800000)]
  0x0000016cef763c40 JavaThread "SCR Component Actor" daemon [_thread_blocked, id=24948, stack(0x000000135c800000,0x000000135c900000)]
  0x0000016cf109d660 JavaThread "Worker-JM" [_thread_blocked, id=22092, stack(0x000000135cb00000,0x000000135cc00000)]
  0x0000016cf1300df0 JavaThread "Worker-0" [_thread_blocked, id=30832, stack(0x000000135ce00000,0x000000135cf00000)]
  0x0000016cf1301300 JavaThread "Worker-1" [_thread_blocked, id=29888, stack(0x000000135cf00000,0x000000135d000000)]
  0x0000016cf1301d20 JavaThread "JNA Cleaner" daemon [_thread_blocked, id=27000, stack(0x000000135d000000,0x000000135d100000)]
  0x0000016cf1303160 JavaThread "pool-2-thread-1" [_thread_blocked, id=25684, stack(0x000000135d100000,0x000000135d200000)]
  0x0000016cf1302230 JavaThread "WorkspaceEventsHandler" [_thread_blocked, id=29448, stack(0x000000135d200000,0x000000135d300000)]
  0x0000016cf1302740 JavaThread "pool-1-thread-1" [_thread_blocked, id=28500, stack(0x000000135d300000,0x000000135d400000)]
  0x0000016cf13003d0 JavaThread "ForkJoinPool.commonPool-worker-1" daemon [_thread_in_Java, id=32568, stack(0x000000135d400000,0x000000135d500000)]
  0x0000016cf13008e0 JavaThread "ForkJoinPool.commonPool-worker-2" daemon [_thread_blocked, id=31580, stack(0x000000135d500000,0x000000135d600000)]

Other Threads:
  0x0000016cd67573e0 VMThread "VM Thread" [stack: 0x000000135b200000,0x000000135b300000] [id=23892]
  0x0000016cf0d9c0b0 WatcherThread [stack: 0x000000135be00000,0x000000135bf00000] [id=30356]
  0x0000016cd66e48a0 GCTaskThread "GC Thread#0" [stack: 0x000000135b100000,0x000000135b200000] [id=23824]
  0x0000016cf13a1f80 GCTaskThread "GC Thread#1" [stack: 0x000000135bf00000,0x000000135c000000] [id=27808]
  0x0000016cf175ac10 GCTaskThread "GC Thread#2" [stack: 0x000000135c000000,0x000000135c100000] [id=32424]
  0x0000016cf12142b0 GCTaskThread "GC Thread#3" [stack: 0x000000135c100000,0x000000135c200000] [id=21624]
  0x0000016cf1214570 GCTaskThread "GC Thread#4" [stack: 0x000000135c200000,0x000000135c300000] [id=29260]
  0x0000016cf119cbe0 GCTaskThread "GC Thread#5" [stack: 0x000000135c300000,0x000000135c400000] [id=28104]
  0x0000016cf119cea0 GCTaskThread "GC Thread#6" [stack: 0x000000135c400000,0x000000135c500000] [id=23600]
  0x0000016cef6e76c0 GCTaskThread "GC Thread#7" [stack: 0x000000135c900000,0x000000135ca00000] [id=27940]
  0x0000016cf1589d50 GCTaskThread "GC Thread#8" [stack: 0x000000135cc00000,0x000000135cd00000] [id=32028]
  0x0000016cf1310b10 GCTaskThread "GC Thread#9" [stack: 0x000000135cd00000,0x000000135ce00000] [id=14696]

Threads with active compile tasks:
C2 CompilerThread0    25873 4084   !   4       org.eclipse.osgi.internal.loader.classpath.ClasspathManager::findLocalClass (210 bytes)

VM state: not at safepoint (normal execution)

VM Mutex/Monitor currently owned by a thread: None

Heap address: 0x00000000c0000000, size: 1024 MB, Compressed Oops mode: 32-bit

CDS archive(s) not mapped
Compressed class space mapped at: 0x0000000100000000-0x0000000140000000, reserved size: 1073741824
Narrow klass base: 0x0000000000000000, Narrow klass shift: 3, Narrow klass range: 0x140000000

GC Precious Log:
 CPUs: 12 total, 12 available
 Memory: 6005M
 Large Page Support: Disabled
 NUMA Support: Disabled
 Compressed Oops: Enabled (32-bit)
 Alignments: Space 512K, Generation 512K, Heap 2M
 Heap Min Capacity: 100M
 Heap Initial Capacity: 100M
 Heap Max Capacity: 1G
 Pre-touch: Disabled
 Parallel Workers: 10

Heap:
 PSYoungGen      total 23040K, used 7736K [0x00000000eab00000, 0x00000000ec400000, 0x0000000100000000)
  eden space 22016K, 32% used [0x00000000eab00000,0x00000000eb1f84b0,0x00000000ec080000)
  from space 1024K, 58% used [0x00000000ec300000,0x00000000ec395bd8,0x00000000ec400000)
  to   space 1024K, 0% used [0x00000000ec200000,0x00000000ec200000,0x00000000ec300000)
 ParOldGen       total 68608K, used 28094K [0x00000000c0000000, 0x00000000c4300000, 0x00000000eab00000)
  object space 68608K, 40% used [0x00000000c0000000,0x00000000c1b6fa10,0x00000000c4300000)
 Metaspace       used 42325K, committed 43072K, reserved 1114112K
  class space    used 4303K, committed 4608K, reserved 1048576K

Card table byte_map: [0x0000016cd6060000,0x0000016cd6270000] _byte_map_base: 0x0000016cd5a60000

Marking Bits: (ParMarkBitMap*) 0x00007ffcd946d7d0
 Begin Bits: [0x0000016ce8360000, 0x0000016ce9360000)
 End Bits:   [0x0000016ce9360000, 0x0000016cea360000)

Polling page: 0x0000016cd44d0000

Metaspace:

Usage:
  Non-class:     37.13 MB used.
      Class:      4.20 MB used.
       Both:     41.33 MB used.

Virtual space:
  Non-class space:       64.00 MB reserved,      37.56 MB ( 59%) committed,  1 nodes.
      Class space:        1.00 GB reserved,       4.50 MB ( <1%) committed,  1 nodes.
             Both:        1.06 GB reserved,      42.06 MB (  4%) committed. 

Chunk freelists:
   Non-Class:  10.16 MB
       Class:  11.38 MB
        Both:  21.53 MB

MaxMetaspaceSize: unlimited
CompressedClassSpaceSize: 1.00 GB
Initial GC threshold: 21.00 MB
Current GC threshold: 58.38 MB
CDS: off
MetaspaceReclaimPolicy: balanced
 - commit_granule_bytes: 65536.
 - commit_granule_words: 8192.
 - virtual_space_node_default_size: 8388608.
 - enlarge_chunks_in_place: 1.
 - new_chunks_are_fully_committed: 0.
 - uncommit_free_chunks: 1.
 - use_allocation_guard: 0.
 - handle_deallocations: 1.


Internal statistics:

num_allocs_failed_limit: 8.
num_arena_births: 382.
num_arena_deaths: 14.
num_vsnodes_births: 2.
num_vsnodes_deaths: 0.
num_space_committed: 673.
num_space_uncommitted: 0.
num_chunks_returned_to_freelist: 22.
num_chunks_taken_from_freelist: 1781.
num_chunk_merges: 5.
num_chunk_splits: 1151.
num_chunks_enlarged: 756.
num_inconsistent_stats: 0.

CodeHeap 'non-profiled nmethods': size=120000Kb used=1993Kb max_used=1993Kb free=118006Kb
 bounds [0x0000016ce0e30000, 0x0000016ce10a0000, 0x0000016ce8360000]
CodeHeap 'profiled nmethods': size=120000Kb used=9125Kb max_used=9125Kb free=110874Kb
 bounds [0x0000016cd9360000, 0x0000016cd9c50000, 0x0000016ce0890000]
CodeHeap 'non-nmethods': size=5760Kb used=1292Kb max_used=1301Kb free=4467Kb
 bounds [0x0000016ce0890000, 0x0000016ce0b00000, 0x0000016ce0e30000]
 total_blobs=4823 nmethods=4202 adapters=535
 compilation: enabled
              stopped_count=0, restarted_count=0
 full_count=0

Compilation events (20 events):
Event: 25.661 Thread 0x0000016cef6772a0 4211       3       lombok.patcher.MethodLogistics::generateLoadOpcodeForParam (37 bytes)
Event: 25.661 Thread 0x0000016cef6772a0 nmethod 4211 0x0000016cd9c43810 code [0x0000016cd9c43a00, 0x0000016cd9c43f88]
Event: 25.667 Thread 0x0000016cef6772a0 4212       3       java.net.JarURLConnection::parseSpecs (134 bytes)
Event: 25.669 Thread 0x0000016cef6772a0 nmethod 4212 0x0000016cd9c44190 code [0x0000016cd9c44480, 0x0000016cd9c45288]
Event: 25.672 Thread 0x0000016cef6772a0 4213       3       lombok.patcher.MethodLogistics::loadOpcodeFor (145 bytes)
Event: 25.673 Thread 0x0000016cef6772a0 nmethod 4213 0x0000016cd9c45810 code [0x0000016cd9c45ac0, 0x0000016cd9c467f8]
Event: 25.685 Thread 0x0000016cef6772a0 4215       3       org.lombokweb.asm.MethodWriter::visitIntInsn (113 bytes)
Event: 25.686 Thread 0x0000016cef6772a0 nmethod 4215 0x0000016cd9c46c90 code [0x0000016cd9c46e60, 0x0000016cd9c472c8]
Event: 25.686 Thread 0x0000016cef6772a0 4216       3       org.lombokweb.asm.MethodVisitor::visitIntInsn (17 bytes)
Event: 25.686 Thread 0x0000016cef6772a0 nmethod 4216 0x0000016cd9c47410 code [0x0000016cd9c475c0, 0x0000016cd9c477c8]
Event: 25.693 Thread 0x0000016cef6772a0 4218       2       org.lombokweb.asm.MethodWriter::visitLdcInsn (215 bytes)
Event: 25.695 Thread 0x0000016cef6772a0 nmethod 4218 0x0000016cd9c47890 code [0x0000016cd9c47aa0, 0x0000016cd9c47f68]
Event: 25.695 Thread 0x0000016cef6772a0 4220       2       org.lombokweb.asm.Handler::putExceptionTable (63 bytes)
Event: 25.696 Thread 0x0000016cef6772a0 nmethod 4220 0x0000016cd9c48310 code [0x0000016cd9c48500, 0x0000016cd9c487e8]
Event: 25.759 Thread 0x0000016cef6772a0 4225       2       org.lombokweb.asm.MethodVisitor::visitCode (15 bytes)
Event: 25.760 Thread 0x0000016cef6772a0 nmethod 4225 0x0000016cd9c48a90 code [0x0000016cd9c48c20, 0x0000016cd9c48d48]
Event: 25.760 Thread 0x0000016cef6772a0 4226       2       org.lombokweb.asm.MethodVisitor::visitMaxs (17 bytes)
Event: 25.760 Thread 0x0000016cef6772a0 nmethod 4226 0x0000016cd9c48e10 code [0x0000016cd9c48fa0, 0x0000016cd9c490c8]
Event: 25.760 Thread 0x0000016cef6772a0 4227       2       org.lombokweb.asm.MethodVisitor::visitEnd (15 bytes)
Event: 25.760 Thread 0x0000016cef6772a0 nmethod 4227 0x0000016cd9c49190 code [0x0000016cd9c49320, 0x0000016cd9c49448]

GC Heap History (20 events):
Event: 21.766 GC heap before
{Heap before GC invocations=11 (full 2):
 PSYoungGen      total 27648K, used 3500K [0x00000000eab00000, 0x00000000eca00000, 0x0000000100000000)
  eden space 22528K, 0% used [0x00000000eab00000,0x00000000eab00000,0x00000000ec100000)
  from space 5120K, 68% used [0x00000000ec100000,0x00000000ec46b140,0x00000000ec600000)
  to   space 4096K, 0% used [0x00000000ec600000,0x00000000ec600000,0x00000000eca00000)
 ParOldGen       total 68608K, used 9833K [0x00000000c0000000, 0x00000000c4300000, 0x00000000eab00000)
  object space 68608K, 14% used [0x00000000c0000000,0x00000000c099a5b0,0x00000000c4300000)
 Metaspace       used 35185K, committed 35840K, reserved 1114112K
  class space    used 3550K, committed 3840K, reserved 1048576K
}
Event: 21.807 GC heap after
{Heap after GC invocations=11 (full 2):
 PSYoungGen      total 27648K, used 0K [0x00000000eab00000, 0x00000000eca00000, 0x0000000100000000)
  eden space 22528K, 0% used [0x00000000eab00000,0x00000000eab00000,0x00000000ec100000)
  from space 5120K, 0% used [0x00000000ec100000,0x00000000ec100000,0x00000000ec600000)
  to   space 4096K, 0% used [0x00000000ec600000,0x00000000ec600000,0x00000000eca00000)
 ParOldGen       total 68608K, used 12922K [0x00000000c0000000, 0x00000000c4300000, 0x00000000eab00000)
  object space 68608K, 18% used [0x00000000c0000000,0x00000000c0c9ea08,0x00000000c4300000)
 Metaspace       used 35185K, committed 35840K, reserved 1114112K
  class space    used 3550K, committed 3840K, reserved 1048576K
}
Event: 22.368 GC heap before
{Heap before GC invocations=12 (full 2):
 PSYoungGen      total 27648K, used 22528K [0x00000000eab00000, 0x00000000eca00000, 0x0000000100000000)
  eden space 22528K, 100% used [0x00000000eab00000,0x00000000ec100000,0x00000000ec100000)
  from space 5120K, 0% used [0x00000000ec100000,0x00000000ec100000,0x00000000ec600000)
  to   space 4096K, 0% used [0x00000000ec600000,0x00000000ec600000,0x00000000eca00000)
 ParOldGen       total 68608K, used 12922K [0x00000000c0000000, 0x00000000c4300000, 0x00000000eab00000)
  object space 68608K, 18% used [0x00000000c0000000,0x00000000c0c9ea08,0x00000000c4300000)
 Metaspace       used 36771K, committed 37440K, reserved 1114112K
  class space    used 3733K, committed 4032K, reserved 1048576K
}
Event: 22.370 GC heap after
{Heap after GC invocations=12 (full 2):
 PSYoungGen      total 24576K, used 2208K [0x00000000eab00000, 0x00000000ec880000, 0x0000000100000000)
  eden space 22016K, 0% used [0x00000000eab00000,0x00000000eab00000,0x00000000ec080000)
  from space 2560K, 86% used [0x00000000ec600000,0x00000000ec828040,0x00000000ec880000)
  to   space 3072K, 0% used [0x00000000ec280000,0x00000000ec280000,0x00000000ec580000)
 ParOldGen       total 68608K, used 12930K [0x00000000c0000000, 0x00000000c4300000, 0x00000000eab00000)
  object space 68608K, 18% used [0x00000000c0000000,0x00000000c0ca0a08,0x00000000c4300000)
 Metaspace       used 36771K, committed 37440K, reserved 1114112K
  class space    used 3733K, committed 4032K, reserved 1048576K
}
Event: 22.639 GC heap before
{Heap before GC invocations=13 (full 2):
 PSYoungGen      total 24576K, used 24224K [0x00000000eab00000, 0x00000000ec880000, 0x0000000100000000)
  eden space 22016K, 100% used [0x00000000eab00000,0x00000000ec080000,0x00000000ec080000)
  from space 2560K, 86% used [0x00000000ec600000,0x00000000ec828040,0x00000000ec880000)
  to   space 3072K, 0% used [0x00000000ec280000,0x00000000ec280000,0x00000000ec580000)
 ParOldGen       total 68608K, used 12930K [0x00000000c0000000, 0x00000000c4300000, 0x00000000eab00000)
  object space 68608K, 18% used [0x00000000c0000000,0x00000000c0ca0a08,0x00000000c4300000)
 Metaspace       used 36988K, committed 37760K, reserved 1114112K
  class space    used 3752K, committed 4096K, reserved 1048576K
}
Event: 22.643 GC heap after
{Heap after GC invocations=13 (full 2):
 PSYoungGen      total 24576K, used 2240K [0x00000000eab00000, 0x00000000ec680000, 0x0000000100000000)
  eden space 22016K, 0% used [0x00000000eab00000,0x00000000eab00000,0x00000000ec080000)
  from space 2560K, 87% used [0x00000000ec280000,0x00000000ec4b0010,0x00000000ec500000)
  to   space 1536K, 0% used [0x00000000ec500000,0x00000000ec500000,0x00000000ec680000)
 ParOldGen       total 68608K, used 14944K [0x00000000c0000000, 0x00000000c4300000, 0x00000000eab00000)
  object space 68608K, 21% used [0x00000000c0000000,0x00000000c0e98080,0x00000000c4300000)
 Metaspace       used 36988K, committed 37760K, reserved 1114112K
  class space    used 3752K, committed 4096K, reserved 1048576K
}
Event: 22.890 GC heap before
{Heap before GC invocations=14 (full 2):
 PSYoungGen      total 24576K, used 24256K [0x00000000eab00000, 0x00000000ec680000, 0x0000000100000000)
  eden space 22016K, 100% used [0x00000000eab00000,0x00000000ec080000,0x00000000ec080000)
  from space 2560K, 87% used [0x00000000ec280000,0x00000000ec4b0010,0x00000000ec500000)
  to   space 1536K, 0% used [0x00000000ec500000,0x00000000ec500000,0x00000000ec680000)
 ParOldGen       total 68608K, used 14944K [0x00000000c0000000, 0x00000000c4300000, 0x00000000eab00000)
  object space 68608K, 21% used [0x00000000c0000000,0x00000000c0e98080,0x00000000c4300000)
 Metaspace       used 37058K, committed 37760K, reserved 1114112K
  class space    used 3764K, committed 4096K, reserved 1048576K
}
Event: 22.894 GC heap after
{Heap after GC invocations=14 (full 2):
 PSYoungGen      total 23552K, used 1536K [0x00000000eab00000, 0x00000000ec980000, 0x0000000100000000)
  eden space 22016K, 0% used [0x00000000eab00000,0x00000000eab00000,0x00000000ec080000)
  from space 1536K, 100% used [0x00000000ec500000,0x00000000ec680000,0x00000000ec680000)
  to   space 4608K, 0% used [0x00000000ec080000,0x00000000ec080000,0x00000000ec500000)
 ParOldGen       total 68608K, used 17664K [0x00000000c0000000, 0x00000000c4300000, 0x00000000eab00000)
  object space 68608K, 25% used [0x00000000c0000000,0x00000000c1140090,0x00000000c4300000)
 Metaspace       used 37058K, committed 37760K, reserved 1114112K
  class space    used 3764K, committed 4096K, reserved 1048576K
}
Event: 23.071 GC heap before
{Heap before GC invocations=15 (full 2):
 PSYoungGen      total 23552K, used 23552K [0x00000000eab00000, 0x00000000ec980000, 0x0000000100000000)
  eden space 22016K, 100% used [0x00000000eab00000,0x00000000ec080000,0x00000000ec080000)
  from space 1536K, 100% used [0x00000000ec500000,0x00000000ec680000,0x00000000ec680000)
  to   space 4608K, 0% used [0x00000000ec080000,0x00000000ec080000,0x00000000ec500000)
 ParOldGen       total 68608K, used 17664K [0x00000000c0000000, 0x00000000c4300000, 0x00000000eab00000)
  object space 68608K, 25% used [0x00000000c0000000,0x00000000c1140090,0x00000000c4300000)
 Metaspace       used 37058K, committed 37760K, reserved 1114112K
  class space    used 3764K, committed 4096K, reserved 1048576K
}
Event: 23.076 GC heap after
{Heap after GC invocations=15 (full 2):
 PSYoungGen      total 24576K, used 2560K [0x00000000eab00000, 0x00000000ec780000, 0x0000000100000000)
  eden space 22016K, 0% used [0x00000000eab00000,0x00000000eab00000,0x00000000ec080000)
  from space 2560K, 100% used [0x00000000ec080000,0x00000000ec300000,0x00000000ec300000)
  to   space 3584K, 0% used [0x00000000ec400000,0x00000000ec400000,0x00000000ec780000)
 ParOldGen       total 68608K, used 19238K [0x00000000c0000000, 0x00000000c4300000, 0x00000000eab00000)
  object space 68608K, 28% used [0x00000000c0000000,0x00000000c12c9a80,0x00000000c4300000)
 Metaspace       used 37058K, committed 37760K, reserved 1114112K
  class space    used 3764K, committed 4096K, reserved 1048576K
}
Event: 23.183 GC heap before
{Heap before GC invocations=16 (full 2):
 PSYoungGen      total 24576K, used 24576K [0x00000000eab00000, 0x00000000ec780000, 0x0000000100000000)
  eden space 22016K, 100% used [0x00000000eab00000,0x00000000ec080000,0x00000000ec080000)
  from space 2560K, 100% used [0x00000000ec080000,0x00000000ec300000,0x00000000ec300000)
  to   space 3584K, 0% used [0x00000000ec400000,0x00000000ec400000,0x00000000ec780000)
 ParOldGen       total 68608K, used 19238K [0x00000000c0000000, 0x00000000c4300000, 0x00000000eab00000)
  object space 68608K, 28% used [0x00000000c0000000,0x00000000c12c9a80,0x00000000c4300000)
 Metaspace       used 37058K, committed 37760K, reserved 1114112K
  class space    used 3764K, committed 4096K, reserved 1048576K
}
Event: 23.189 GC heap after
{Heap after GC invocations=16 (full 2):
 PSYoungGen      total 25088K, used 2624K [0x00000000eab00000, 0x00000000ec700000, 0x0000000100000000)
  eden space 22016K, 0% used [0x00000000eab00000,0x00000000eab00000,0x00000000ec080000)
  from space 3072K, 85% used [0x00000000ec400000,0x00000000ec690010,0x00000000ec700000)
  to   space 3072K, 0% used [0x00000000ec100000,0x00000000ec100000,0x00000000ec400000)
 ParOldGen       total 68608K, used 21670K [0x00000000c0000000, 0x00000000c4300000, 0x00000000eab00000)
  object space 68608K, 31% used [0x00000000c0000000,0x00000000c1529a80,0x00000000c4300000)
 Metaspace       used 37058K, committed 37760K, reserved 1114112K
  class space    used 3764K, committed 4096K, reserved 1048576K
}
Event: 23.793 GC heap before
{Heap before GC invocations=17 (full 2):
 PSYoungGen      total 25088K, used 24636K [0x00000000eab00000, 0x00000000ec700000, 0x0000000100000000)
  eden space 22016K, 99% used [0x00000000eab00000,0x00000000ec07f018,0x00000000ec080000)
  from space 3072K, 85% used [0x00000000ec400000,0x00000000ec690010,0x00000000ec700000)
  to   space 3072K, 0% used [0x00000000ec100000,0x00000000ec100000,0x00000000ec400000)
 ParOldGen       total 68608K, used 21670K [0x00000000c0000000, 0x00000000c4300000, 0x00000000eab00000)
  object space 68608K, 31% used [0x00000000c0000000,0x00000000c1529a80,0x00000000c4300000)
 Metaspace       used 38895K, committed 39616K, reserved 1114112K
  class space    used 3978K, committed 4288K, reserved 1048576K
}
Event: 23.798 GC heap after
{Heap after GC invocations=17 (full 2):
 PSYoungGen      total 24576K, used 2404K [0x00000000eab00000, 0x00000000ec580000, 0x0000000100000000)
  eden space 22016K, 0% used [0x00000000eab00000,0x00000000eab00000,0x00000000ec080000)
  from space 2560K, 93% used [0x00000000ec100000,0x00000000ec359260,0x00000000ec380000)
  to   space 2048K, 0% used [0x00000000ec380000,0x00000000ec380000,0x00000000ec580000)
 ParOldGen       total 68608K, used 24124K [0x00000000c0000000, 0x00000000c4300000, 0x00000000eab00000)
  object space 68608K, 35% used [0x00000000c0000000,0x00000000c178f310,0x00000000c4300000)
 Metaspace       used 38895K, committed 39616K, reserved 1114112K
  class space    used 3978K, committed 4288K, reserved 1048576K
}
Event: 24.768 GC heap before
{Heap before GC invocations=18 (full 2):
 PSYoungGen      total 24576K, used 24420K [0x00000000eab00000, 0x00000000ec580000, 0x0000000100000000)
  eden space 22016K, 100% used [0x00000000eab00000,0x00000000ec080000,0x00000000ec080000)
  from space 2560K, 93% used [0x00000000ec100000,0x00000000ec359260,0x00000000ec380000)
  to   space 2048K, 0% used [0x00000000ec380000,0x00000000ec380000,0x00000000ec580000)
 ParOldGen       total 68608K, used 24124K [0x00000000c0000000, 0x00000000c4300000, 0x00000000eab00000)
  object space 68608K, 35% used [0x00000000c0000000,0x00000000c178f310,0x00000000c4300000)
 Metaspace       used 40533K, committed 41280K, reserved 1114112K
  class space    used 4141K, committed 4480K, reserved 1048576K
}
Event: 24.772 GC heap after
{Heap after GC invocations=18 (full 2):
 PSYoungGen      total 23040K, used 984K [0x00000000eab00000, 0x00000000ec480000, 0x0000000100000000)
  eden space 22016K, 0% used [0x00000000eab00000,0x00000000eab00000,0x00000000ec080000)
  from space 1024K, 96% used [0x00000000ec380000,0x00000000ec476258,0x00000000ec480000)
  to   space 1536K, 0% used [0x00000000ec180000,0x00000000ec180000,0x00000000ec300000)
 ParOldGen       total 68608K, used 26328K [0x00000000c0000000, 0x00000000c4300000, 0x00000000eab00000)
  object space 68608K, 38% used [0x00000000c0000000,0x00000000c19b6028,0x00000000c4300000)
 Metaspace       used 40533K, committed 41280K, reserved 1114112K
  class space    used 4141K, committed 4480K, reserved 1048576K
}
Event: 25.521 GC heap before
{Heap before GC invocations=19 (full 2):
 PSYoungGen      total 23040K, used 23000K [0x00000000eab00000, 0x00000000ec480000, 0x0000000100000000)
  eden space 22016K, 100% used [0x00000000eab00000,0x00000000ec080000,0x00000000ec080000)
  from space 1024K, 96% used [0x00000000ec380000,0x00000000ec476258,0x00000000ec480000)
  to   space 1536K, 0% used [0x00000000ec180000,0x00000000ec180000,0x00000000ec300000)
 ParOldGen       total 68608K, used 26328K [0x00000000c0000000, 0x00000000c4300000, 0x00000000eab00000)
  object space 68608K, 38% used [0x00000000c0000000,0x00000000c19b6028,0x00000000c4300000)
 Metaspace       used 41815K, committed 42560K, reserved 1114112K
  class space    used 4261K, committed 4608K, reserved 1048576K
}
Event: 25.523 GC heap after
{Heap after GC invocations=19 (full 2):
 PSYoungGen      total 23552K, used 1183K [0x00000000eab00000, 0x00000000ec400000, 0x0000000100000000)
  eden space 22016K, 0% used [0x00000000eab00000,0x00000000eab00000,0x00000000ec080000)
  from space 1536K, 77% used [0x00000000ec180000,0x00000000ec2a7c90,0x00000000ec300000)
  to   space 1024K, 0% used [0x00000000ec300000,0x00000000ec300000,0x00000000ec400000)
 ParOldGen       total 68608K, used 27089K [0x00000000c0000000, 0x00000000c4300000, 0x00000000eab00000)
  object space 68608K, 39% used [0x00000000c0000000,0x00000000c1a74530,0x00000000c4300000)
 Metaspace       used 41815K, committed 42560K, reserved 1114112K
  class space    used 4261K, committed 4608K, reserved 1048576K
}
Event: 25.747 GC heap before
{Heap before GC invocations=20 (full 2):
 PSYoungGen      total 23552K, used 23199K [0x00000000eab00000, 0x00000000ec400000, 0x0000000100000000)
  eden space 22016K, 100% used [0x00000000eab00000,0x00000000ec080000,0x00000000ec080000)
  from space 1536K, 77% used [0x00000000ec180000,0x00000000ec2a7c90,0x00000000ec300000)
  to   space 1024K, 0% used [0x00000000ec300000,0x00000000ec300000,0x00000000ec400000)
 ParOldGen       total 68608K, used 27089K [0x00000000c0000000, 0x00000000c4300000, 0x00000000eab00000)
  object space 68608K, 39% used [0x00000000c0000000,0x00000000c1a74530,0x00000000c4300000)
 Metaspace       used 41836K, committed 42624K, reserved 1114112K
  class space    used 4261K, committed 4608K, reserved 1048576K
}
Event: 25.749 GC heap after
{Heap after GC invocations=20 (full 2):
 PSYoungGen      total 23040K, used 598K [0x00000000eab00000, 0x00000000ec400000, 0x0000000100000000)
  eden space 22016K, 0% used [0x00000000eab00000,0x00000000eab00000,0x00000000ec080000)
  from space 1024K, 58% used [0x00000000ec300000,0x00000000ec395bd8,0x00000000ec400000)
  to   space 1024K, 0% used [0x00000000ec200000,0x00000000ec200000,0x00000000ec300000)
 ParOldGen       total 68608K, used 28094K [0x00000000c0000000, 0x00000000c4300000, 0x00000000eab00000)
  object space 68608K, 40% used [0x00000000c0000000,0x00000000c1b6fa10,0x00000000c4300000)
 Metaspace       used 41836K, committed 42624K, reserved 1114112K
  class space    used 4261K, committed 4608K, reserved 1048576K
}

Dll operation events (10 events):
Event: 0.070 Loaded shared library c:\Users\Alizha\.vscode\extensions\redhat.java-1.28.1-win32-x64\jre\17.0.10-win32-x86_64\bin\java.dll
Event: 0.786 Loaded shared library c:\Users\Alizha\.vscode\extensions\redhat.java-1.28.1-win32-x64\jre\17.0.10-win32-x86_64\bin\zip.dll
Event: 0.797 Loaded shared library C:\Users\Alizha\.vscode\extensions\redhat.java-1.28.1-win32-x64\jre\17.0.10-win32-x86_64\bin\instrument.dll
Event: 0.857 Loaded shared library C:\Users\Alizha\.vscode\extensions\redhat.java-1.28.1-win32-x64\jre\17.0.10-win32-x86_64\bin\net.dll
Event: 0.871 Loaded shared library C:\Users\Alizha\.vscode\extensions\redhat.java-1.28.1-win32-x64\jre\17.0.10-win32-x86_64\bin\nio.dll
Event: 0.900 Loaded shared library C:\Users\Alizha\.vscode\extensions\redhat.java-1.28.1-win32-x64\jre\17.0.10-win32-x86_64\bin\zip.dll
Event: 0.961 Loaded shared library C:\Users\Alizha\.vscode\extensions\redhat.java-1.28.1-win32-x64\jre\17.0.10-win32-x86_64\bin\jimage.dll
Event: 1.149 Loaded shared library c:\Users\Alizha\.vscode\extensions\redhat.java-1.28.1-win32-x64\jre\17.0.10-win32-x86_64\bin\verify.dll
Event: 12.978 Loaded shared library C:\Users\Alizha\AppData\Roaming\Code\User\globalStorage\redhat.java\1.28.1\config_ss_win\org.eclipse.equinox.launcher\org.eclipse.equinox.launcher.win32.win32.x86_64_1.2.900.v20240129-1338\eclipse_11900.dll
Event: 20.484 Loaded shared library C:\Users\Alizha\AppData\Local\Temp\jna-1963883701\jna12179534675203008142.dll

Deoptimization events (20 events):
Event: 24.999 Thread 0x0000016cf13003d0 Uncommon trap: trap_request=0xffffff45 fr.pc=0x0000016ce0f827d8 relative=0x0000000000000cd8
Event: 24.999 Thread 0x0000016cf13003d0 Uncommon trap: reason=unstable_if action=reinterpret pc=0x0000016ce0f827d8 method=java.util.TreeMap.put(Ljava/lang/Object;Ljava/lang/Object;Z)Ljava/lang/Object; @ 27 c2
Event: 24.999 Thread 0x0000016cf13003d0 DEOPT PACKING pc=0x0000016ce0f827d8 sp=0x000000135d4fd5f0
Event: 24.999 Thread 0x0000016cf13003d0 DEOPT UNPACKING pc=0x0000016ce08e66a3 sp=0x000000135d4fd590 mode 2
Event: 25.551 Thread 0x0000016cf13003d0 Uncommon trap: trap_request=0xffffffde fr.pc=0x0000016ce0f1fbe0 relative=0x0000000000008600
Event: 25.551 Thread 0x0000016cf13003d0 Uncommon trap: reason=class_check action=maybe_recompile pc=0x0000016ce0f1fbe0 method=lombok.patcher.PatchScript$MethodPatcher.visitMethod(ILjava/lang/String;Ljava/lang/String;Ljava/lang/String;[Ljava/lang/String;)Lorg/lombokweb/asm/MethodVisitor; @ 101 c
Event: 25.551 Thread 0x0000016cf13003d0 DEOPT PACKING pc=0x0000016ce0f1fbe0 sp=0x000000135d4f9200
Event: 25.551 Thread 0x0000016cf13003d0 DEOPT UNPACKING pc=0x0000016ce08e66a3 sp=0x000000135d4f91b8 mode 2
Event: 25.551 Thread 0x0000016cf13003d0 Uncommon trap: trap_request=0xffffffde fr.pc=0x0000016ce0f1fbe0 relative=0x0000000000008600
Event: 25.551 Thread 0x0000016cf13003d0 Uncommon trap: reason=class_check action=maybe_recompile pc=0x0000016ce0f1fbe0 method=lombok.patcher.PatchScript$MethodPatcher.visitMethod(ILjava/lang/String;Ljava/lang/String;Ljava/lang/String;[Ljava/lang/String;)Lorg/lombokweb/asm/MethodVisitor; @ 101 c
Event: 25.551 Thread 0x0000016cf13003d0 DEOPT PACKING pc=0x0000016ce0f1fbe0 sp=0x000000135d4f9200
Event: 25.551 Thread 0x0000016cf13003d0 DEOPT UNPACKING pc=0x0000016ce08e66a3 sp=0x000000135d4f91b8 mode 2
Event: 25.551 Thread 0x0000016cf13003d0 Uncommon trap: trap_request=0xffffffde fr.pc=0x0000016ce0f1fbe0 relative=0x0000000000008600
Event: 25.551 Thread 0x0000016cf13003d0 Uncommon trap: reason=class_check action=maybe_recompile pc=0x0000016ce0f1fbe0 method=lombok.patcher.PatchScript$MethodPatcher.visitMethod(ILjava/lang/String;Ljava/lang/String;Ljava/lang/String;[Ljava/lang/String;)Lorg/lombokweb/asm/MethodVisitor; @ 101 c
Event: 25.552 Thread 0x0000016cf13003d0 DEOPT PACKING pc=0x0000016ce0f1fbe0 sp=0x000000135d4f9200
Event: 25.552 Thread 0x0000016cf13003d0 DEOPT UNPACKING pc=0x0000016ce08e66a3 sp=0x000000135d4f91b8 mode 2
Event: 25.552 Thread 0x0000016cf13003d0 Uncommon trap: trap_request=0xffffffde fr.pc=0x0000016ce0f1fbe0 relative=0x0000000000008600
Event: 25.552 Thread 0x0000016cf13003d0 Uncommon trap: reason=class_check action=maybe_recompile pc=0x0000016ce0f1fbe0 method=lombok.patcher.PatchScript$MethodPatcher.visitMethod(ILjava/lang/String;Ljava/lang/String;Ljava/lang/String;[Ljava/lang/String;)Lorg/lombokweb/asm/MethodVisitor; @ 101 c
Event: 25.552 Thread 0x0000016cf13003d0 DEOPT PACKING pc=0x0000016ce0f1fbe0 sp=0x000000135d4f9200
Event: 25.552 Thread 0x0000016cf13003d0 DEOPT UNPACKING pc=0x0000016ce08e66a3 sp=0x000000135d4f91b8 mode 2

Classes unloaded (7 events):
Event: 16.500 Thread 0x0000016cd67573e0 Unloading class 0x000000010021e400 'java/lang/invoke/LambdaForm$MH+0x000000010021e400'
Event: 16.500 Thread 0x0000016cd67573e0 Unloading class 0x000000010021e000 'java/lang/invoke/LambdaForm$MH+0x000000010021e000'
Event: 16.500 Thread 0x0000016cd67573e0 Unloading class 0x000000010021dc00 'java/lang/invoke/LambdaForm$MH+0x000000010021dc00'
Event: 16.500 Thread 0x0000016cd67573e0 Unloading class 0x000000010021d800 'java/lang/invoke/LambdaForm$MH+0x000000010021d800'
Event: 16.500 Thread 0x0000016cd67573e0 Unloading class 0x000000010021d400 'java/lang/invoke/LambdaForm$BMH+0x000000010021d400'
Event: 16.500 Thread 0x0000016cd67573e0 Unloading class 0x000000010021d000 'java/lang/invoke/LambdaForm$DMH+0x000000010021d000'
Event: 16.500 Thread 0x0000016cd67573e0 Unloading class 0x0000000100218400 'java/lang/invoke/LambdaForm$DMH+0x0000000100218400'

Classes redefined (0 events):
No events

Internal exceptions (20 events):
Event: 20.869 Thread 0x0000016cd66cdb90 Exception <a 'java/lang/NoSuchMethodError'{0x00000000eb560660}: 'void java.lang.invoke.DirectMethodHandle$Holder.invokeStatic(java.lang.Object, java.lang.Object, java.lang.Object, java.lang.Object)'> (0x00000000eb560660) 
thrown [s\src\hotspot\share\interpreter\linkResolver.cpp, line 759]
Event: 21.230 Thread 0x0000016cd66cdb90 Exception <a 'java/lang/NoSuchMethodError'{0x00000000ebdb6dc0}: 'void java.lang.invoke.DirectMethodHandle$Holder.invokeSpecial(java.lang.Object, java.lang.Object, java.lang.Object, java.lang.Object, java.lang.Object, java.lang.Object)'> (0x00000000ebdb6dc0) 
thrown [s\src\hotspot\share\interpreter\linkResolver.cpp, line 759]
Event: 21.232 Thread 0x0000016cd66cdb90 Exception <a 'java/lang/IncompatibleClassChangeError'{0x00000000ebdc07b0}: Found class java.lang.Object, but interface was expected> (0x00000000ebdc07b0) 
thrown [s\src\hotspot\share\interpreter\linkResolver.cpp, line 826]
Event: 21.683 Thread 0x0000016cf1302740 Exception <a 'java/io/FileNotFoundException'{0x00000000eac8d680}> (0x00000000eac8d680) 
thrown [s\src\hotspot\share\prims\jni.cpp, line 516]
Event: 21.815 Thread 0x0000016cf1302740 Exception <a 'sun/nio/fs/WindowsException'{0x00000000eab13308}> (0x00000000eab13308) 
thrown [s\src\hotspot\share\prims\jni.cpp, line 516]
Event: 21.822 Thread 0x0000016cf1300df0 Exception <a 'java/io/FileNotFoundException'{0x00000000eab2e138}> (0x00000000eab2e138) 
thrown [s\src\hotspot\share\prims\jni.cpp, line 516]
Event: 21.822 Thread 0x0000016cf1300df0 Exception <a 'java/io/FileNotFoundException'{0x00000000eab2f138}> (0x00000000eab2f138) 
thrown [s\src\hotspot\share\prims\jni.cpp, line 516]
Event: 21.823 Thread 0x0000016cf1300df0 Exception <a 'java/io/FileNotFoundException'{0x00000000eab2fea8}> (0x00000000eab2fea8) 
thrown [s\src\hotspot\share\prims\jni.cpp, line 516]
Event: 21.974 Thread 0x0000016cf1301300 Exception <a 'java/lang/NoSuchMethodError'{0x00000000eaf66078}: 'java.lang.Object java.lang.invoke.Invokers$Holder.invoke_MT(java.lang.Object, java.lang.Object, java.lang.Object)'> (0x00000000eaf66078) 
thrown [s\src\hotspot\share\interpreter\linkResolver.cpp, line 759]
Event: 21.997 Thread 0x0000016cf1302740 Exception <a 'java/lang/NoSuchMethodError'{0x00000000eb00d568}: 'int java.lang.invoke.DirectMethodHandle$Holder.invokeVirtual(java.lang.Object, java.lang.Object)'> (0x00000000eb00d568) 
thrown [s\src\hotspot\share\interpreter\linkResolver.cpp, line 759]
Event: 22.434 Thread 0x0000016cf1301300 Exception <a 'java/io/FileNotFoundException'{0x00000000eafc6650}> (0x00000000eafc6650) 
thrown [s\src\hotspot\share\prims\jni.cpp, line 516]
Event: 22.435 Thread 0x0000016cf1301300 Exception <a 'java/io/FileNotFoundException'{0x00000000eafc7b90}> (0x00000000eafc7b90) 
thrown [s\src\hotspot\share\prims\jni.cpp, line 516]
Event: 22.439 Thread 0x0000016cf1301300 Exception <a 'java/lang/NoSuchMethodError'{0x00000000eafd94c0}: 'void java.lang.invoke.DirectMethodHandle$Holder.invokeStaticInit(java.lang.Object, java.lang.Object, java.lang.Object)'> (0x00000000eafd94c0) 
thrown [s\src\hotspot\share\interpreter\linkResolver.cpp, line 759]
Event: 23.461 Thread 0x0000016cf1302740 Exception <a 'java/lang/NoSuchMethodError'{0x00000000eb4a9078}: 'java.lang.Object java.lang.invoke.DirectMethodHandle$Holder.invokeInterface(java.lang.Object, java.lang.Object, java.lang.Object)'> (0x00000000eb4a9078) 
thrown [s\src\hotspot\share\interpreter\linkResolver.cpp, line 759]
Event: 23.462 Thread 0x0000016cf13003d0 Exception <a 'java/lang/NoSuchMethodError'{0x00000000eb4b1890}: 'java.lang.Object java.lang.invoke.DirectMethodHandle$Holder.invokeInterface(java.lang.Object, java.lang.Object, java.lang.Object)'> (0x00000000eb4b1890) 
thrown [s\src\hotspot\share\interpreter\linkResolver.cpp, line 759]
Event: 23.462 Thread 0x0000016cf13008e0 Exception <a 'java/lang/NoSuchMethodError'{0x00000000eb434ad0}: 'java.lang.Object java.lang.invoke.DirectMethodHandle$Holder.invokeInterface(java.lang.Object, java.lang.Object, java.lang.Object)'> (0x00000000eb434ad0) 
thrown [s\src\hotspot\share\interpreter\linkResolver.cpp, line 759]
Event: 24.040 Thread 0x0000016cf13008e0 Exception <a 'java/lang/LinkageError'{0x00000000eaf67d80}: loader lombok.launch.ShadowClassLoader @48a115e8 attempted duplicate class definition for lombok.launch.PatchFixesHider$Transform. (lombok.launch.PatchFixesHider$Transform is in unnamed module of loader lombok.launch.ShadowClassLoader @48a115e8, parent loader org.eclipse.osgi.internal.loader.EquinoxClassLoader @7dfe463d)> (0x00000000eaf67d80) 
thrown [s\src\hotspot\share\classfile\systemDictionary.cpp, line 1724]
Event: 24.043 Thread 0x0000016cf1302740 Exception <a 'java/lang/LinkageError'{0x00000000eb052f88}: loader lombok.launch.ShadowClassLoader @48a115e8 attempted duplicate class definition for lombok.launch.PatchFixesHider$Transform. (lombok.launch.PatchFixesHider$Transform is in unnamed module of loader lombok.launch.ShadowClassLoader @48a115e8, parent loader org.eclipse.osgi.internal.loader.EquinoxClassLoader @7dfe463d)> (0x00000000eb052f88) 
thrown [s\src\hotspot\share\classfile\systemDictionary.cpp, line 1724]
Event: 24.999 Thread 0x0000016cf13003d0 Implicit null exception at 0x0000016ce0f81b4f to 0x0000016ce0f827c0
Event: 25.331 Thread 0x0000016cf13008e0 Exception <a 'java/lang/LinkageError'{0x00000000eb812060}: loader lombok.launch.ShadowClassLoader @48a115e8 attempted duplicate class definition for lombok.launch.PatchFixesHider$ValPortal. (lombok.launch.PatchFixesHider$ValPortal is in unnamed module of loader lombok.launch.ShadowClassLoader @48a115e8, parent loader org.eclipse.osgi.internal.loader.EquinoxClassLoader @7dfe463d)> (0x00000000eb812060) 
thrown [s\src\hotspot\share\classfile\systemDictionary.cpp, line 1724]

VM Operations (20 events):
Event: 22.639 Executing VM operation: ParallelGCFailedAllocation
Event: 22.644 Executing VM operation: ParallelGCFailedAllocation done
Event: 22.890 Executing VM operation: ParallelGCFailedAllocation
Event: 22.894 Executing VM operation: ParallelGCFailedAllocation done
Event: 23.071 Executing VM operation: ParallelGCFailedAllocation
Event: 23.076 Executing VM operation: ParallelGCFailedAllocation done
Event: 23.144 Executing VM operation: HandshakeAllThreads
Event: 23.144 Executing VM operation: HandshakeAllThreads done
Event: 23.183 Executing VM operation: ParallelGCFailedAllocation
Event: 23.189 Executing VM operation: ParallelGCFailedAllocation done
Event: 23.793 Executing VM operation: ParallelGCFailedAllocation
Event: 23.798 Executing VM operation: ParallelGCFailedAllocation done
Event: 23.942 Executing VM operation: HandshakeAllThreads
Event: 23.942 Executing VM operation: HandshakeAllThreads done
Event: 24.768 Executing VM operation: ParallelGCFailedAllocation
Event: 24.772 Executing VM operation: ParallelGCFailedAllocation done
Event: 25.521 Executing VM operation: ParallelGCFailedAllocation
Event: 25.523 Executing VM operation: ParallelGCFailedAllocation done
Event: 25.747 Executing VM operation: ParallelGCFailedAllocation
Event: 25.749 Executing VM operation: ParallelGCFailedAllocation done

Events (20 events):
Event: 23.590 loading class java/lang/ExceptionInInitializerError done
Event: 24.284 Thread 0x0000016cf1fbc620 Thread exited: 0x0000016cf1fbc620
Event: 24.511 loading class java/util/Vector$1
Event: 24.512 loading class java/util/Vector$1 done
Event: 24.999 loading class java/util/Collections$UnmodifiableSortedSet
Event: 24.999 loading class java/util/Collections$UnmodifiableSortedSet done
Event: 25.181 loading class java/util/regex/Pattern$Caret
Event: 25.181 loading class java/util/regex/Pattern$Caret done
Event: 25.334 loading class java/util/function/ToIntFunction
Event: 25.335 loading class java/util/function/ToIntFunction done
Event: 25.336 loading class java/util/stream/ReferencePipeline$4
Event: 25.341 loading class java/util/stream/ReferencePipeline$4 done
Event: 25.342 loading class java/util/stream/Nodes$IntFixedNodeBuilder
Event: 25.347 loading class java/util/stream/Node$Builder$OfInt
Event: 25.347 loading class java/util/stream/Node$Builder$OfInt done
Event: 25.347 loading class java/util/stream/Nodes$IntArrayNode
Event: 25.347 loading class java/util/stream/Nodes$IntArrayNode done
Event: 25.347 loading class java/util/stream/Nodes$IntFixedNodeBuilder done
Event: 25.347 loading class java/util/stream/ReferencePipeline$4$1
Event: 25.388 loading class java/util/stream/ReferencePipeline$4$1 done


Dynamic libraries:
0x00007ff6e1be0000 - 0x00007ff6e1bee000 	c:\Users\Alizha\.vscode\extensions\redhat.java-1.28.1-win32-x64\jre\17.0.10-win32-x86_64\bin\java.exe
0x00007ffd796d0000 - 0x00007ffd798e7000 	C:\WINDOWS\SYSTEM32\ntdll.dll
0x00007ffd77fe0000 - 0x00007ffd780a4000 	C:\WINDOWS\System32\KERNEL32.DLL
0x00007ffd76f00000 - 0x00007ffd772a6000 	C:\WINDOWS\System32\KERNELBASE.dll
0x00007ffd76c00000 - 0x00007ffd76d11000 	C:\WINDOWS\System32\ucrtbase.dll
0x00007ffd6b360000 - 0x00007ffd6b377000 	c:\Users\Alizha\.vscode\extensions\redhat.java-1.28.1-win32-x64\jre\17.0.10-win32-x86_64\bin\jli.dll
0x00007ffd6b3b0000 - 0x00007ffd6b3cb000 	c:\Users\Alizha\.vscode\extensions\redhat.java-1.28.1-win32-x64\jre\17.0.10-win32-x86_64\bin\VCRUNTIME140.dll
0x00007ffd77620000 - 0x00007ffd777ce000 	C:\WINDOWS\System32\USER32.dll
0x00007ffd76a10000 - 0x00007ffd76a36000 	C:\WINDOWS\System32\win32u.dll
0x00007ffd791a0000 - 0x00007ffd791c9000 	C:\WINDOWS\System32\GDI32.dll
0x00007ffd76ae0000 - 0x00007ffd76bf8000 	C:\WINDOWS\System32\gdi32full.dll
0x00007ffd76a40000 - 0x00007ffd76ada000 	C:\WINDOWS\System32\msvcp_win.dll
0x00007ffd57370000 - 0x00007ffd57603000 	C:\WINDOWS\WinSxS\amd64_microsoft.windows.common-controls_6595b64144ccf1df_6.0.22621.2506_none_270c5ae97388e100\COMCTL32.dll
0x00007ffd791d0000 - 0x00007ffd79277000 	C:\WINDOWS\System32\msvcrt.dll
0x00007ffd78960000 - 0x00007ffd78991000 	C:\WINDOWS\System32\IMM32.DLL
0x00007ffd6b3a0000 - 0x00007ffd6b3ac000 	c:\Users\Alizha\.vscode\extensions\redhat.java-1.28.1-win32-x64\jre\17.0.10-win32-x86_64\bin\vcruntime140_1.dll
0x00007ffcf4950000 - 0x00007ffcf49dd000 	c:\Users\Alizha\.vscode\extensions\redhat.java-1.28.1-win32-x64\jre\17.0.10-win32-x86_64\bin\msvcp140.dll
0x00007ffcd88d0000 - 0x00007ffcd9532000 	c:\Users\Alizha\.vscode\extensions\redhat.java-1.28.1-win32-x64\jre\17.0.10-win32-x86_64\bin\server\jvm.dll
0x00007ffd78e70000 - 0x00007ffd78f23000 	C:\WINDOWS\System32\ADVAPI32.dll
0x00007ffd79010000 - 0x00007ffd790b8000 	C:\WINDOWS\System32\sechost.dll
0x00007ffd76ed0000 - 0x00007ffd76ef8000 	C:\WINDOWS\System32\bcrypt.dll
0x00007ffd77ec0000 - 0x00007ffd77fd7000 	C:\WINDOWS\System32\RPCRT4.dll
0x00007ffd76730000 - 0x00007ffd7677d000 	C:\WINDOWS\SYSTEM32\POWRPROF.dll
0x00007ffd6b390000 - 0x00007ffd6b399000 	C:\WINDOWS\SYSTEM32\WSOCK32.dll
0x00007ffd78f30000 - 0x00007ffd78fa1000 	C:\WINDOWS\System32\WS2_32.dll
0x00007ffd6ece0000 - 0x00007ffd6ed14000 	C:\WINDOWS\SYSTEM32\WINMM.dll
0x00007ffd6b900000 - 0x00007ffd6b90a000 	C:\WINDOWS\SYSTEM32\VERSION.dll
0x00007ffd76710000 - 0x00007ffd76723000 	C:\WINDOWS\SYSTEM32\UMPDC.dll
0x00007ffd75a20000 - 0x00007ffd75a38000 	C:\WINDOWS\SYSTEM32\kernel.appcore.dll
0x00007ffd6b350000 - 0x00007ffd6b35a000 	c:\Users\Alizha\.vscode\extensions\redhat.java-1.28.1-win32-x64\jre\17.0.10-win32-x86_64\bin\jimage.dll
0x00007ffd743f0000 - 0x00007ffd74623000 	C:\WINDOWS\SYSTEM32\DBGHELP.DLL
0x00007ffd777d0000 - 0x00007ffd77b59000 	C:\WINDOWS\System32\combase.dll
0x00007ffd77520000 - 0x00007ffd775f7000 	C:\WINDOWS\System32\OLEAUT32.dll
0x00007ffd64970000 - 0x00007ffd649a2000 	C:\WINDOWS\SYSTEM32\dbgcore.DLL
0x00007ffd76de0000 - 0x00007ffd76e5a000 	C:\WINDOWS\System32\bcryptPrimitives.dll
0x00007ffd679b0000 - 0x00007ffd679be000 	c:\Users\Alizha\.vscode\extensions\redhat.java-1.28.1-win32-x64\jre\17.0.10-win32-x86_64\bin\instrument.dll
0x00007ffd244b0000 - 0x00007ffd244d5000 	c:\Users\Alizha\.vscode\extensions\redhat.java-1.28.1-win32-x64\jre\17.0.10-win32-x86_64\bin\java.dll
0x00007ffd24470000 - 0x00007ffd24488000 	c:\Users\Alizha\.vscode\extensions\redhat.java-1.28.1-win32-x64\jre\17.0.10-win32-x86_64\bin\zip.dll
0x00007ffd780b0000 - 0x00007ffd7890b000 	C:\WINDOWS\System32\SHELL32.dll
0x00007ffd74920000 - 0x00007ffd75216000 	C:\WINDOWS\SYSTEM32\windows.storage.dll
0x00007ffd747e0000 - 0x00007ffd7491e000 	C:\WINDOWS\SYSTEM32\wintypes.dll
0x00007ffd77cc0000 - 0x00007ffd77db3000 	C:\WINDOWS\System32\SHCORE.dll
0x00007ffd77dd0000 - 0x00007ffd77e2e000 	C:\WINDOWS\System32\shlwapi.dll
0x00007ffd76940000 - 0x00007ffd76966000 	C:\WINDOWS\SYSTEM32\profapi.dll
0x00007ffd243c0000 - 0x00007ffd243d9000 	C:\Users\Alizha\.vscode\extensions\redhat.java-1.28.1-win32-x64\jre\17.0.10-win32-x86_64\bin\net.dll
0x00007ffd70790000 - 0x00007ffd708c7000 	C:\WINDOWS\SYSTEM32\WINHTTP.dll
0x00007ffd75eb0000 - 0x00007ffd75f19000 	C:\WINDOWS\system32\mswsock.dll
0x00007ffd12e70000 - 0x00007ffd12e86000 	C:\Users\Alizha\.vscode\extensions\redhat.java-1.28.1-win32-x64\jre\17.0.10-win32-x86_64\bin\nio.dll
0x00007ffd51630000 - 0x00007ffd51640000 	c:\Users\Alizha\.vscode\extensions\redhat.java-1.28.1-win32-x64\jre\17.0.10-win32-x86_64\bin\verify.dll
0x00007ffd4dd80000 - 0x00007ffd4ddbe000 	C:\Users\Alizha\AppData\Roaming\Code\User\globalStorage\redhat.java\1.28.1\config_ss_win\org.eclipse.equinox.launcher\org.eclipse.equinox.launcher.win32.win32.x86_64_1.2.900.v20240129-1338\eclipse_11900.dll
0x00007ffd79440000 - 0x00007ffd795e0000 	C:\WINDOWS\System32\ole32.dll
0x00007ffd76130000 - 0x00007ffd7614b000 	C:\WINDOWS\SYSTEM32\CRYPTSP.dll
0x00007ffd75980000 - 0x00007ffd759b5000 	C:\WINDOWS\system32\rsaenh.dll
0x00007ffd75fc0000 - 0x00007ffd75fec000 	C:\WINDOWS\SYSTEM32\USERENV.dll
0x00007ffd76120000 - 0x00007ffd7612c000 	C:\WINDOWS\SYSTEM32\CRYPTBASE.dll
0x00007ffd75480000 - 0x00007ffd754ad000 	C:\WINDOWS\SYSTEM32\IPHLPAPI.DLL
0x00007ffd789a0000 - 0x00007ffd789a9000 	C:\WINDOWS\System32\NSI.dll
0x00007ffd6f7a0000 - 0x00007ffd6f7b9000 	C:\WINDOWS\SYSTEM32\dhcpcsvc6.DLL
0x00007ffd6f510000 - 0x00007ffd6f52f000 	C:\WINDOWS\SYSTEM32\dhcpcsvc.DLL
0x00007ffd754f0000 - 0x00007ffd755e9000 	C:\WINDOWS\SYSTEM32\DNSAPI.dll
0x00007ffcd5500000 - 0x00007ffcd5545000 	C:\Users\Alizha\AppData\Local\Temp\jna-1963883701\jna12179534675203008142.dll
0x00007ffd77dc0000 - 0x00007ffd77dc8000 	C:\WINDOWS\System32\PSAPI.DLL

dbghelp: loaded successfully - version: 4.0.5 - missing functions: none
symbol engine: initialized successfully - sym options: 0x614 - pdb path: .;c:\Users\Alizha\.vscode\extensions\redhat.java-1.28.1-win32-x64\jre\17.0.10-win32-x86_64\bin;C:\WINDOWS\SYSTEM32;C:\WINDOWS\WinSxS\amd64_microsoft.windows.common-controls_6595b64144ccf1df_6.0.22621.2506_none_270c5ae97388e100;c:\Users\Alizha\.vscode\extensions\redhat.java-1.28.1-win32-x64\jre\17.0.10-win32-x86_64\bin\server;C:\Users\Alizha\AppData\Roaming\Code\User\globalStorage\redhat.java\1.28.1\config_ss_win\org.eclipse.equinox.launcher\org.eclipse.equinox.launcher.win32.win32.x86_64_1.2.900.v20240129-1338;C:\Users\Alizha\AppData\Local\Temp\jna-1963883701

VM Arguments:
jvm_args: --add-modules=ALL-SYSTEM --add-opens=java.base/java.util=ALL-UNNAMED --add-opens=java.base/java.lang=ALL-UNNAMED --add-opens=java.base/sun.nio.fs=ALL-UNNAMED -Declipse.application=org.eclipse.jdt.ls.core.id1 -Dosgi.bundles.defaultStartLevel=4 -Declipse.product=org.eclipse.jdt.ls.core.product -Djava.import.generatesMetadataFilesAtProjectRoot=false -DDetectVMInstallationsJob.disabled=true -Dfile.encoding=utf8 -XX:+UseParallelGC -XX:GCTimeRatio=4 -XX:AdaptiveSizePolicyWeight=90 -Dsun.zip.disableMemoryMapping=true -Xmx1G -Xms100m -Xlog:disable -javaagent:c:\Users\Alizha\.vscode\extensions\redhat.java-1.28.1-win32-x64\lombok\lombok-1.18.31.jar 
java_command: c:\Users\Alizha\.vscode\extensions\redhat.java-1.28.1-win32-x64\server\plugins\org.eclipse.equinox.launcher_1.6.700.v20231214-2017.jar -configuration c:\Users\Alizha\AppData\Roaming\Code\User\globalStorage\redhat.java\1.28.1\config_ss_win -data c:\Users\Alizha\AppData\Roaming\Code\User\workspaceStorage\8d68d11bca368d431e0ffcbe580ad2c9\redhat.java\ss_ws --stdio
java_class_path (initial): c:\Users\Alizha\.vscode\extensions\redhat.java-1.28.1-win32-x64\server\plugins\org.eclipse.equinox.launcher_1.6.700.v20231214-2017.jar
Launcher Type: SUN_STANDARD

[Global flags]
    uintx AdaptiveSizePolicyWeight                 = 90                                        {product} {command line}
     intx CICompilerCount                          = 4                                         {product} {ergonomic}
    uintx GCTimeRatio                              = 4                                         {product} {command line}
   size_t InitialHeapSize                          = 104857600                                 {product} {command line}
   size_t MaxHeapSize                              = 1073741824                                {product} {command line}
   size_t MaxNewSize                               = 357564416                                 {product} {ergonomic}
   size_t MinHeapDeltaBytes                        = 524288                                    {product} {ergonomic}
   size_t MinHeapSize                              = 104857600                                 {product} {command line}
   size_t NewSize                                  = 34603008                                  {product} {ergonomic}
    uintx NonNMethodCodeHeapSize                   = 5839372                                {pd product} {ergonomic}
    uintx NonProfiledCodeHeapSize                  = 122909434                              {pd product} {ergonomic}
   size_t OldSize                                  = 70254592                                  {product} {ergonomic}
    uintx ProfiledCodeHeapSize                     = 122909434                              {pd product} {ergonomic}
    uintx ReservedCodeCacheSize                    = 251658240                              {pd product} {ergonomic}
     bool SegmentedCodeCache                       = true                                      {product} {ergonomic}
   size_t SoftMaxHeapSize                          = 1073741824                             {manageable} {ergonomic}
     bool UseCompressedClassPointers               = true                           {product lp64_product} {ergonomic}
     bool UseCompressedOops                        = true                           {product lp64_product} {ergonomic}
     bool UseLargePagesIndividualAllocation        = false                                  {pd product} {ergonomic}
     bool UseParallelGC                            = true                                      {product} {command line}

Logging:
Log output configuration:
 #0: stdout all=off uptime,level,tags
 #1: stderr all=off uptime,level,tags

Environment Variables:
JAVA_HOME=C:\Program Files\Java\jdk-17
PATH=C:\Program Files\Common Files\Oracle\Java\javapath;C:\Program Files (x86)\Common Files\Oracle\Java\javapath;C:\Program Files\PostgreSQL\15\bin;C:\WINDOWS\system32;C:\WINDOWS;C:\WINDOWS\System32\Wbem;C:\WINDOWS\System32\WindowsPowerShell\v1.0\;C:\WINDOWS\System32\OpenSSH\;C:\Program Files\kotlinc\bin;C:\Program Files\PuTTY\;C:\Program Files\Git\cmd;C:\Program Files\Docker\Docker\resources\bin;C:\Program Files\Java\jdk-17;C:\Users\Alizha\AppData\Local\Programs\Python\Python39\Scripts\;C:\Users\Alizha\AppData\Local\Programs\Python\Python39\;C:\Users\Alizha\AppData\Local\Microsoft\WindowsApps;D:\Microsoft VS Code\bin;C:\Program Files\Git;C:\Users\Alizha\c sosi\MinGW\bin;C:\Users\Alizha\Flutter\flutter_windows_3.3.7-stable\flutter\bin;
USERNAME=Alizha
OS=Windows_NT
PROCESSOR_IDENTIFIER=AMD64 Family 23 Model 104 Stepping 1, AuthenticAMD
TMP=C:\Users\Alizha\AppData\Local\Temp
TEMP=C:\Users\Alizha\AppData\Local\Temp



Periodic native trim disabled


---------------  S Y S T E M  ---------------

OS:
 Windows 11 , 64 bit Build 22621 (10.0.22621.3085)
OS uptime: 0 days 15:00 hours
Hyper-V role detected

CPU: total 12 (initial active 12) (12 cores per cpu, 2 threads per core) family 23 model 104 stepping 1 microcode 0x0, cx8, cmov, fxsr, ht, mmx, 3dnowpref, sse, sse2, sse3, ssse3, sse4a, sse4.1, sse4.2, popcnt, lzcnt, tsc, tscinvbit, avx, avx2, aes, clmul, bmi1, bmi2, adx, sha, fma, vzeroupper, clflush, clflushopt, hv
Processor Information for all 12 processors :
  Max Mhz: 2100, Current Mhz: 1893, Mhz Limit: 2100

Memory: 4k page, system-wide physical 6005M (228M free)
TotalPageFile size 24437M (AvailPageFile size 3M)
current process WorkingSet (physical memory assigned to process): 176M, peak: 180M
current process commit charge ("private bytes"): 278M, peak: 280M

vm_info: OpenJDK 64-Bit Server VM (17.0.10+7) for windows-amd64 JRE (17.0.10+7), built on Jan 16 2024 23:25:11 by "admin" with MS VC++ 16.10 / 16.11 (VS2019)

END.
