#
# There is insufficient memory for the Java Runtime Environment to continue.
# Native memory allocation (mmap) failed to map 65536 bytes for Failed to commit metaspace.
# Possible reasons:
#   The system is out of physical RAM or swap space
#   The process is running with CompressedOops enabled, and the Java Heap may be blocking the growth of the native heap
# Possible solutions:
#   Reduce memory load on the system
#   Increase physical memory or swap space
#   Check if swap backing store is full
#   Decrease Java heap size (-Xmx/-Xms)
#   Decrease number of Java threads
#   Decrease Java thread stack sizes (-Xss)
#   Set larger code cache with -XX:ReservedCodeCacheSize=
#   JVM is running with Unscaled Compressed Oops mode in which the Java heap is
#     placed in the first 4GB address space. The Java Heap base address is the
#     maximum limit for the native heap growth. Please use -XX:HeapBaseMinAddress
#     to set the Java Heap base and to place the Java Heap above 4GB virtual address.
# This output file may be truncated or incomplete.
#
#  Out of Memory Error (virtualSpaceNode.cpp:110), pid=27128, tid=20328
#
# JRE version: OpenJDK Runtime Environment Temurin-17.0.10+7 (17.0.10+7) (build 17.0.10+7)
# Java VM: OpenJDK 64-Bit Server VM Temurin-17.0.10+7 (17.0.10+7, mixed mode, tiered, compressed oops, compressed class ptrs, parallel gc, windows-amd64)
# No core dump will be written. Minidumps are not enabled by default on client versions of Windows
#

---------------  S U M M A R Y ------------

Command Line: --add-modules=ALL-SYSTEM --add-opens=java.base/java.util=ALL-UNNAMED --add-opens=java.base/java.lang=ALL-UNNAMED --add-opens=java.base/sun.nio.fs=ALL-UNNAMED -Declipse.application=org.eclipse.jdt.ls.core.id1 -Dosgi.bundles.defaultStartLevel=4 -Declipse.product=org.eclipse.jdt.ls.core.product -Djava.import.generatesMetadataFilesAtProjectRoot=false -DDetectVMInstallationsJob.disabled=true -Dfile.encoding=utf8 -XX:+UseParallelGC -XX:GCTimeRatio=4 -XX:AdaptiveSizePolicyWeight=90 -Dsun.zip.disableMemoryMapping=true -Xmx1G -Xms100m -Xlog:disable -javaagent:c:\Users\Alizha\.vscode\extensions\redhat.java-1.28.1-win32-x64\lombok\lombok-1.18.31.jar -XX:+HeapDumpOnOutOfMemoryError -XX:HeapDumpPath=c:\Users\Alizha\AppData\Roaming\Code\User\workspaceStorage\8d68d11bca368d431e0ffcbe580ad2c9\redhat.java -Daether.dependencyCollector.impl=bf c:\Users\Alizha\.vscode\extensions\redhat.java-1.28.1-win32-x64\server\plugins\org.eclipse.equinox.launcher_1.6.700.v20231214-2017.jar -configuration c:\Users\Alizha\AppData\Roaming\Code\User\globalStorage\redhat.java\1.28.1\config_win -data c:\Users\Alizha\AppData\Roaming\Code\User\workspaceStorage\8d68d11bca368d431e0ffcbe580ad2c9\redhat.java\jdt_ws --stdio

Host: AMD Ryzen 5 5500U with Radeon Graphics         , 12 cores, 5G,  Windows 11 , 64 bit Build 22621 (10.0.22621.3085)
Time: Fri Mar  1 13:45:49 2024 SE Asia Standard Time elapsed time: 0.286098 seconds (0d 0h 0m 0s)

---------------  T H R E A D  ---------------

Current thread (0x000001fa06e12e60):  JavaThread "main" [_thread_in_vm, id=20328, stack(0x000000d876a00000,0x000000d876b00000)]

Stack: [0x000000d876a00000,0x000000d876b00000]
Native frames: (J=compiled Java code, j=interpreted, Vv=VM code, C=native code)
V  [jvm.dll+0x67d2c9]
V  [jvm.dll+0x834afa]
V  [jvm.dll+0x8365be]
V  [jvm.dll+0x836c23]
V  [jvm.dll+0x2477ff]
V  [jvm.dll+0x8307bb]
V  [jvm.dll+0x621d16]
V  [jvm.dll+0x621d7a]
V  [jvm.dll+0x6245aa]
V  [jvm.dll+0x6226b6]
V  [jvm.dll+0x6339ea]
V  [jvm.dll+0x62c7ca]
V  [jvm.dll+0x215fd1]
V  [jvm.dll+0x216109]
V  [jvm.dll+0x383b59]
V  [jvm.dll+0x38395d]
C  0x000001fa10fdc866

The last pc belongs to method entry point (kind = zerolocals) (printed below).
Java frames: (J=compiled Java code, j=interpreted, Vv=VM code)
j  java.util.concurrent.ConcurrentHashMap.putIfAbsent(Ljava/lang/Object;Ljava/lang/Object;)Ljava/lang/Object;+0 java.base@17.0.10
j  jdk.internal.loader.BuiltinClassLoader.loadModule(Ljava/lang/module/ModuleReference;)V+102 java.base@17.0.10
j  jdk.internal.loader.BootLoader.loadModule(Ljava/lang/module/ModuleReference;)V+4 java.base@17.0.10
j  jdk.internal.module.ModuleBootstrap.loadModules(Ljava/lang/module/Configuration;Ljava/util/function/Function;)V+71 java.base@17.0.10
j  jdk.internal.module.ModuleBootstrap.boot2()Ljava/lang/ModuleLayer;+1191 java.base@17.0.10
j  jdk.internal.module.ModuleBootstrap.boot()Ljava/lang/ModuleLayer;+64 java.base@17.0.10
j  java.lang.System.initPhase2(ZZ)I+0 java.base@17.0.10
v  ~StubRoutines::call_stub
method entry point (kind = zerolocals)  [0x000001fa10fdc520, 0x000001fa10fdc8c0]  928 bytes
[MachCode]
  0x000001fa10fdc520: 488b 5308 | 0fb7 4a2c | 0fb7 522a | 2bd1 81fa | f501 0000 | 0f86 2500 | 0000 488b | c248 c1e0 
  0x000001fa10fdc540: 0348 83c0 | 5849 0387 | c003 0000 | 483b e00f | 870a 0000 | 0058 498b | e550 e921 | c3ff ff58 
  0x000001fa10fdc560: 4c8d 74cc | f885 d20f | 8e09 0000 | 0068 0000 | 0000 ffca | 7ff7 5055 | 488b ec41 | 5568 0000 
  0x000001fa10fdc580: 0000 4c8b | 6b08 4d8d | 6d30 5348 | 8b53 0848 | 8b52 0848 | 8b52 1848 | 8b52 7048 | 8b12 5248 
  0x000001fa10fdc5a0: 8b53 1048 | 85d2 0f84 | 0700 0000 | 4881 c208 | 0100 0052 | 488b 5308 | 488b 5208 | 488b 5210 
  0x000001fa10fdc5c0: 5241 5641 | 5568 0000 | 0000 4889 | 2424 41c6 | 8779 0300 | 0001 488b | 45d8 4885 | c00f 8484 
  0x000001fa10fdc5e0: 0000 008b | 48fc 85c9 | 0f88 7900 | 0000 4803 | c148 8b48 | 0848 83e9 | 0248 8b54 | c810 48f7 
  0x000001fa10fdc600: da49 8b14 | d648 85d2 | 7508 4883 | 4cc8 1801 | eb4f 8b52 | 0848 c1e2 | 0348 3354 | c818 48f7 
  0x000001fa10fdc620: c2fc ffff | ff74 3a48 | f7c2 0200 | 0000 7531 | 4881 7cc8 | 1800 0000 | 0074 2148 | 817c c818 
  0x000001fa10fdc640: 0100 0000 | 7416 4833 | 54c8 1848 | f7c2 fcff | ffff 740d | 4883 4cc8 | 1802 eb05 | 4889 54c8 
  0x000001fa10fdc660: 1848 83e9 | 0279 9248 | 8b43 1048 | 85c0 7420 | 8b88 cc00 | 0000 83c1 | 0289 88cc | 0000 0023 
  0x000001fa10fdc680: 88e0 0000 | 000f 8478 | 0100 00e9 | d100 0000 | 488b 4318 | 4885 c00f | 85b2 0000 | 00e8 0500 
  0x000001fa10fdc6a0: 0000 e99b | 0000 0048 | 8bd3 488d | 4424 084c | 896d c049 | 8bcf c5f8 | 7749 89af | a802 0000 
  0x000001fa10fdc6c0: 4989 8798 | 0200 0048 | 83ec 20f7 | c40f 0000 | 000f 841a | 0000 0048 | 83ec 0849 | ba50 2ec5 
  0x000001fa10fdc6e0: d8fc 7f00 | 0041 ffd2 | 4883 c408 | e90d 0000 | 0049 ba50 | 2ec5 d8fc | 7f00 0041 | ffd2 4883 
  0x000001fa10fdc700: c420 49c7 | 8798 0200 | 0000 0000 | 0049 c787 | a802 0000 | 0000 0000 | 49c7 87a0 | 0200 0000 
  0x000001fa10fdc720: 0000 00c5 | f877 4981 | 7f08 0000 | 0000 0f84 | 0500 0000 | e9c7 47ff | ff4c 8b6d | c04c 8b75 
  0x000001fa10fdc740: c8c3 488b | 4318 4885 | c00f 8412 | 0000 008b | 4808 83c1 | 0289 4808 | 2348 200f | 84a2 0000 
  0x000001fa10fdc760: 0089 8424 | 00f0 ffff | 8984 2400 | e0ff ff89 | 8424 00d0 | ffff 8984 | 2400 c0ff | ff89 8424 
  0x000001fa10fdc780: 00b0 ffff | 8984 2400 | a0ff ff89 | 8424 0090 | ffff 41c6 | 8779 0300 | 0000 49ba | 7935 45d9 
  0x000001fa10fdc7a0: fc7f 0000 | 4180 3a00 | 0f84 4200 | 0000 488b | 55e8 498b | cf48 83ec | 20f7 c40f | 0000 000f 
  0x000001fa10fdc7c0: 841a 0000 | 0048 83ec | 0849 ba00 | 30fb d8fc | 7f00 0041 | ffd2 4883 | c408 e90d | 0000 0049 
  0x000001fa10fdc7e0: ba00 30fb | d8fc 7f00 | 0041 ffd2 | 4883 c420 | 410f b65d | 0049 ba90 | a947 d9fc | 7f00 0041 
  0x000001fa10fdc800: ff24 daba | 0000 0000 | e805 0000 | 00e9 9800 | 0000 488d | 4424 084c | 896d c049 | 8bcf c5f8 
  0x000001fa10fdc820: 7749 89af | a802 0000 | 4989 8798 | 0200 0048 | 83ec 20f7 | c40f 0000 | 000f 841a | 0000 0048 
  0x000001fa10fdc840: 83ec 0849 | ba40 39c5 | d8fc 7f00 | 0041 ffd2 | 4883 c408 | e90d 0000 | 0049 ba40 | 39c5 d8fc 
  0x000001fa10fdc860: 7f00 0041 | ffd2 4883 | c420 49c7 | 8798 0200 | 0000 0000 | 0049 c787 | a802 0000 | 0000 0000 
  0x000001fa10fdc880: 49c7 87a0 | 0200 0000 | 0000 00c5 | f877 4981 | 7f08 0000 | 0000 0f84 | 0500 0000 | e95f 46ff 
  0x000001fa10fdc8a0: ff4c 8b6d | c04c 8b75 | c8c3 488b | 5de8 e9ae | feff ff0f | 1f44 0000 | 0000 0000 | 0000 0000 
[/MachCode]

---------------  P R O C E S S  ---------------

Threads class SMR info:
_java_thread_list=0x000001fa1fe85090, length=11, elements={
0x000001fa06e12e60, 0x000001fa1ac94020, 0x000001fa1ac949f0, 0x000001fa1fd89f20,
0x000001fa1fd8a990, 0x000001fa1fd8bc00, 0x000001fa1fd8cf10, 0x000001fa1fd94f70,
0x000001fa1fd95880, 0x000001fa1fd96930, 0x000001fa06e73970
}

Java Threads: ( => current thread )
=>0x000001fa06e12e60 JavaThread "main" [_thread_in_vm, id=20328, stack(0x000000d876a00000,0x000000d876b00000)]
  0x000001fa1ac94020 JavaThread "Reference Handler" daemon [_thread_blocked, id=29596, stack(0x000000d876d00000,0x000000d876e00000)]
  0x000001fa1ac949f0 JavaThread "Finalizer" daemon [_thread_blocked, id=36588, stack(0x000000d876e00000,0x000000d876f00000)]
  0x000001fa1fd89f20 JavaThread "Signal Dispatcher" daemon [_thread_blocked, id=40376, stack(0x000000d876f00000,0x000000d877000000)]
  0x000001fa1fd8a990 JavaThread "Attach Listener" daemon [_thread_blocked, id=34640, stack(0x000000d877000000,0x000000d877100000)]
  0x000001fa1fd8bc00 JavaThread "Service Thread" daemon [_thread_blocked, id=23092, stack(0x000000d877100000,0x000000d877200000)]
  0x000001fa1fd8cf10 JavaThread "Monitor Deflation Thread" daemon [_thread_blocked, id=31728, stack(0x000000d877200000,0x000000d877300000)]
  0x000001fa1fd94f70 JavaThread "C2 CompilerThread0" daemon [_thread_blocked, id=7880, stack(0x000000d877300000,0x000000d877400000)]
  0x000001fa1fd95880 JavaThread "C1 CompilerThread0" daemon [_thread_blocked, id=2364, stack(0x000000d877400000,0x000000d877500000)]
  0x000001fa1fd96930 JavaThread "Sweeper thread" daemon [_thread_blocked, id=35788, stack(0x000000d877500000,0x000000d877600000)]
  0x000001fa06e73970 JavaThread "Common-Cleaner" daemon [_thread_blocked, id=16448, stack(0x000000d877600000,0x000000d877700000)]

Other Threads:
  0x000001fa06ebe920 VMThread "VM Thread" [stack: 0x000000d876c00000,0x000000d876d00000] [id=34236]
  0x000001fa06e260c0 GCTaskThread "GC Thread#0" [stack: 0x000000d876b00000,0x000000d876c00000] [id=10644]

Threads with active compile tasks:
C1 CompilerThread0      320  158       3       java.util.concurrent.ConcurrentHashMap::putIfAbsent (8 bytes)

VM state: not at safepoint (normal execution)

VM Mutex/Monitor currently owned by a thread:  ([mutex/lock_event])
[0x000001fa06e0d790] Metaspace_lock - owner thread: 0x000001fa06e12e60
[0x000001fa06e0f520] MethodData_lock - owner thread: 0x000001fa06e12e60

Heap address: 0x00000000c0000000, size: 1024 MB, Compressed Oops mode: 32-bit

CDS archive(s) not mapped
Compressed class space mapped at: 0x0000000100000000-0x0000000140000000, reserved size: 1073741824
Narrow klass base: 0x0000000000000000, Narrow klass shift: 3, Narrow klass range: 0x140000000

GC Precious Log:
 CPUs: 12 total, 12 available
 Memory: 6005M
 Large Page Support: Disabled
 NUMA Support: Disabled
 Compressed Oops: Enabled (32-bit)
 Alignments: Space 512K, Generation 512K, Heap 2M
 Heap Min Capacity: 100M
 Heap Initial Capacity: 100M
 Heap Max Capacity: 1G
 Pre-touch: Disabled
 Parallel Workers: 10

Heap:
 PSYoungGen      total 29696K, used 2560K [0x00000000eab00000, 0x00000000ecc00000, 0x0000000100000000)
  eden space 25600K, 10% used [0x00000000eab00000,0x00000000ead802d0,0x00000000ec400000)
  from space 4096K, 0% used [0x00000000ec800000,0x00000000ec800000,0x00000000ecc00000)
  to   space 4096K, 0% used [0x00000000ec400000,0x00000000ec400000,0x00000000ec800000)
 ParOldGen       total 68608K, used 0K [0x00000000c0000000, 0x00000000c4300000, 0x00000000eab00000)
  object space 68608K, 0% used [0x00000000c0000000,0x00000000c0000000,0x00000000c4300000)
 Metaspace       used 4371K, committed 4544K, reserved 1114112K
  class space    used 401K, committed 512K, reserved 1048576K

Card table byte_map: [0x000001fa067a0000,0x000001fa069b0000] _byte_map_base: 0x000001fa061a0000

Marking Bits: (ParMarkBitMap*) 0x00007ffcd946d7d0
 Begin Bits: [0x000001fa18aa0000, 0x000001fa19aa0000)
 End Bits:   [0x000001fa19aa0000, 0x000001fa1aaa0000)

Polling page: 0x000001fa04b20000

Metaspace:

Usage:
  Non-class:      3.88 MB used.
      Class:    401.77 KB used.
       Both:      4.27 MB used.

Virtual space:
  Non-class space:       64.00 MB reserved,       3.94 MB (  6%) committed,  1 nodes.
      Class space:        1.00 GB reserved,     512.00 KB ( <1%) committed,  1 nodes.
             Both:        1.06 GB reserved,       4.44 MB ( <1%) committed. 

Chunk freelists:
   Non-Class:  12.00 MB
       Class:  15.56 MB
        Both:  27.56 MB

MaxMetaspaceSize: unlimited
CompressedClassSpaceSize: 1.00 GB
Initial GC threshold: 21.00 MB
Current GC threshold: 21.00 MB
CDS: off
MetaspaceReclaimPolicy: balanced
 - commit_granule_bytes: 65536.
 - commit_granule_words: 8192.
 - virtual_space_node_default_size: 8388608.
 - enlarge_chunks_in_place: 1.
 - new_chunks_are_fully_committed: 0.
 - uncommit_free_chunks: 1.
 - use_allocation_guard: 0.
 - handle_deallocations: 1.


Internal statistics:

num_allocs_failed_limit: 0.
num_arena_births: 6.
num_arena_deaths: 0.
num_vsnodes_births: 2.
num_vsnodes_deaths: 0.
num_space_committed: 71.
num_space_uncommitted: 0.
num_chunks_returned_to_freelist: 0.
num_chunks_taken_from_freelist: 9.
num_chunk_merges: 0.
num_chunk_splits: 5.
num_chunks_enlarged: 2.
num_inconsistent_stats: 0.

CodeHeap 'non-profiled nmethods': size=120000Kb used=51Kb max_used=51Kb free=119948Kb
 bounds [0x000001fa11570000, 0x000001fa117e0000, 0x000001fa18aa0000]
CodeHeap 'profiled nmethods': size=120000Kb used=175Kb max_used=175Kb free=119824Kb
 bounds [0x000001fa09aa0000, 0x000001fa09d10000, 0x000001fa10fd0000]
CodeHeap 'non-nmethods': size=5760Kb used=1067Kb max_used=1082Kb free=4692Kb
 bounds [0x000001fa10fd0000, 0x000001fa11240000, 0x000001fa11570000]
 total_blobs=493 nmethods=157 adapters=251
 compilation: enabled
              stopped_count=0, restarted_count=0
 full_count=0

Compilation events (20 events):
Event: 0.272 Thread 0x000001fa1fd94f70  141       4       java.util.ImmutableCollections$SetN$SetNIterator::hasNext (13 bytes)
Event: 0.272 Thread 0x000001fa1fd95880  147       3       java.lang.StringLatin1::lastIndexOf (125 bytes)
Event: 0.273 Thread 0x000001fa1fd94f70 nmethod 141 0x000001fa1157ab90 code [0x000001fa1157ad00, 0x000001fa1157ad98]
Event: 0.273 Thread 0x000001fa1fd95880 nmethod 147 0x000001fa09ac9c10 code [0x000001fa09ac9de0, 0x000001fa09aca278]
Event: 0.273 Thread 0x000001fa1fd95880  148       3       java.util.HashMap::containsKey (14 bytes)
Event: 0.273 Thread 0x000001fa1fd94f70  144       4       java.lang.module.ModuleDescriptor$Exports::isQualified (18 bytes)
Event: 0.273 Thread 0x000001fa1fd95880 nmethod 148 0x000001fa09aca510 code [0x000001fa09aca6c0, 0x000001fa09aca868]
Event: 0.273 Thread 0x000001fa1fd95880  149       3       java.util.ImmutableCollections$Set12$1::next (95 bytes)
Event: 0.273 Thread 0x000001fa1fd95880 nmethod 149 0x000001fa09aca910 code [0x000001fa09acaac0, 0x000001fa09acad48]
Event: 0.274 Thread 0x000001fa1fd95880  152       3       java.util.HashSet::<init> (16 bytes)
Event: 0.274 Thread 0x000001fa1fd94f70 nmethod 144 0x000001fa1157ae90 code [0x000001fa1157b020, 0x000001fa1157b0f8]
Event: 0.274 Thread 0x000001fa1fd94f70  150       4       java.util.HashMap::putVal (300 bytes)
Event: 0.274 Thread 0x000001fa1fd95880 nmethod 152 0x000001fa09acae90 code [0x000001fa09acb060, 0x000001fa09acb418]
Event: 0.274 Thread 0x000001fa1fd95880  153       3       java.util.AbstractMap::<init> (5 bytes)
Event: 0.274 Thread 0x000001fa1fd95880 nmethod 153 0x000001fa09acb590 code [0x000001fa09acb720, 0x000001fa09acb878]
Event: 0.276 Thread 0x000001fa1fd95880  155       1       java.util.KeyValueHolder::getKey (5 bytes)
Event: 0.276 Thread 0x000001fa1fd95880 nmethod 155 0x000001fa1157b210 code [0x000001fa1157b3a0, 0x000001fa1157b478]
Event: 0.276 Thread 0x000001fa1fd95880  156       1       java.util.KeyValueHolder::getValue (5 bytes)
Event: 0.276 Thread 0x000001fa1fd95880 nmethod 156 0x000001fa1157b510 code [0x000001fa1157b6a0, 0x000001fa1157b778]
Event: 0.281 Thread 0x000001fa1fd95880  157       3       java.util.concurrent.ConcurrentHashMap::casTabAt (21 bytes)

GC Heap History (0 events):
No events

Dll operation events (1 events):
Event: 0.019 Loaded shared library c:\Users\Alizha\.vscode\extensions\redhat.java-1.28.1-win32-x64\jre\17.0.10-win32-x86_64\bin\java.dll

Deoptimization events (0 events):
No events

Classes unloaded (0 events):
No events

Classes redefined (0 events):
No events

Internal exceptions (1 events):
Event: 0.259 Thread 0x000001fa06e12e60 Exception <a 'java/lang/NoSuchMethodError'{0x00000000eacb5298}: 'void java.lang.invoke.DirectMethodHandle$Holder.invokeStatic(java.lang.Object, java.lang.Object, java.lang.Object)'> (0x00000000eacb5298) 
thrown [s\src\hotspot\share\interpreter\linkResolver.cpp, line 759]

VM Operations (2 events):
Event: 0.265 Executing VM operation: HandshakeAllThreads
Event: 0.265 Executing VM operation: HandshakeAllThreads done

Events (20 events):
Event: 0.264 loading class java/lang/ModuleLayer
Event: 0.264 loading class java/lang/ModuleLayer done
Event: 0.264 loading class java/util/HashMap$Values
Event: 0.264 loading class java/util/HashMap$Values done
Event: 0.264 loading class java/util/HashMap$ValueIterator
Event: 0.264 loading class java/util/HashMap$ValueIterator done
Event: 0.264 loading class java/util/LinkedHashSet
Event: 0.264 loading class java/util/LinkedHashSet done
Event: 0.264 loading class java/util/LinkedHashMap
Event: 0.265 loading class java/util/LinkedHashMap done
Event: 0.265 loading class java/util/Collections$UnmodifiableCollection$1
Event: 0.265 loading class java/util/Collections$UnmodifiableCollection$1 done
Event: 0.266 loading class java/lang/module/ResolvedModule
Event: 0.266 loading class java/lang/module/ResolvedModule done
Event: 0.276 loading class jdk/internal/module/ModuleLoaderMap
Event: 0.276 loading class jdk/internal/module/ModuleLoaderMap done
Event: 0.276 loading class jdk/internal/module/ModuleLoaderMap$Mapper
Event: 0.277 loading class jdk/internal/module/ModuleLoaderMap$Mapper done
Event: 0.278 loading class jdk/internal/module/ModuleLoaderMap$Modules
Event: 0.279 loading class jdk/internal/module/ModuleLoaderMap$Modules done


Dynamic libraries:
0x00007ff6e1be0000 - 0x00007ff6e1bee000 	c:\Users\Alizha\.vscode\extensions\redhat.java-1.28.1-win32-x64\jre\17.0.10-win32-x86_64\bin\java.exe
0x00007ffd796d0000 - 0x00007ffd798e7000 	C:\WINDOWS\SYSTEM32\ntdll.dll
0x00007ffd77fe0000 - 0x00007ffd780a4000 	C:\WINDOWS\System32\KERNEL32.DLL
0x00007ffd76f00000 - 0x00007ffd772a6000 	C:\WINDOWS\System32\KERNELBASE.dll
0x00007ffd76c00000 - 0x00007ffd76d11000 	C:\WINDOWS\System32\ucrtbase.dll
0x00007ffd6b360000 - 0x00007ffd6b377000 	c:\Users\Alizha\.vscode\extensions\redhat.java-1.28.1-win32-x64\jre\17.0.10-win32-x86_64\bin\jli.dll
0x00007ffd77620000 - 0x00007ffd777ce000 	C:\WINDOWS\System32\USER32.dll
0x00007ffd76a10000 - 0x00007ffd76a36000 	C:\WINDOWS\System32\win32u.dll
0x00007ffd791a0000 - 0x00007ffd791c9000 	C:\WINDOWS\System32\GDI32.dll
0x00007ffd76ae0000 - 0x00007ffd76bf8000 	C:\WINDOWS\System32\gdi32full.dll
0x00007ffd76a40000 - 0x00007ffd76ada000 	C:\WINDOWS\System32\msvcp_win.dll
0x00007ffd6b3b0000 - 0x00007ffd6b3cb000 	c:\Users\Alizha\.vscode\extensions\redhat.java-1.28.1-win32-x64\jre\17.0.10-win32-x86_64\bin\VCRUNTIME140.dll
0x00007ffd57370000 - 0x00007ffd57603000 	C:\WINDOWS\WinSxS\amd64_microsoft.windows.common-controls_6595b64144ccf1df_6.0.22621.2506_none_270c5ae97388e100\COMCTL32.dll
0x00007ffd791d0000 - 0x00007ffd79277000 	C:\WINDOWS\System32\msvcrt.dll
0x00007ffd78960000 - 0x00007ffd78991000 	C:\WINDOWS\System32\IMM32.DLL
0x00007ffd6b3a0000 - 0x00007ffd6b3ac000 	c:\Users\Alizha\.vscode\extensions\redhat.java-1.28.1-win32-x64\jre\17.0.10-win32-x86_64\bin\vcruntime140_1.dll
0x00007ffcf4950000 - 0x00007ffcf49dd000 	c:\Users\Alizha\.vscode\extensions\redhat.java-1.28.1-win32-x64\jre\17.0.10-win32-x86_64\bin\msvcp140.dll
0x00007ffcd88d0000 - 0x00007ffcd9532000 	c:\Users\Alizha\.vscode\extensions\redhat.java-1.28.1-win32-x64\jre\17.0.10-win32-x86_64\bin\server\jvm.dll
0x00007ffd78e70000 - 0x00007ffd78f23000 	C:\WINDOWS\System32\ADVAPI32.dll
0x00007ffd79010000 - 0x00007ffd790b8000 	C:\WINDOWS\System32\sechost.dll
0x00007ffd76ed0000 - 0x00007ffd76ef8000 	C:\WINDOWS\System32\bcrypt.dll
0x00007ffd77ec0000 - 0x00007ffd77fd7000 	C:\WINDOWS\System32\RPCRT4.dll
0x00007ffd6b390000 - 0x00007ffd6b399000 	C:\WINDOWS\SYSTEM32\WSOCK32.dll
0x00007ffd76730000 - 0x00007ffd7677d000 	C:\WINDOWS\SYSTEM32\POWRPROF.dll
0x00007ffd6b900000 - 0x00007ffd6b90a000 	C:\WINDOWS\SYSTEM32\VERSION.dll
0x00007ffd78f30000 - 0x00007ffd78fa1000 	C:\WINDOWS\System32\WS2_32.dll
0x00007ffd6ece0000 - 0x00007ffd6ed14000 	C:\WINDOWS\SYSTEM32\WINMM.dll
0x00007ffd76710000 - 0x00007ffd76723000 	C:\WINDOWS\SYSTEM32\UMPDC.dll
0x00007ffd75a20000 - 0x00007ffd75a38000 	C:\WINDOWS\SYSTEM32\kernel.appcore.dll
0x00007ffd6b350000 - 0x00007ffd6b35a000 	c:\Users\Alizha\.vscode\extensions\redhat.java-1.28.1-win32-x64\jre\17.0.10-win32-x86_64\bin\jimage.dll
0x00007ffd743f0000 - 0x00007ffd74623000 	C:\WINDOWS\SYSTEM32\DBGHELP.DLL
0x00007ffd777d0000 - 0x00007ffd77b59000 	C:\WINDOWS\System32\combase.dll
0x00007ffd77520000 - 0x00007ffd775f7000 	C:\WINDOWS\System32\OLEAUT32.dll
0x00007ffd64970000 - 0x00007ffd649a2000 	C:\WINDOWS\SYSTEM32\dbgcore.DLL
0x00007ffd76de0000 - 0x00007ffd76e5a000 	C:\WINDOWS\System32\bcryptPrimitives.dll
0x00007ffd679b0000 - 0x00007ffd679be000 	c:\Users\Alizha\.vscode\extensions\redhat.java-1.28.1-win32-x64\jre\17.0.10-win32-x86_64\bin\instrument.dll
0x00007ffd244b0000 - 0x00007ffd244d5000 	c:\Users\Alizha\.vscode\extensions\redhat.java-1.28.1-win32-x64\jre\17.0.10-win32-x86_64\bin\java.dll
0x00007ffd24470000 - 0x00007ffd24488000 	c:\Users\Alizha\.vscode\extensions\redhat.java-1.28.1-win32-x64\jre\17.0.10-win32-x86_64\bin\zip.dll
0x00007ffd780b0000 - 0x00007ffd7890b000 	C:\WINDOWS\System32\SHELL32.dll
0x00007ffd74920000 - 0x00007ffd75216000 	C:\WINDOWS\SYSTEM32\windows.storage.dll
0x00007ffd747e0000 - 0x00007ffd7491e000 	C:\WINDOWS\SYSTEM32\wintypes.dll
0x00007ffd77cc0000 - 0x00007ffd77db3000 	C:\WINDOWS\System32\SHCORE.dll
0x00007ffd77dd0000 - 0x00007ffd77e2e000 	C:\WINDOWS\System32\shlwapi.dll
0x00007ffd76940000 - 0x00007ffd76966000 	C:\WINDOWS\SYSTEM32\profapi.dll

dbghelp: loaded successfully - version: 4.0.5 - missing functions: none
symbol engine: initialized successfully - sym options: 0x614 - pdb path: .;c:\Users\Alizha\.vscode\extensions\redhat.java-1.28.1-win32-x64\jre\17.0.10-win32-x86_64\bin;C:\WINDOWS\SYSTEM32;C:\WINDOWS\WinSxS\amd64_microsoft.windows.common-controls_6595b64144ccf1df_6.0.22621.2506_none_270c5ae97388e100;c:\Users\Alizha\.vscode\extensions\redhat.java-1.28.1-win32-x64\jre\17.0.10-win32-x86_64\bin\server

VM Arguments:
jvm_args: --add-modules=ALL-SYSTEM --add-opens=java.base/java.util=ALL-UNNAMED --add-opens=java.base/java.lang=ALL-UNNAMED --add-opens=java.base/sun.nio.fs=ALL-UNNAMED -Declipse.application=org.eclipse.jdt.ls.core.id1 -Dosgi.bundles.defaultStartLevel=4 -Declipse.product=org.eclipse.jdt.ls.core.product -Djava.import.generatesMetadataFilesAtProjectRoot=false -DDetectVMInstallationsJob.disabled=true -Dfile.encoding=utf8 -XX:+UseParallelGC -XX:GCTimeRatio=4 -XX:AdaptiveSizePolicyWeight=90 -Dsun.zip.disableMemoryMapping=true -Xmx1G -Xms100m -Xlog:disable -javaagent:c:\Users\Alizha\.vscode\extensions\redhat.java-1.28.1-win32-x64\lombok\lombok-1.18.31.jar -XX:+HeapDumpOnOutOfMemoryError -XX:HeapDumpPath=c:\Users\Alizha\AppData\Roaming\Code\User\workspaceStorage\8d68d11bca368d431e0ffcbe580ad2c9\redhat.java -Daether.dependencyCollector.impl=bf 
java_command: c:\Users\Alizha\.vscode\extensions\redhat.java-1.28.1-win32-x64\server\plugins\org.eclipse.equinox.launcher_1.6.700.v20231214-2017.jar -configuration c:\Users\Alizha\AppData\Roaming\Code\User\globalStorage\redhat.java\1.28.1\config_win -data c:\Users\Alizha\AppData\Roaming\Code\User\workspaceStorage\8d68d11bca368d431e0ffcbe580ad2c9\redhat.java\jdt_ws --stdio
java_class_path (initial): c:\Users\Alizha\.vscode\extensions\redhat.java-1.28.1-win32-x64\server\plugins\org.eclipse.equinox.launcher_1.6.700.v20231214-2017.jar
Launcher Type: SUN_STANDARD

[Global flags]
    uintx AdaptiveSizePolicyWeight                 = 90                                        {product} {command line}
     intx CICompilerCount                          = 4                                         {product} {ergonomic}
    uintx GCTimeRatio                              = 4                                         {product} {command line}
     bool HeapDumpOnOutOfMemoryError               = true                                   {manageable} {command line}
    ccstr HeapDumpPath                             = c:\Users\Alizha\AppData\Roaming\Code\User\workspaceStorage\8d68d11bca368d431e0ffcbe580ad2c9\redhat.java         {manageable} {command line}
   size_t InitialHeapSize                          = 104857600                                 {product} {command line}
   size_t MaxHeapSize                              = 1073741824                                {product} {command line}
   size_t MaxNewSize                               = 357564416                                 {product} {ergonomic}
   size_t MinHeapDeltaBytes                        = 524288                                    {product} {ergonomic}
   size_t MinHeapSize                              = 104857600                                 {product} {command line}
   size_t NewSize                                  = 34603008                                  {product} {ergonomic}
    uintx NonNMethodCodeHeapSize                   = 5839372                                {pd product} {ergonomic}
    uintx NonProfiledCodeHeapSize                  = 122909434                              {pd product} {ergonomic}
   size_t OldSize                                  = 70254592                                  {product} {ergonomic}
    uintx ProfiledCodeHeapSize                     = 122909434                              {pd product} {ergonomic}
    uintx ReservedCodeCacheSize                    = 251658240                              {pd product} {ergonomic}
     bool SegmentedCodeCache                       = true                                      {product} {ergonomic}
   size_t SoftMaxHeapSize                          = 1073741824                             {manageable} {ergonomic}
     bool UseCompressedClassPointers               = true                           {product lp64_product} {ergonomic}
     bool UseCompressedOops                        = true                           {product lp64_product} {ergonomic}
     bool UseLargePagesIndividualAllocation        = false                                  {pd product} {ergonomic}
     bool UseParallelGC                            = true                                      {product} {command line}

Logging:
Log output configuration:
 #0: stdout all=off uptime,level,tags
 #1: stderr all=off uptime,level,tags

Environment Variables:
JAVA_HOME=C:\Program Files\Java\jdk-17
PATH=C:\Program Files\Common Files\Oracle\Java\javapath;C:\Program Files (x86)\Common Files\Oracle\Java\javapath;C:\Program Files\PostgreSQL\15\bin;C:\WINDOWS\system32;C:\WINDOWS;C:\WINDOWS\System32\Wbem;C:\WINDOWS\System32\WindowsPowerShell\v1.0\;C:\WINDOWS\System32\OpenSSH\;C:\Program Files\kotlinc\bin;C:\Program Files\PuTTY\;C:\Program Files\Git\cmd;C:\Program Files\Docker\Docker\resources\bin;C:\Program Files\Java\jdk-17;C:\Users\Alizha\AppData\Local\Programs\Python\Python39\Scripts\;C:\Users\Alizha\AppData\Local\Programs\Python\Python39\;C:\Users\Alizha\AppData\Local\Microsoft\WindowsApps;D:\Microsoft VS Code\bin;C:\Program Files\Git;C:\Users\Alizha\c sosi\MinGW\bin;C:\Users\Alizha\Flutter\flutter_windows_3.3.7-stable\flutter\bin;
USERNAME=Alizha
OS=Windows_NT
PROCESSOR_IDENTIFIER=AMD64 Family 23 Model 104 Stepping 1, AuthenticAMD
TMP=C:\Users\Alizha\AppData\Local\Temp
TEMP=C:\Users\Alizha\AppData\Local\Temp



Periodic native trim disabled


---------------  S Y S T E M  ---------------

OS:
 Windows 11 , 64 bit Build 22621 (10.0.22621.3085)
OS uptime: 1 days 15:23 hours
Hyper-V role detected

CPU: total 12 (initial active 12) (12 cores per cpu, 2 threads per core) family 23 model 104 stepping 1 microcode 0x0, cx8, cmov, fxsr, ht, mmx, 3dnowpref, sse, sse2, sse3, ssse3, sse4a, sse4.1, sse4.2, popcnt, lzcnt, tsc, tscinvbit, avx, avx2, aes, clmul, bmi1, bmi2, adx, sha, fma, vzeroupper, clflush, clflushopt, hv
Processor Information for all 12 processors :
  Max Mhz: 2100, Current Mhz: 2100, Mhz Limit: 2100

Memory: 4k page, system-wide physical 6005M (55M free)
TotalPageFile size 24437M (AvailPageFile size 1M)
current process WorkingSet (physical memory assigned to process): 29M, peak: 29M
current process commit charge ("private bytes"): 189M, peak: 189M

vm_info: OpenJDK 64-Bit Server VM (17.0.10+7) for windows-amd64 JRE (17.0.10+7), built on Jan 16 2024 23:25:11 by "admin" with MS VC++ 16.10 / 16.11 (VS2019)

END.
