#
# There is insufficient memory for the Java Runtime Environment to continue.
# Native memory allocation (malloc) failed to allocate 424000 bytes for Chunk::new
# Possible reasons:
#   The system is out of physical RAM or swap space
#   The process is running with CompressedOops enabled, and the Java Heap may be blocking the growth of the native heap
# Possible solutions:
#   Reduce memory load on the system
#   Increase physical memory or swap space
#   Check if swap backing store is full
#   Decrease Java heap size (-Xmx/-Xms)
#   Decrease number of Java threads
#   Decrease Java thread stack sizes (-Xss)
#   Set larger code cache with -XX:ReservedCodeCacheSize=
#   JVM is running with Unscaled Compressed Oops mode in which the Java heap is
#     placed in the first 4GB address space. The Java Heap base address is the
#     maximum limit for the native heap growth. Please use -XX:HeapBaseMinAddress
#     to set the Java Heap base and to place the Java Heap above 4GB virtual address.
# This output file may be truncated or incomplete.
#
#  Out of Memory Error (arena.cpp:191), pid=39580, tid=6136
#
# JRE version: OpenJDK Runtime Environment Temurin-17.0.10+7 (17.0.10+7) (build 17.0.10+7)
# Java VM: OpenJDK 64-Bit Server VM Temurin-17.0.10+7 (17.0.10+7, mixed mode, tiered, compressed oops, compressed class ptrs, parallel gc, windows-amd64)
# No core dump will be written. Minidumps are not enabled by default on client versions of Windows
#

---------------  S U M M A R Y ------------

Command Line: --add-modules=ALL-SYSTEM --add-opens=java.base/java.util=ALL-UNNAMED --add-opens=java.base/java.lang=ALL-UNNAMED --add-opens=java.base/sun.nio.fs=ALL-UNNAMED -Declipse.application=org.eclipse.jdt.ls.core.id1 -Dosgi.bundles.defaultStartLevel=4 -Declipse.product=org.eclipse.jdt.ls.core.product -Djava.import.generatesMetadataFilesAtProjectRoot=false -DDetectVMInstallationsJob.disabled=true -Dfile.encoding=utf8 -XX:+UseParallelGC -XX:GCTimeRatio=4 -XX:AdaptiveSizePolicyWeight=90 -Dsun.zip.disableMemoryMapping=true -Xmx1G -Xms100m -Xlog:disable -javaagent:c:\Users\Alizha\.vscode\extensions\redhat.java-1.28.1-win32-x64\lombok\lombok-1.18.31.jar c:\Users\Alizha\.vscode\extensions\redhat.java-1.28.1-win32-x64\server\plugins\org.eclipse.equinox.launcher_1.6.700.v20231214-2017.jar -configuration c:\Users\Alizha\AppData\Roaming\Code\User\globalStorage\redhat.java\1.28.1\config_ss_win -data c:\Users\Alizha\AppData\Roaming\Code\User\workspaceStorage\8d68d11bca368d431e0ffcbe580ad2c9\redhat.java\ss_ws --stdio

Host: AMD Ryzen 5 5500U with Radeon Graphics         , 12 cores, 5G,  Windows 11 , 64 bit Build 22621 (10.0.22621.3085)
Time: Fri Mar  1 13:45:49 2024 SE Asia Standard Time elapsed time: 2.354406 seconds (0d 0h 0m 2s)

---------------  T H R E A D  ---------------

Current thread (0x00000193424fd5a0):  JavaThread "C2 CompilerThread0" daemon [_thread_in_native, id=6136, stack(0x0000001184000000,0x0000001184100000)]


Current CompileTask:
C2:   2354 1119       4       jdk.internal.jimage.ImageLocation::verify (218 bytes)

Stack: [0x0000001184000000,0x0000001184100000]
Native frames: (J=compiled Java code, j=interpreted, Vv=VM code, C=native code)
V  [jvm.dll+0x67d2c9]
V  [jvm.dll+0x834afa]
V  [jvm.dll+0x8365be]
V  [jvm.dll+0x836c23]
V  [jvm.dll+0x2477ff]
V  [jvm.dll+0xac514]
V  [jvm.dll+0xacb5c]
V  [jvm.dll+0x3667d7]
V  [jvm.dll+0x330bfa]
V  [jvm.dll+0x33009a]
V  [jvm.dll+0x219ef1]
V  [jvm.dll+0x219311]
V  [jvm.dll+0x1a502d]
V  [jvm.dll+0x2290de]
V  [jvm.dll+0x2272ac]
V  [jvm.dll+0x7e9bb7]
V  [jvm.dll+0x7e3fba]
V  [jvm.dll+0x67c1b5]
C  [ucrtbase.dll+0x29363]
C  [KERNEL32.DLL+0x1257d]
C  [ntdll.dll+0x5aa58]


---------------  P R O C E S S  ---------------

Threads class SMR info:
_java_thread_list=0x0000019342829020, length=12, elements={
0x00000193294febd0, 0x000001933d382020, 0x000001933d383b00, 0x000001933d38e2e0,
0x00000193424f7000, 0x00000193424f9080, 0x00000193424f9a50, 0x00000193424fd5a0,
0x0000019342501ec0, 0x0000019342505cd0, 0x0000019342639180, 0x00000193427f5f60
}

Java Threads: ( => current thread )
  0x00000193294febd0 JavaThread "main" [_thread_in_Java, id=35532, stack(0x0000001183700000,0x0000001183800000)]
  0x000001933d382020 JavaThread "Reference Handler" daemon [_thread_blocked, id=37764, stack(0x0000001183a00000,0x0000001183b00000)]
  0x000001933d383b00 JavaThread "Finalizer" daemon [_thread_blocked, id=25344, stack(0x0000001183b00000,0x0000001183c00000)]
  0x000001933d38e2e0 JavaThread "Signal Dispatcher" daemon [_thread_blocked, id=23568, stack(0x0000001183c00000,0x0000001183d00000)]
  0x00000193424f7000 JavaThread "Attach Listener" daemon [_thread_blocked, id=9056, stack(0x0000001183d00000,0x0000001183e00000)]
  0x00000193424f9080 JavaThread "Service Thread" daemon [_thread_blocked, id=41892, stack(0x0000001183e00000,0x0000001183f00000)]
  0x00000193424f9a50 JavaThread "Monitor Deflation Thread" daemon [_thread_blocked, id=27252, stack(0x0000001183f00000,0x0000001184000000)]
=>0x00000193424fd5a0 JavaThread "C2 CompilerThread0" daemon [_thread_in_native, id=6136, stack(0x0000001184000000,0x0000001184100000)]
  0x0000019342501ec0 JavaThread "C1 CompilerThread0" daemon [_thread_blocked, id=35372, stack(0x0000001184100000,0x0000001184200000)]
  0x0000019342505cd0 JavaThread "Sweeper thread" daemon [_thread_blocked, id=16688, stack(0x0000001184200000,0x0000001184300000)]
  0x0000019342639180 JavaThread "Common-Cleaner" daemon [_thread_blocked, id=12352, stack(0x0000001184300000,0x0000001184400000)]
  0x00000193427f5f60 JavaThread "Notification Thread" daemon [_thread_blocked, id=38620, stack(0x0000001184400000,0x0000001184500000)]

Other Threads:
  0x0000019329589c30 VMThread "VM Thread" [stack: 0x0000001183900000,0x0000001183a00000] [id=40224]
  0x0000019342835330 WatcherThread [stack: 0x0000001184500000,0x0000001184600000] [id=38572]
  0x00000193295157f0 GCTaskThread "GC Thread#0" [stack: 0x0000001183800000,0x0000001183900000] [id=41208]
  0x0000019344413290 GCTaskThread "GC Thread#1" [stack: 0x0000001184600000,0x0000001184700000] [id=36112]
  0x0000019343da9580 GCTaskThread "GC Thread#2" [stack: 0x0000001184700000,0x0000001184800000] [id=27784]
  0x0000019343da9840 GCTaskThread "GC Thread#3" [stack: 0x0000001184800000,0x0000001184900000] [id=28720]
  0x0000019343da9b00 GCTaskThread "GC Thread#4" [stack: 0x0000001184900000,0x0000001184a00000] [id=31372]
  0x0000019343daa1c0 GCTaskThread "GC Thread#5" [stack: 0x0000001184a00000,0x0000001184b00000] [id=12156]
  0x0000019343daa480 GCTaskThread "GC Thread#6" [stack: 0x0000001184b00000,0x0000001184c00000] [id=16104]

Threads with active compile tasks:
C2 CompilerThread0     2374 1119       4       jdk.internal.jimage.ImageLocation::verify (218 bytes)
C1 CompilerThread0     2374 1168       3       java.util.Collections$UnmodifiableList::get (11 bytes)

VM state: not at safepoint (normal execution)

VM Mutex/Monitor currently owned by a thread: None

Heap address: 0x00000000c0000000, size: 1024 MB, Compressed Oops mode: 32-bit

CDS archive(s) not mapped
Compressed class space mapped at: 0x0000000100000000-0x0000000140000000, reserved size: 1073741824
Narrow klass base: 0x0000000000000000, Narrow klass shift: 3, Narrow klass range: 0x140000000

GC Precious Log:
 CPUs: 12 total, 12 available
 Memory: 6005M
 Large Page Support: Disabled
 NUMA Support: Disabled
 Compressed Oops: Enabled (32-bit)
 Alignments: Space 512K, Generation 512K, Heap 2M
 Heap Min Capacity: 100M
 Heap Initial Capacity: 100M
 Heap Max Capacity: 1G
 Pre-touch: Disabled
 Parallel Workers: 10

Heap:
 PSYoungGen      total 29696K, used 12391K [0x00000000eab00000, 0x00000000ecc00000, 0x0000000100000000)
  eden space 25600K, 36% used [0x00000000eab00000,0x00000000eb4007d8,0x00000000ec400000)
  from space 4096K, 77% used [0x00000000ec400000,0x00000000ec719730,0x00000000ec800000)
  to   space 4096K, 0% used [0x00000000ec800000,0x00000000ec800000,0x00000000ecc00000)
 ParOldGen       total 68608K, used 16K [0x00000000c0000000, 0x00000000c4300000, 0x00000000eab00000)
  object space 68608K, 0% used [0x00000000c0000000,0x00000000c0004000,0x00000000c4300000)
 Metaspace       used 12378K, committed 12480K, reserved 1114112K
  class space    used 1214K, committed 1280K, reserved 1048576K

Card table byte_map: [0x0000019328e90000,0x00000193290a0000] _byte_map_base: 0x0000019328890000

Marking Bits: (ParMarkBitMap*) 0x00007ffcd946d7d0
 Begin Bits: [0x000001933b190000, 0x000001933c190000)
 End Bits:   [0x000001933c190000, 0x000001933d190000)

Polling page: 0x0000019327450000

Metaspace:

Usage:
  Non-class:     10.90 MB used.
      Class:      1.19 MB used.
       Both:     12.09 MB used.

Virtual space:
  Non-class space:       64.00 MB reserved,      10.94 MB ( 17%) committed,  1 nodes.
      Class space:        1.00 GB reserved,       1.25 MB ( <1%) committed,  1 nodes.
             Both:        1.06 GB reserved,      12.19 MB (  1%) committed. 

Chunk freelists:
   Non-Class:  4.25 MB
       Class:  14.59 MB
        Both:  18.84 MB

MaxMetaspaceSize: unlimited
CompressedClassSpaceSize: 1.00 GB
Initial GC threshold: 21.00 MB
Current GC threshold: 21.00 MB
CDS: off
MetaspaceReclaimPolicy: balanced
 - commit_granule_bytes: 65536.
 - commit_granule_words: 8192.
 - virtual_space_node_default_size: 8388608.
 - enlarge_chunks_in_place: 1.
 - new_chunks_are_fully_committed: 0.
 - uncommit_free_chunks: 1.
 - use_allocation_guard: 0.
 - handle_deallocations: 1.


Internal statistics:

num_allocs_failed_limit: 0.
num_arena_births: 30.
num_arena_deaths: 0.
num_vsnodes_births: 2.
num_vsnodes_deaths: 0.
num_space_committed: 195.
num_space_uncommitted: 0.
num_chunks_returned_to_freelist: 0.
num_chunks_taken_from_freelist: 143.
num_chunk_merges: 0.
num_chunk_splits: 99.
num_chunks_enlarged: 87.
num_inconsistent_stats: 0.

CodeHeap 'non-profiled nmethods': size=120000Kb used=444Kb max_used=444Kb free=119555Kb
 bounds [0x0000019333c60000, 0x0000019333ed0000, 0x000001933b190000]
CodeHeap 'profiled nmethods': size=120000Kb used=2108Kb max_used=2108Kb free=117891Kb
 bounds [0x000001932c190000, 0x000001932c400000, 0x00000193336c0000]
CodeHeap 'non-nmethods': size=5760Kb used=1145Kb max_used=1165Kb free=4614Kb
 bounds [0x00000193336c0000, 0x0000019333930000, 0x0000019333c60000]
 total_blobs=1600 nmethods=1162 adapters=353
 compilation: enabled
              stopped_count=0, restarted_count=0
 full_count=0

Compilation events (20 events):
Event: 2.329 Thread 0x0000019342501ec0 1140       3       org.lombokweb.asm.SymbolTable::hash (15 bytes)
Event: 2.329 Thread 0x0000019342501ec0 nmethod 1140 0x000001932c38de10 code [0x000001932c38dfc0, 0x000001932c38e158]
Event: 2.329 Thread 0x0000019342501ec0 1141       3       org.lombokweb.asm.SymbolTable::addConstantMemberReference (29 bytes)
Event: 2.329 Thread 0x0000019342501ec0 nmethod 1141 0x000001932c38e290 code [0x000001932c38e480, 0x000001932c38e828]
Event: 2.329 Thread 0x0000019342501ec0 1142       3       org.lombokweb.asm.SymbolTable$Entry::<init> (18 bytes)
Event: 2.330 Thread 0x0000019342501ec0 nmethod 1142 0x000001932c38eb10 code [0x000001932c38ecc0, 0x000001932c38ee48]
Event: 2.330 Thread 0x0000019342501ec0 1143       3       org.lombokweb.asm.SymbolTable::addConstantNameAndType (28 bytes)
Event: 2.330 Thread 0x0000019342501ec0 nmethod 1143 0x000001932c38ef10 code [0x000001932c38f0e0, 0x000001932c38f418]
Event: 2.331 Thread 0x0000019342501ec0 1145       3       org.lombokweb.asm.SymbolTable::addConstantUtf8Reference (20 bytes)
Event: 2.331 Thread 0x0000019342501ec0 nmethod 1145 0x000001932c38f610 code [0x000001932c38f7e0, 0x000001932c38faa8]
Event: 2.331 Thread 0x0000019342501ec0 1146       3       org.lombokweb.asm.ClassReader::readInt (52 bytes)
Event: 2.331 Thread 0x0000019342501ec0 nmethod 1146 0x000001932c38fc90 code [0x000001932c38fe20, 0x000001932c38fff8]
Event: 2.332 Thread 0x0000019342501ec0 1147       1       org.lombokweb.asm.MethodWriter::hasAsmInstructions (5 bytes)
Event: 2.332 Thread 0x0000019342501ec0 nmethod 1147 0x0000019333cce890 code [0x0000019333ccea20, 0x0000019333cceaf8]
Event: 2.332 Thread 0x0000019342501ec0 1148       3       lombok.patcher.scripts.MethodLevelPatchScript::patch (21 bytes)
Event: 2.332 Thread 0x0000019342501ec0 nmethod 1148 0x000001932c390110 code [0x000001932c3902c0, 0x000001932c390538]
Event: 2.335 Thread 0x0000019342501ec0 1151       3       java.util.ArrayList::addAll (76 bytes)
Event: 2.335 Thread 0x0000019342501ec0 nmethod 1151 0x000001932c390610 code [0x000001932c3907e0, 0x000001932c390c68]
Event: 2.344 Thread 0x0000019342501ec0 1153       3       java.security.Provider$ServiceKey::equals (53 bytes)
Event: 2.344 Thread 0x0000019342501ec0 nmethod 1153 0x000001932c390e10 code [0x000001932c390fe0, 0x000001932c391498]

GC Heap History (2 events):
Event: 1.921 GC heap before
{Heap before GC invocations=1 (full 0):
 PSYoungGen      total 29696K, used 25600K [0x00000000eab00000, 0x00000000ecc00000, 0x0000000100000000)
  eden space 25600K, 100% used [0x00000000eab00000,0x00000000ec400000,0x00000000ec400000)
  from space 4096K, 0% used [0x00000000ec800000,0x00000000ec800000,0x00000000ecc00000)
  to   space 4096K, 0% used [0x00000000ec400000,0x00000000ec400000,0x00000000ec800000)
 ParOldGen       total 68608K, used 0K [0x00000000c0000000, 0x00000000c4300000, 0x00000000eab00000)
  object space 68608K, 0% used [0x00000000c0000000,0x00000000c0000000,0x00000000c4300000)
 Metaspace       used 11022K, committed 11200K, reserved 1114112K
  class space    used 1098K, committed 1216K, reserved 1048576K
}
Event: 1.934 GC heap after
{Heap after GC invocations=1 (full 0):
 PSYoungGen      total 29696K, used 3173K [0x00000000eab00000, 0x00000000ecc00000, 0x0000000100000000)
  eden space 25600K, 0% used [0x00000000eab00000,0x00000000eab00000,0x00000000ec400000)
  from space 4096K, 77% used [0x00000000ec400000,0x00000000ec719730,0x00000000ec800000)
  to   space 4096K, 0% used [0x00000000ec800000,0x00000000ec800000,0x00000000ecc00000)
 ParOldGen       total 68608K, used 16K [0x00000000c0000000, 0x00000000c4300000, 0x00000000eab00000)
  object space 68608K, 0% used [0x00000000c0000000,0x00000000c0004000,0x00000000c4300000)
 Metaspace       used 11022K, committed 11200K, reserved 1114112K
  class space    used 1098K, committed 1216K, reserved 1048576K
}

Dll operation events (8 events):
Event: 0.090 Loaded shared library c:\Users\Alizha\.vscode\extensions\redhat.java-1.28.1-win32-x64\jre\17.0.10-win32-x86_64\bin\java.dll
Event: 0.438 Loaded shared library c:\Users\Alizha\.vscode\extensions\redhat.java-1.28.1-win32-x64\jre\17.0.10-win32-x86_64\bin\zip.dll
Event: 0.443 Loaded shared library C:\Users\Alizha\.vscode\extensions\redhat.java-1.28.1-win32-x64\jre\17.0.10-win32-x86_64\bin\instrument.dll
Event: 0.464 Loaded shared library C:\Users\Alizha\.vscode\extensions\redhat.java-1.28.1-win32-x64\jre\17.0.10-win32-x86_64\bin\net.dll
Event: 0.467 Loaded shared library C:\Users\Alizha\.vscode\extensions\redhat.java-1.28.1-win32-x64\jre\17.0.10-win32-x86_64\bin\nio.dll
Event: 0.478 Loaded shared library C:\Users\Alizha\.vscode\extensions\redhat.java-1.28.1-win32-x64\jre\17.0.10-win32-x86_64\bin\zip.dll
Event: 0.508 Loaded shared library C:\Users\Alizha\.vscode\extensions\redhat.java-1.28.1-win32-x64\jre\17.0.10-win32-x86_64\bin\jimage.dll
Event: 0.628 Loaded shared library c:\Users\Alizha\.vscode\extensions\redhat.java-1.28.1-win32-x64\jre\17.0.10-win32-x86_64\bin\verify.dll

Deoptimization events (20 events):
Event: 2.211 Thread 0x00000193294febd0 DEOPT PACKING pc=0x000001932c2032c5 sp=0x00000011837f3a50
Event: 2.211 Thread 0x00000193294febd0 DEOPT UNPACKING pc=0x0000019333716e43 sp=0x00000011837f2f00 mode 0
Event: 2.216 Thread 0x00000193294febd0 DEOPT PACKING pc=0x000001932c2032c5 sp=0x00000011837f3a50
Event: 2.216 Thread 0x00000193294febd0 DEOPT UNPACKING pc=0x0000019333716e43 sp=0x00000011837f2f00 mode 0
Event: 2.230 Thread 0x00000193294febd0 DEOPT PACKING pc=0x000001932c2032c5 sp=0x00000011837f7580
Event: 2.230 Thread 0x00000193294febd0 DEOPT UNPACKING pc=0x0000019333716e43 sp=0x00000011837f6a30 mode 0
Event: 2.245 Thread 0x00000193294febd0 DEOPT PACKING pc=0x000001932c2032c5 sp=0x00000011837f3a60
Event: 2.245 Thread 0x00000193294febd0 DEOPT UNPACKING pc=0x0000019333716e43 sp=0x00000011837f2f10 mode 0
Event: 2.256 Thread 0x00000193294febd0 DEOPT PACKING pc=0x000001932c203366 sp=0x00000011837f36e0
Event: 2.256 Thread 0x00000193294febd0 DEOPT UNPACKING pc=0x0000019333716e43 sp=0x00000011837f2b90 mode 0
Event: 2.268 Thread 0x00000193294febd0 DEOPT PACKING pc=0x000001932c2032c5 sp=0x00000011837f7110
Event: 2.268 Thread 0x00000193294febd0 DEOPT UNPACKING pc=0x0000019333716e43 sp=0x00000011837f65c0 mode 0
Event: 2.275 Thread 0x00000193294febd0 Uncommon trap: trap_request=0xffffffc6 fr.pc=0x0000019333c8e79c relative=0x000000000000027c
Event: 2.275 Thread 0x00000193294febd0 Uncommon trap: reason=bimorphic_or_optimized_type_check action=maybe_recompile pc=0x0000019333c8e79c method=java.util.Collections$UnmodifiableCollection$1.next()Ljava/lang/Object; @ 4 c2
Event: 2.275 Thread 0x00000193294febd0 DEOPT PACKING pc=0x0000019333c8e79c sp=0x00000011837f7c70
Event: 2.275 Thread 0x00000193294febd0 DEOPT UNPACKING pc=0x00000193337166a3 sp=0x00000011837f7c20 mode 2
Event: 2.275 Thread 0x00000193294febd0 Uncommon trap: trap_request=0xffffffc6 fr.pc=0x0000019333c8e79c relative=0x000000000000027c
Event: 2.275 Thread 0x00000193294febd0 Uncommon trap: reason=bimorphic_or_optimized_type_check action=maybe_recompile pc=0x0000019333c8e79c method=java.util.Collections$UnmodifiableCollection$1.next()Ljava/lang/Object; @ 4 c2
Event: 2.275 Thread 0x00000193294febd0 DEOPT PACKING pc=0x0000019333c8e79c sp=0x00000011837f7c70
Event: 2.275 Thread 0x00000193294febd0 DEOPT UNPACKING pc=0x00000193337166a3 sp=0x00000011837f7c20 mode 2

Classes unloaded (0 events):
No events

Classes redefined (0 events):
No events

Internal exceptions (20 events):
Event: 1.153 Thread 0x00000193294febd0 Exception <a 'java/io/FileNotFoundException'{0x00000000eb873d30}> (0x00000000eb873d30) 
thrown [s\src\hotspot\share\prims\jni.cpp, line 516]
Event: 1.154 Thread 0x00000193294febd0 Exception <a 'java/io/FileNotFoundException'{0x00000000eb874a40}> (0x00000000eb874a40) 
thrown [s\src\hotspot\share\prims\jni.cpp, line 516]
Event: 1.154 Thread 0x00000193294febd0 Exception <a 'java/io/FileNotFoundException'{0x00000000eb875730}> (0x00000000eb875730) 
thrown [s\src\hotspot\share\prims\jni.cpp, line 516]
Event: 1.154 Thread 0x00000193294febd0 Exception <a 'java/io/FileNotFoundException'{0x00000000eb8763f0}> (0x00000000eb8763f0) 
thrown [s\src\hotspot\share\prims\jni.cpp, line 516]
Event: 1.160 Thread 0x00000193294febd0 Implicit null exception at 0x0000019333c82ef2 to 0x0000019333c83410
Event: 1.164 Thread 0x00000193294febd0 Exception <a 'java/io/FileNotFoundException'{0x00000000eb8af220}> (0x00000000eb8af220) 
thrown [s\src\hotspot\share\prims\jni.cpp, line 516]
Event: 1.633 Thread 0x00000193294febd0 Exception <a 'java/lang/ClassNotFoundException'{0x00000000ec0b35c0}: sun/net/www/protocol/c/Handler> (0x00000000ec0b35c0) 
thrown [s\src\hotspot\share\classfile\systemDictionary.cpp, line 256]
Event: 1.633 Thread 0x00000193294febd0 Exception <a 'java/lang/ClassNotFoundException'{0x00000000ec0b4948}: sun/net/www/protocol/c/Handler> (0x00000000ec0b4948) 
thrown [s\src\hotspot\share\classfile\systemDictionary.cpp, line 256]
Event: 1.633 Thread 0x00000193294febd0 Exception <a 'java/lang/ClassNotFoundException'{0x00000000ec0b5b38}: sun/net/www/protocol/c/Handler> (0x00000000ec0b5b38) 
thrown [s\src\hotspot\share\classfile\systemDictionary.cpp, line 256]
Event: 1.652 Thread 0x00000193294febd0 Exception <a 'java/io/FileNotFoundException'{0x00000000ec0dac38}> (0x00000000ec0dac38) 
thrown [s\src\hotspot\share\prims\jni.cpp, line 516]
Event: 1.754 Thread 0x00000193294febd0 Implicit null exception at 0x0000019333ca5eec to 0x0000019333ca60c8
Event: 1.757 Thread 0x00000193294febd0 Implicit null exception at 0x0000019333ca78ec to 0x0000019333ca7ac8
Event: 1.757 Thread 0x00000193294febd0 Implicit null exception at 0x0000019333ca4b8f to 0x0000019333ca4c05
Event: 1.883 Thread 0x00000193294febd0 Exception <a 'java/lang/NoSuchMethodError'{0x00000000ec3ae6c8}: 'int java.lang.invoke.DirectMethodHandle$Holder.invokeStaticInit(java.lang.Object, java.lang.Object, java.lang.Object, java.lang.Object)'> (0x00000000ec3ae6c8) 
thrown [s\src\hotspot\share\interpreter\linkResolver.cpp, line 759]
Event: 1.886 Thread 0x00000193294febd0 Exception <a 'java/lang/NoSuchMethodError'{0x00000000ec3b8d38}: 'java.lang.Object java.lang.invoke.DirectMethodHandle$Holder.invokeInterface(java.lang.Object, java.lang.Object)'> (0x00000000ec3b8d38) 
thrown [s\src\hotspot\share\interpreter\linkResolver.cpp, line 759]
Event: 1.887 Thread 0x00000193294febd0 Exception <a 'java/lang/IncompatibleClassChangeError'{0x00000000ec3bc530}: Found class java.lang.Object, but interface was expected> (0x00000000ec3bc530) 
thrown [s\src\hotspot\share\interpreter\linkResolver.cpp, line 826]
Event: 1.889 Thread 0x00000193294febd0 Exception <a 'java/lang/NoSuchMethodError'{0x00000000ec3c0a20}: 'void java.lang.invoke.DirectMethodHandle$Holder.invokeStatic(java.lang.Object, java.lang.Object)'> (0x00000000ec3c0a20) 
thrown [s\src\hotspot\share\interpreter\linkResolver.cpp, line 759]
Event: 1.892 Thread 0x00000193294febd0 Exception <a 'java/lang/NoSuchMethodError'{0x00000000ec3c4220}: 'void java.lang.invoke.DirectMethodHandle$Holder.invokeStaticInit(java.lang.Object, java.lang.Object)'> (0x00000000ec3c4220) 
thrown [s\src\hotspot\share\interpreter\linkResolver.cpp, line 759]
Event: 1.897 Thread 0x00000193294febd0 Exception <a 'java/lang/NoSuchMethodError'{0x00000000ec3cb650}: 'int java.lang.invoke.DirectMethodHandle$Holder.invokeStaticInit(java.lang.Object, java.lang.Object)'> (0x00000000ec3cb650) 
thrown [s\src\hotspot\share\interpreter\linkResolver.cpp, line 759]
Event: 2.044 Thread 0x00000193294febd0 Exception <a 'java/lang/NoSuchMethodError'{0x00000000eabf5ae8}: 'void java.lang.invoke.DirectMethodHandle$Holder.invokeSpecial(java.lang.Object, java.lang.Object, java.lang.Object)'> (0x00000000eabf5ae8) 
thrown [s\src\hotspot\share\interpreter\linkResolver.cpp, line 759]

VM Operations (14 events):
Event: 0.406 Executing VM operation: HandshakeAllThreads
Event: 0.406 Executing VM operation: HandshakeAllThreads done
Event: 0.538 Executing VM operation: HandshakeAllThreads
Event: 0.538 Executing VM operation: HandshakeAllThreads done
Event: 1.091 Executing VM operation: HandshakeAllThreads
Event: 1.091 Executing VM operation: HandshakeAllThreads done
Event: 1.114 Executing VM operation: HandshakeAllThreads
Event: 1.114 Executing VM operation: HandshakeAllThreads done
Event: 1.592 Executing VM operation: HandshakeAllThreads
Event: 1.592 Executing VM operation: HandshakeAllThreads done
Event: 1.592 Executing VM operation: Cleanup
Event: 1.593 Executing VM operation: Cleanup done
Event: 1.921 Executing VM operation: ParallelGCFailedAllocation
Event: 1.934 Executing VM operation: ParallelGCFailedAllocation done

Events (20 events):
Event: 2.126 loading class java/util/concurrent/Semaphore$NonfairSync
Event: 2.126 loading class java/util/concurrent/Semaphore$Sync
Event: 2.126 loading class java/util/concurrent/Semaphore$Sync done
Event: 2.126 loading class java/util/concurrent/Semaphore$NonfairSync done
Event: 2.191 loading class java/lang/TypeNotPresentException
Event: 2.192 loading class java/lang/TypeNotPresentException done
Event: 2.337 loading class java/security/InvalidKeyException
Event: 2.337 loading class java/security/KeyException
Event: 2.337 loading class java/security/GeneralSecurityException
Event: 2.337 loading class java/security/GeneralSecurityException done
Event: 2.337 loading class java/security/KeyException done
Event: 2.337 loading class java/security/InvalidKeyException done
Event: 2.337 loading class java/security/SignatureException
Event: 2.337 loading class java/security/SignatureException done
Event: 2.337 loading class java/security/cert/CertificateException
Event: 2.338 loading class java/security/cert/CertificateException done
Event: 2.338 loading class java/security/NoSuchAlgorithmException
Event: 2.338 loading class java/security/NoSuchAlgorithmException done
Event: 2.338 loading class java/security/NoSuchProviderException
Event: 2.338 loading class java/security/NoSuchProviderException done


Dynamic libraries:
0x00007ff6e1be0000 - 0x00007ff6e1bee000 	c:\Users\Alizha\.vscode\extensions\redhat.java-1.28.1-win32-x64\jre\17.0.10-win32-x86_64\bin\java.exe
0x00007ffd796d0000 - 0x00007ffd798e7000 	C:\WINDOWS\SYSTEM32\ntdll.dll
0x00007ffd77fe0000 - 0x00007ffd780a4000 	C:\WINDOWS\System32\KERNEL32.DLL
0x00007ffd76f00000 - 0x00007ffd772a6000 	C:\WINDOWS\System32\KERNELBASE.dll
0x00007ffd76c00000 - 0x00007ffd76d11000 	C:\WINDOWS\System32\ucrtbase.dll
0x00007ffd6b360000 - 0x00007ffd6b377000 	c:\Users\Alizha\.vscode\extensions\redhat.java-1.28.1-win32-x64\jre\17.0.10-win32-x86_64\bin\jli.dll
0x00007ffd77620000 - 0x00007ffd777ce000 	C:\WINDOWS\System32\USER32.dll
0x00007ffd76a10000 - 0x00007ffd76a36000 	C:\WINDOWS\System32\win32u.dll
0x00007ffd791a0000 - 0x00007ffd791c9000 	C:\WINDOWS\System32\GDI32.dll
0x00007ffd76ae0000 - 0x00007ffd76bf8000 	C:\WINDOWS\System32\gdi32full.dll
0x00007ffd76a40000 - 0x00007ffd76ada000 	C:\WINDOWS\System32\msvcp_win.dll
0x00007ffd57370000 - 0x00007ffd57603000 	C:\WINDOWS\WinSxS\amd64_microsoft.windows.common-controls_6595b64144ccf1df_6.0.22621.2506_none_270c5ae97388e100\COMCTL32.dll
0x00007ffd791d0000 - 0x00007ffd79277000 	C:\WINDOWS\System32\msvcrt.dll
0x00007ffd6b3b0000 - 0x00007ffd6b3cb000 	c:\Users\Alizha\.vscode\extensions\redhat.java-1.28.1-win32-x64\jre\17.0.10-win32-x86_64\bin\VCRUNTIME140.dll
0x00007ffd78960000 - 0x00007ffd78991000 	C:\WINDOWS\System32\IMM32.DLL
0x00007ffd6b3a0000 - 0x00007ffd6b3ac000 	c:\Users\Alizha\.vscode\extensions\redhat.java-1.28.1-win32-x64\jre\17.0.10-win32-x86_64\bin\vcruntime140_1.dll
0x00007ffcf4950000 - 0x00007ffcf49dd000 	c:\Users\Alizha\.vscode\extensions\redhat.java-1.28.1-win32-x64\jre\17.0.10-win32-x86_64\bin\msvcp140.dll
0x00007ffcd88d0000 - 0x00007ffcd9532000 	c:\Users\Alizha\.vscode\extensions\redhat.java-1.28.1-win32-x64\jre\17.0.10-win32-x86_64\bin\server\jvm.dll
0x00007ffd78e70000 - 0x00007ffd78f23000 	C:\WINDOWS\System32\ADVAPI32.dll
0x00007ffd79010000 - 0x00007ffd790b8000 	C:\WINDOWS\System32\sechost.dll
0x00007ffd76ed0000 - 0x00007ffd76ef8000 	C:\WINDOWS\System32\bcrypt.dll
0x00007ffd77ec0000 - 0x00007ffd77fd7000 	C:\WINDOWS\System32\RPCRT4.dll
0x00007ffd76730000 - 0x00007ffd7677d000 	C:\WINDOWS\SYSTEM32\POWRPROF.dll
0x00007ffd6b390000 - 0x00007ffd6b399000 	C:\WINDOWS\SYSTEM32\WSOCK32.dll
0x00007ffd78f30000 - 0x00007ffd78fa1000 	C:\WINDOWS\System32\WS2_32.dll
0x00007ffd6ece0000 - 0x00007ffd6ed14000 	C:\WINDOWS\SYSTEM32\WINMM.dll
0x00007ffd6b900000 - 0x00007ffd6b90a000 	C:\WINDOWS\SYSTEM32\VERSION.dll
0x00007ffd76710000 - 0x00007ffd76723000 	C:\WINDOWS\SYSTEM32\UMPDC.dll
0x00007ffd75a20000 - 0x00007ffd75a38000 	C:\WINDOWS\SYSTEM32\kernel.appcore.dll
0x00007ffd6b350000 - 0x00007ffd6b35a000 	c:\Users\Alizha\.vscode\extensions\redhat.java-1.28.1-win32-x64\jre\17.0.10-win32-x86_64\bin\jimage.dll
0x00007ffd743f0000 - 0x00007ffd74623000 	C:\WINDOWS\SYSTEM32\DBGHELP.DLL
0x00007ffd777d0000 - 0x00007ffd77b59000 	C:\WINDOWS\System32\combase.dll
0x00007ffd77520000 - 0x00007ffd775f7000 	C:\WINDOWS\System32\OLEAUT32.dll
0x00007ffd64970000 - 0x00007ffd649a2000 	C:\WINDOWS\SYSTEM32\dbgcore.DLL
0x00007ffd76de0000 - 0x00007ffd76e5a000 	C:\WINDOWS\System32\bcryptPrimitives.dll
0x00007ffd679b0000 - 0x00007ffd679be000 	c:\Users\Alizha\.vscode\extensions\redhat.java-1.28.1-win32-x64\jre\17.0.10-win32-x86_64\bin\instrument.dll
0x00007ffd244b0000 - 0x00007ffd244d5000 	c:\Users\Alizha\.vscode\extensions\redhat.java-1.28.1-win32-x64\jre\17.0.10-win32-x86_64\bin\java.dll
0x00007ffd24470000 - 0x00007ffd24488000 	c:\Users\Alizha\.vscode\extensions\redhat.java-1.28.1-win32-x64\jre\17.0.10-win32-x86_64\bin\zip.dll
0x00007ffd780b0000 - 0x00007ffd7890b000 	C:\WINDOWS\System32\SHELL32.dll
0x00007ffd74920000 - 0x00007ffd75216000 	C:\WINDOWS\SYSTEM32\windows.storage.dll
0x00007ffd747e0000 - 0x00007ffd7491e000 	C:\WINDOWS\SYSTEM32\wintypes.dll
0x00007ffd77cc0000 - 0x00007ffd77db3000 	C:\WINDOWS\System32\SHCORE.dll
0x00007ffd77dd0000 - 0x00007ffd77e2e000 	C:\WINDOWS\System32\shlwapi.dll
0x00007ffd76940000 - 0x00007ffd76966000 	C:\WINDOWS\SYSTEM32\profapi.dll
0x00007ffd243c0000 - 0x00007ffd243d9000 	C:\Users\Alizha\.vscode\extensions\redhat.java-1.28.1-win32-x64\jre\17.0.10-win32-x86_64\bin\net.dll
0x00007ffd70790000 - 0x00007ffd708c7000 	C:\WINDOWS\SYSTEM32\WINHTTP.dll
0x00007ffd75eb0000 - 0x00007ffd75f19000 	C:\WINDOWS\system32\mswsock.dll
0x00007ffd12e70000 - 0x00007ffd12e86000 	C:\Users\Alizha\.vscode\extensions\redhat.java-1.28.1-win32-x64\jre\17.0.10-win32-x86_64\bin\nio.dll
0x00007ffd51630000 - 0x00007ffd51640000 	c:\Users\Alizha\.vscode\extensions\redhat.java-1.28.1-win32-x64\jre\17.0.10-win32-x86_64\bin\verify.dll

dbghelp: loaded successfully - version: 4.0.5 - missing functions: none
symbol engine: initialized successfully - sym options: 0x614 - pdb path: .;c:\Users\Alizha\.vscode\extensions\redhat.java-1.28.1-win32-x64\jre\17.0.10-win32-x86_64\bin;C:\WINDOWS\SYSTEM32;C:\WINDOWS\WinSxS\amd64_microsoft.windows.common-controls_6595b64144ccf1df_6.0.22621.2506_none_270c5ae97388e100;c:\Users\Alizha\.vscode\extensions\redhat.java-1.28.1-win32-x64\jre\17.0.10-win32-x86_64\bin\server

VM Arguments:
jvm_args: --add-modules=ALL-SYSTEM --add-opens=java.base/java.util=ALL-UNNAMED --add-opens=java.base/java.lang=ALL-UNNAMED --add-opens=java.base/sun.nio.fs=ALL-UNNAMED -Declipse.application=org.eclipse.jdt.ls.core.id1 -Dosgi.bundles.defaultStartLevel=4 -Declipse.product=org.eclipse.jdt.ls.core.product -Djava.import.generatesMetadataFilesAtProjectRoot=false -DDetectVMInstallationsJob.disabled=true -Dfile.encoding=utf8 -XX:+UseParallelGC -XX:GCTimeRatio=4 -XX:AdaptiveSizePolicyWeight=90 -Dsun.zip.disableMemoryMapping=true -Xmx1G -Xms100m -Xlog:disable -javaagent:c:\Users\Alizha\.vscode\extensions\redhat.java-1.28.1-win32-x64\lombok\lombok-1.18.31.jar 
java_command: c:\Users\Alizha\.vscode\extensions\redhat.java-1.28.1-win32-x64\server\plugins\org.eclipse.equinox.launcher_1.6.700.v20231214-2017.jar -configuration c:\Users\Alizha\AppData\Roaming\Code\User\globalStorage\redhat.java\1.28.1\config_ss_win -data c:\Users\Alizha\AppData\Roaming\Code\User\workspaceStorage\8d68d11bca368d431e0ffcbe580ad2c9\redhat.java\ss_ws --stdio
java_class_path (initial): c:\Users\Alizha\.vscode\extensions\redhat.java-1.28.1-win32-x64\server\plugins\org.eclipse.equinox.launcher_1.6.700.v20231214-2017.jar
Launcher Type: SUN_STANDARD

[Global flags]
    uintx AdaptiveSizePolicyWeight                 = 90                                        {product} {command line}
     intx CICompilerCount                          = 4                                         {product} {ergonomic}
    uintx GCTimeRatio                              = 4                                         {product} {command line}
   size_t InitialHeapSize                          = 104857600                                 {product} {command line}
   size_t MaxHeapSize                              = 1073741824                                {product} {command line}
   size_t MaxNewSize                               = 357564416                                 {product} {ergonomic}
   size_t MinHeapDeltaBytes                        = 524288                                    {product} {ergonomic}
   size_t MinHeapSize                              = 104857600                                 {product} {command line}
   size_t NewSize                                  = 34603008                                  {product} {ergonomic}
    uintx NonNMethodCodeHeapSize                   = 5839372                                {pd product} {ergonomic}
    uintx NonProfiledCodeHeapSize                  = 122909434                              {pd product} {ergonomic}
   size_t OldSize                                  = 70254592                                  {product} {ergonomic}
    uintx ProfiledCodeHeapSize                     = 122909434                              {pd product} {ergonomic}
    uintx ReservedCodeCacheSize                    = 251658240                              {pd product} {ergonomic}
     bool SegmentedCodeCache                       = true                                      {product} {ergonomic}
   size_t SoftMaxHeapSize                          = 1073741824                             {manageable} {ergonomic}
     bool UseCompressedClassPointers               = true                           {product lp64_product} {ergonomic}
     bool UseCompressedOops                        = true                           {product lp64_product} {ergonomic}
     bool UseLargePagesIndividualAllocation        = false                                  {pd product} {ergonomic}
     bool UseParallelGC                            = true                                      {product} {command line}

Logging:
Log output configuration:
 #0: stdout all=off uptime,level,tags
 #1: stderr all=off uptime,level,tags

Environment Variables:
JAVA_HOME=C:\Program Files\Java\jdk-17
PATH=C:\Program Files\Common Files\Oracle\Java\javapath;C:\Program Files (x86)\Common Files\Oracle\Java\javapath;C:\Program Files\PostgreSQL\15\bin;C:\WINDOWS\system32;C:\WINDOWS;C:\WINDOWS\System32\Wbem;C:\WINDOWS\System32\WindowsPowerShell\v1.0\;C:\WINDOWS\System32\OpenSSH\;C:\Program Files\kotlinc\bin;C:\Program Files\PuTTY\;C:\Program Files\Git\cmd;C:\Program Files\Docker\Docker\resources\bin;C:\Program Files\Java\jdk-17;C:\Users\Alizha\AppData\Local\Programs\Python\Python39\Scripts\;C:\Users\Alizha\AppData\Local\Programs\Python\Python39\;C:\Users\Alizha\AppData\Local\Microsoft\WindowsApps;D:\Microsoft VS Code\bin;C:\Program Files\Git;C:\Users\Alizha\c sosi\MinGW\bin;C:\Users\Alizha\Flutter\flutter_windows_3.3.7-stable\flutter\bin;
USERNAME=Alizha
OS=Windows_NT
PROCESSOR_IDENTIFIER=AMD64 Family 23 Model 104 Stepping 1, AuthenticAMD
TMP=C:\Users\Alizha\AppData\Local\Temp
TEMP=C:\Users\Alizha\AppData\Local\Temp



Periodic native trim disabled


---------------  S Y S T E M  ---------------

OS:
 Windows 11 , 64 bit Build 22621 (10.0.22621.3085)
OS uptime: 1 days 15:23 hours
Hyper-V role detected

CPU: total 12 (initial active 12) (12 cores per cpu, 2 threads per core) family 23 model 104 stepping 1 microcode 0x0, cx8, cmov, fxsr, ht, mmx, 3dnowpref, sse, sse2, sse3, ssse3, sse4a, sse4.1, sse4.2, popcnt, lzcnt, tsc, tscinvbit, avx, avx2, aes, clmul, bmi1, bmi2, adx, sha, fma, vzeroupper, clflush, clflushopt, hv
Processor Information for all 12 processors :
  Max Mhz: 2100, Current Mhz: 2100, Mhz Limit: 2100

Memory: 4k page, system-wide physical 6005M (54M free)
TotalPageFile size 24437M (AvailPageFile size 104M)
current process WorkingSet (physical memory assigned to process): 79M, peak: 79M
current process commit charge ("private bytes"): 207M, peak: 208M

vm_info: OpenJDK 64-Bit Server VM (17.0.10+7) for windows-amd64 JRE (17.0.10+7), built on Jan 16 2024 23:25:11 by "admin" with MS VC++ 16.10 / 16.11 (VS2019)

END.
