#
# There is insufficient memory for the Java Runtime Environment to continue.
# Native memory allocation (malloc) failed to allocate 858368 bytes for Chunk::new
# Possible reasons:
#   The system is out of physical RAM or swap space
#   The process is running with CompressedOops enabled, and the Java Heap may be blocking the growth of the native heap
# Possible solutions:
#   Reduce memory load on the system
#   Increase physical memory or swap space
#   Check if swap backing store is full
#   Decrease Java heap size (-Xmx/-Xms)
#   Decrease number of Java threads
#   Decrease Java thread stack sizes (-Xss)
#   Set larger code cache with -XX:ReservedCodeCacheSize=
#   JVM is running with Unscaled Compressed Oops mode in which the Java heap is
#     placed in the first 4GB address space. The Java Heap base address is the
#     maximum limit for the native heap growth. Please use -XX:HeapBaseMinAddress
#     to set the Java Heap base and to place the Java Heap above 4GB virtual address.
# This output file may be truncated or incomplete.
#
#  Out of Memory Error (arena.cpp:191), pid=5196, tid=34840
#
# JRE version: OpenJDK Runtime Environment Temurin-17.0.10+7 (17.0.10+7) (build 17.0.10+7)
# Java VM: OpenJDK 64-Bit Server VM Temurin-17.0.10+7 (17.0.10+7, mixed mode, tiered, compressed oops, compressed class ptrs, parallel gc, windows-amd64)
# No core dump will be written. Minidumps are not enabled by default on client versions of Windows
#

---------------  S U M M A R Y ------------

Command Line: --add-modules=ALL-SYSTEM --add-opens=java.base/java.util=ALL-UNNAMED --add-opens=java.base/java.lang=ALL-UNNAMED --add-opens=java.base/sun.nio.fs=ALL-UNNAMED -Declipse.application=org.eclipse.jdt.ls.core.id1 -Dosgi.bundles.defaultStartLevel=4 -Declipse.product=org.eclipse.jdt.ls.core.product -Djava.import.generatesMetadataFilesAtProjectRoot=false -DDetectVMInstallationsJob.disabled=true -Dfile.encoding=utf8 -XX:+UseParallelGC -XX:GCTimeRatio=4 -XX:AdaptiveSizePolicyWeight=90 -Dsun.zip.disableMemoryMapping=true -Xmx1G -Xms100m -Xlog:disable -javaagent:c:\Users\Alizha\.vscode\extensions\redhat.java-1.28.1-win32-x64\lombok\lombok-1.18.31.jar -XX:+HeapDumpOnOutOfMemoryError -XX:HeapDumpPath=c:\Users\Alizha\AppData\Roaming\Code\User\workspaceStorage\8d68d11bca368d431e0ffcbe580ad2c9\redhat.java -Daether.dependencyCollector.impl=bf c:\Users\Alizha\.vscode\extensions\redhat.java-1.28.1-win32-x64\server\plugins\org.eclipse.equinox.launcher_1.6.700.v20231214-2017.jar -configuration c:\Users\Alizha\AppData\Roaming\Code\User\globalStorage\redhat.java\1.28.1\config_win -data c:\Users\Alizha\AppData\Roaming\Code\User\workspaceStorage\8d68d11bca368d431e0ffcbe580ad2c9\redhat.java\jdt_ws --stdio

Host: AMD Ryzen 5 5500U with Radeon Graphics         , 12 cores, 5G,  Windows 11 , 64 bit Build 22621 (10.0.22621.3085)
Time: Sun Mar  3 15:23:38 2024 SE Asia Standard Time elapsed time: 24.153936 seconds (0d 0h 0m 24s)

---------------  T H R E A D  ---------------

Current thread (0x000002af2ca6e760):  JavaThread "C2 CompilerThread0" daemon [_thread_in_native, id=34840, stack(0x000000f511600000,0x000000f511700000)]


Current CompileTask:
C2:  24154 7110 % !   4       org.eclipse.jdt.internal.compiler.classfmt.ClassFileReader::<init> @ 758 (2113 bytes)

Stack: [0x000000f511600000,0x000000f511700000]
Native frames: (J=compiled Java code, j=interpreted, Vv=VM code, C=native code)
V  [jvm.dll+0x67d2c9]
V  [jvm.dll+0x834afa]
V  [jvm.dll+0x8365be]
V  [jvm.dll+0x836c23]
V  [jvm.dll+0x2477ff]
V  [jvm.dll+0xac514]
V  [jvm.dll+0xacb5c]
V  [jvm.dll+0x3667d7]
V  [jvm.dll+0x330bfa]
V  [jvm.dll+0x33009a]
V  [jvm.dll+0x219ef1]
V  [jvm.dll+0x219311]
V  [jvm.dll+0x1a502d]
V  [jvm.dll+0x2290de]
V  [jvm.dll+0x2272ac]
V  [jvm.dll+0x7e9bb7]
V  [jvm.dll+0x7e3fba]
V  [jvm.dll+0x67c1b5]
C  [ucrtbase.dll+0x29363]
C  [KERNEL32.DLL+0x1257d]
C  [ntdll.dll+0x5aa58]


---------------  P R O C E S S  ---------------

Threads class SMR info:
_java_thread_list=0x000002af35502a50, length=31, elements={
0x000002af16ca00e0, 0x000002af31b38030, 0x000002af31b3a870, 0x000002af2ca6a3e0,
0x000002af2ca6b070, 0x000002af2ca6bef0, 0x000002af2ca6d9c0, 0x000002af2ca6e760,
0x000002af31b605b0, 0x000002af31b69690, 0x000002af31c96d70, 0x000002af332d0dc0,
0x000002af33a11cb0, 0x000002af3382de60, 0x000002af3382e340, 0x000002af33dc09b0,
0x000002af3404cbc0, 0x000002af33ff44a0, 0x000002af33ff3f90, 0x000002af33ff3060,
0x000002af33ff3570, 0x000002af33ff3a80, 0x000002af34467770, 0x000002af3446af20,
0x000002af344686a0, 0x000002af34467260, 0x000002af34469ae0, 0x000002af34466330,
0x000002af34467c80, 0x000002af3446be50, 0x000002af34465e20
}

Java Threads: ( => current thread )
  0x000002af16ca00e0 JavaThread "main" [_thread_blocked, id=36532, stack(0x000000f510d00000,0x000000f510e00000)]
  0x000002af31b38030 JavaThread "Reference Handler" daemon [_thread_blocked, id=17596, stack(0x000000f511000000,0x000000f511100000)]
  0x000002af31b3a870 JavaThread "Finalizer" daemon [_thread_blocked, id=38480, stack(0x000000f511100000,0x000000f511200000)]
  0x000002af2ca6a3e0 JavaThread "Signal Dispatcher" daemon [_thread_blocked, id=35780, stack(0x000000f511200000,0x000000f511300000)]
  0x000002af2ca6b070 JavaThread "Attach Listener" daemon [_thread_blocked, id=21500, stack(0x000000f511300000,0x000000f511400000)]
  0x000002af2ca6bef0 JavaThread "Service Thread" daemon [_thread_blocked, id=22064, stack(0x000000f511400000,0x000000f511500000)]
  0x000002af2ca6d9c0 JavaThread "Monitor Deflation Thread" daemon [_thread_blocked, id=26664, stack(0x000000f511500000,0x000000f511600000)]
=>0x000002af2ca6e760 JavaThread "C2 CompilerThread0" daemon [_thread_in_native, id=34840, stack(0x000000f511600000,0x000000f511700000)]
  0x000002af31b605b0 JavaThread "C1 CompilerThread0" daemon [_thread_blocked, id=29708, stack(0x000000f511700000,0x000000f511800000)]
  0x000002af31b69690 JavaThread "Sweeper thread" daemon [_thread_blocked, id=18764, stack(0x000000f511800000,0x000000f511900000)]
  0x000002af31c96d70 JavaThread "Common-Cleaner" daemon [_thread_blocked, id=32484, stack(0x000000f511900000,0x000000f511a00000)]
  0x000002af332d0dc0 JavaThread "Notification Thread" daemon [_thread_blocked, id=20732, stack(0x000000f511a00000,0x000000f511b00000)]
  0x000002af33a11cb0 JavaThread "Active Thread: Equinox Container: 5bb68ce3-da7e-48dc-839c-2a4022a41a3d" [_thread_blocked, id=24064, stack(0x000000f512200000,0x000000f512300000)]
  0x000002af3382de60 JavaThread "Framework Event Dispatcher: Equinox Container: 5bb68ce3-da7e-48dc-839c-2a4022a41a3d" daemon [_thread_blocked, id=33960, stack(0x000000f512300000,0x000000f512400000)]
  0x000002af3382e340 JavaThread "Start Level: Equinox Container: 5bb68ce3-da7e-48dc-839c-2a4022a41a3d" daemon [_thread_blocked, id=29252, stack(0x000000f512400000,0x000000f512500000)]
  0x000002af33dc09b0 JavaThread "Bundle File Closer" daemon [_thread_blocked, id=18624, stack(0x000000f512600000,0x000000f512700000)]
  0x000002af3404cbc0 JavaThread "SCR Component Actor" daemon [_thread_blocked, id=16628, stack(0x000000f512700000,0x000000f512800000)]
  0x000002af33ff44a0 JavaThread "Worker-JM" [_thread_blocked, id=15588, stack(0x000000f512b00000,0x000000f512c00000)]
  0x000002af33ff3f90 JavaThread "Worker-0" [_thread_blocked, id=29740, stack(0x000000f512c00000,0x000000f512d00000)]
  0x000002af33ff3060 JavaThread "Worker-1: Initialize Workspace" [_thread_blocked, id=19880, stack(0x000000f512d00000,0x000000f512e00000)]
  0x000002af33ff3570 JavaThread "Worker-2: Java indexing... " [_thread_blocked, id=14436, stack(0x000000f512e00000,0x000000f512f00000)]
  0x000002af33ff3a80 JavaThread "Worker-3" [_thread_blocked, id=31824, stack(0x000000f512f00000,0x000000f513000000)]
  0x000002af34467770 JavaThread "Java indexing" daemon [_thread_in_vm, id=38148, stack(0x000000f512a00000,0x000000f512b00000)]
  0x000002af3446af20 JavaThread "JNA Cleaner" daemon [_thread_blocked, id=11416, stack(0x000000f513000000,0x000000f513100000)]
  0x000002af344686a0 JavaThread "pool-2-thread-1" [_thread_blocked, id=29600, stack(0x000000f513100000,0x000000f513200000)]
  0x000002af34467260 JavaThread "WorkspaceEventsHandler" [_thread_blocked, id=11152, stack(0x000000f513200000,0x000000f513300000)]
  0x000002af34469ae0 JavaThread "pool-1-thread-1" [_thread_blocked, id=22560, stack(0x000000f513300000,0x000000f513400000)]
  0x000002af34466330 JavaThread "pool-3-thread-1" [_thread_in_native, id=37484, stack(0x000000f513400000,0x000000f513500000)]
  0x000002af34467c80 JavaThread "Worker-4" [_thread_blocked, id=10316, stack(0x000000f513500000,0x000000f513600000)]
  0x000002af3446be50 JavaThread "Worker-5" [_thread_blocked, id=6444, stack(0x000000f513600000,0x000000f513700000)]
  0x000002af34465e20 JavaThread "Worker-6" [_thread_blocked, id=2004, stack(0x000000f513700000,0x000000f513800000)]

Other Threads:
  0x000002af31b24870 VMThread "VM Thread" [stack: 0x000000f510f00000,0x000000f511000000] [id=32936]
  0x000002af332df340 WatcherThread [stack: 0x000000f511b00000,0x000000f511c00000] [id=25272]
  0x000002af16cb38a0 GCTaskThread "GC Thread#0" [stack: 0x000000f510e00000,0x000000f510f00000] [id=21680]
  0x000002af334f3080 GCTaskThread "GC Thread#1" [stack: 0x000000f511c00000,0x000000f511d00000] [id=26868]
  0x000002af3387a150 GCTaskThread "GC Thread#2" [stack: 0x000000f511d00000,0x000000f511e00000] [id=3224]
  0x000002af3391f010 GCTaskThread "GC Thread#3" [stack: 0x000000f511e00000,0x000000f511f00000] [id=34156]
  0x000002af3391f2d0 GCTaskThread "GC Thread#4" [stack: 0x000000f511f00000,0x000000f512000000] [id=22756]
  0x000002af3391f590 GCTaskThread "GC Thread#5" [stack: 0x000000f512000000,0x000000f512100000] [id=27596]
  0x000002af335d9fb0 GCTaskThread "GC Thread#6" [stack: 0x000000f512100000,0x000000f512200000] [id=23852]
  0x000002af334f3570 GCTaskThread "GC Thread#7" [stack: 0x000000f512500000,0x000000f512600000] [id=38952]
  0x000002af340ef870 GCTaskThread "GC Thread#8" [stack: 0x000000f512800000,0x000000f512900000] [id=10136]
  0x000002af341c2cb0 GCTaskThread "GC Thread#9" [stack: 0x000000f512900000,0x000000f512a00000] [id=12188]

Threads with active compile tasks:
C2 CompilerThread0    24188 7110 % !   4       org.eclipse.jdt.internal.compiler.classfmt.ClassFileReader::<init> @ 758 (2113 bytes)

VM state: not at safepoint (normal execution)

VM Mutex/Monitor currently owned by a thread: None

Heap address: 0x00000000c0000000, size: 1024 MB, Compressed Oops mode: 32-bit

CDS archive(s) not mapped
Compressed class space mapped at: 0x0000000100000000-0x0000000140000000, reserved size: 1073741824
Narrow klass base: 0x0000000000000000, Narrow klass shift: 3, Narrow klass range: 0x140000000

GC Precious Log:
 CPUs: 12 total, 12 available
 Memory: 6005M
 Large Page Support: Disabled
 NUMA Support: Disabled
 Compressed Oops: Enabled (32-bit)
 Alignments: Space 512K, Generation 512K, Heap 2M
 Heap Min Capacity: 100M
 Heap Initial Capacity: 100M
 Heap Max Capacity: 1G
 Pre-touch: Disabled
 Parallel Workers: 10

Heap:
 PSYoungGen      total 26112K, used 16925K [0x00000000eab00000, 0x00000000ec980000, 0x0000000100000000)
  eden space 20992K, 58% used [0x00000000eab00000,0x00000000eb6f15d8,0x00000000ebf80000)
  from space 5120K, 91% used [0x00000000ec480000,0x00000000ec9160d0,0x00000000ec980000)
  to   space 5120K, 0% used [0x00000000ebf80000,0x00000000ebf80000,0x00000000ec480000)
 ParOldGen       total 68608K, used 49545K [0x00000000c0000000, 0x00000000c4300000, 0x00000000eab00000)
  object space 68608K, 72% used [0x00000000c0000000,0x00000000c3062470,0x00000000c4300000)
 Metaspace       used 54087K, committed 55040K, reserved 1114112K
  class space    used 5787K, committed 6208K, reserved 1048576K

Card table byte_map: [0x000002af2a300000,0x000002af2a510000] _byte_map_base: 0x000002af29d00000

Marking Bits: (ParMarkBitMap*) 0x00007ffff8e1d7d0
 Begin Bits: [0x000002af2a670000, 0x000002af2b670000)
 End Bits:   [0x000002af2b670000, 0x000002af2c670000)

Polling page: 0x000002af16d40000

Metaspace:

Usage:
  Non-class:     47.17 MB used.
      Class:      5.65 MB used.
       Both:     52.82 MB used.

Virtual space:
  Non-class space:       64.00 MB reserved,      47.69 MB ( 75%) committed,  1 nodes.
      Class space:        1.00 GB reserved,       6.06 MB ( <1%) committed,  1 nodes.
             Both:        1.06 GB reserved,      53.75 MB (  5%) committed. 

Chunk freelists:
   Non-Class:  15.52 MB
       Class:  9.88 MB
        Both:  25.39 MB

MaxMetaspaceSize: unlimited
CompressedClassSpaceSize: 1.00 GB
Initial GC threshold: 21.00 MB
Current GC threshold: 58.38 MB
CDS: off
MetaspaceReclaimPolicy: balanced
 - commit_granule_bytes: 65536.
 - commit_granule_words: 8192.
 - virtual_space_node_default_size: 8388608.
 - enlarge_chunks_in_place: 1.
 - new_chunks_are_fully_committed: 0.
 - uncommit_free_chunks: 1.
 - use_allocation_guard: 0.
 - handle_deallocations: 1.


Internal statistics:

num_allocs_failed_limit: 6.
num_arena_births: 486.
num_arena_deaths: 14.
num_vsnodes_births: 2.
num_vsnodes_deaths: 0.
num_space_committed: 860.
num_space_uncommitted: 0.
num_chunks_returned_to_freelist: 20.
num_chunks_taken_from_freelist: 2410.
num_chunk_merges: 5.
num_chunk_splits: 1579.
num_chunks_enlarged: 1064.
num_inconsistent_stats: 0.

CodeHeap 'non-profiled nmethods': size=120000Kb used=3035Kb max_used=3035Kb free=116964Kb
 bounds [0x000002af22bf0000, 0x000002af22ef0000, 0x000002af2a120000]
CodeHeap 'profiled nmethods': size=120000Kb used=13128Kb max_used=13128Kb free=106872Kb
 bounds [0x000002af1b120000, 0x000002af1be00000, 0x000002af22650000]
CodeHeap 'non-nmethods': size=5760Kb used=1300Kb max_used=1348Kb free=4459Kb
 bounds [0x000002af22650000, 0x000002af228c0000, 0x000002af22bf0000]
 total_blobs=6983 nmethods=6355 adapters=540
 compilation: enabled
              stopped_count=0, restarted_count=0
 full_count=0

Compilation events (20 events):
Event: 24.061 Thread 0x000002af31b605b0 7216       3       org.eclipse.jdt.internal.core.util.Util::getJavaLikeExtensions (199 bytes)
Event: 24.063 Thread 0x000002af31b605b0 nmethod 7216 0x000002af1bde4590 code [0x000002af1bde4980, 0x000002af1bde6a08]
Event: 24.109 Thread 0x000002af31b605b0 7217       3       org.eclipse.jdt.internal.core.search.matching.SuperTypeReferencePattern::createIndexKey (619 bytes)
Event: 24.111 Thread 0x000002af31b605b0 nmethod 7217 0x000002af1bde7490 code [0x000002af1bde7840, 0x000002af1bde9628]
Event: 24.111 Thread 0x000002af31b605b0 7219       3       jdk.internal.jrtfs.JrtFileSystem::getPath (102 bytes)
Event: 24.113 Thread 0x000002af31b605b0 nmethod 7219 0x000002af1bdea410 code [0x000002af1bdea6c0, 0x000002af1bdeb338]
Event: 24.113 Thread 0x000002af31b605b0 7218       3       jdk.internal.jrtfs.JrtFileSystem::getPath (7 bytes)
Event: 24.113 Thread 0x000002af31b605b0 nmethod 7218 0x000002af1bdeb890 code [0x000002af1bdeba40, 0x000002af1bdebb88]
Event: 24.113 Thread 0x000002af31b605b0 7220       3       jdk.internal.jrtfs.JrtPath::hashCode (8 bytes)
Event: 24.113 Thread 0x000002af31b605b0 nmethod 7220 0x000002af1bdebc90 code [0x000002af1bdebe40, 0x000002af1bdebf88]
Event: 24.118 Thread 0x000002af31b605b0 7221       3       java.nio.HeapByteBuffer::put (64 bytes)
Event: 24.119 Thread 0x000002af31b605b0 nmethod 7221 0x000002af1bdec090 code [0x000002af1bdec2c0, 0x000002af1bdecbb8]
Event: 24.121 Thread 0x000002af31b605b0 7222       3       java.net.URI::appendAuthority (269 bytes)
Event: 24.123 Thread 0x000002af31b605b0 nmethod 7222 0x000002af1bdecf90 code [0x000002af1bded420, 0x000002af1bdef058]
Event: 24.124 Thread 0x000002af31b605b0 7223       3       java.net.URI::checkPath (38 bytes)
Event: 24.124 Thread 0x000002af31b605b0 nmethod 7223 0x000002af1bdefb90 code [0x000002af1bdefdc0, 0x000002af1bdf05c8]
Event: 24.127 Thread 0x000002af31b605b0 7226       3       org.eclipse.jdt.internal.core.util.Util::indexOfJavaLikeExtension (112 bytes)
Event: 24.129 Thread 0x000002af31b605b0 nmethod 7226 0x000002af1bdf0910 code [0x000002af1bdf0bc0, 0x000002af1bdf1b08]
Event: 24.148 Thread 0x000002af31b605b0 7227       3       org.eclipse.jdt.internal.compiler.util.SoftClassCache$ClassBytes::getBytes (65 bytes)
Event: 24.149 Thread 0x000002af31b605b0 nmethod 7227 0x000002af1bdf2210 code [0x000002af1bdf2440, 0x000002af1bdf2c88]

GC Heap History (20 events):
Event: 19.290 GC heap before
{Heap before GC invocations=23 (full 2):
 PSYoungGen      total 24576K, used 24512K [0x00000000eab00000, 0x00000000ec580000, 0x0000000100000000)
  eden space 22016K, 100% used [0x00000000eab00000,0x00000000ec080000,0x00000000ec080000)
  from space 2560K, 97% used [0x00000000ec300000,0x00000000ec570000,0x00000000ec580000)
  to   space 2560K, 0% used [0x00000000ec080000,0x00000000ec080000,0x00000000ec300000)
 ParOldGen       total 68608K, used 27440K [0x00000000c0000000, 0x00000000c4300000, 0x00000000eab00000)
  object space 68608K, 39% used [0x00000000c0000000,0x00000000c1acc050,0x00000000c4300000)
 Metaspace       used 51796K, committed 52736K, reserved 1114112K
  class space    used 5597K, committed 6016K, reserved 1048576K
}
Event: 19.293 GC heap after
{Heap after GC invocations=23 (full 2):
 PSYoungGen      total 24576K, used 2528K [0x00000000eab00000, 0x00000000ecb80000, 0x0000000100000000)
  eden space 22016K, 0% used [0x00000000eab00000,0x00000000eab00000,0x00000000ec080000)
  from space 2560K, 98% used [0x00000000ec080000,0x00000000ec2f8010,0x00000000ec300000)
  to   space 5632K, 0% used [0x00000000ec600000,0x00000000ec600000,0x00000000ecb80000)
 ParOldGen       total 68608K, used 29848K [0x00000000c0000000, 0x00000000c4300000, 0x00000000eab00000)
  object space 68608K, 43% used [0x00000000c0000000,0x00000000c1d26050,0x00000000c4300000)
 Metaspace       used 51796K, committed 52736K, reserved 1114112K
  class space    used 5597K, committed 6016K, reserved 1048576K
}
Event: 19.881 GC heap before
{Heap before GC invocations=24 (full 2):
 PSYoungGen      total 24576K, used 24544K [0x00000000eab00000, 0x00000000ecb80000, 0x0000000100000000)
  eden space 22016K, 100% used [0x00000000eab00000,0x00000000ec080000,0x00000000ec080000)
  from space 2560K, 98% used [0x00000000ec080000,0x00000000ec2f8010,0x00000000ec300000)
  to   space 5632K, 0% used [0x00000000ec600000,0x00000000ec600000,0x00000000ecb80000)
 ParOldGen       total 68608K, used 29848K [0x00000000c0000000, 0x00000000c4300000, 0x00000000eab00000)
  object space 68608K, 43% used [0x00000000c0000000,0x00000000c1d26050,0x00000000c4300000)
 Metaspace       used 52479K, committed 53504K, reserved 1114112K
  class space    used 5661K, committed 6080K, reserved 1048576K
}
Event: 19.885 GC heap after
{Heap after GC invocations=24 (full 2):
 PSYoungGen      total 25088K, used 2720K [0x00000000eab00000, 0x00000000ec900000, 0x0000000100000000)
  eden space 22016K, 0% used [0x00000000eab00000,0x00000000eab00000,0x00000000ec080000)
  from space 3072K, 88% used [0x00000000ec600000,0x00000000ec8a8000,0x00000000ec900000)
  to   space 3584K, 0% used [0x00000000ec200000,0x00000000ec200000,0x00000000ec580000)
 ParOldGen       total 68608K, used 32392K [0x00000000c0000000, 0x00000000c4300000, 0x00000000eab00000)
  object space 68608K, 47% used [0x00000000c0000000,0x00000000c1fa2060,0x00000000c4300000)
 Metaspace       used 52479K, committed 53504K, reserved 1114112K
  class space    used 5661K, committed 6080K, reserved 1048576K
}
Event: 20.579 GC heap before
{Heap before GC invocations=25 (full 2):
 PSYoungGen      total 25088K, used 24736K [0x00000000eab00000, 0x00000000ec900000, 0x0000000100000000)
  eden space 22016K, 100% used [0x00000000eab00000,0x00000000ec080000,0x00000000ec080000)
  from space 3072K, 88% used [0x00000000ec600000,0x00000000ec8a8000,0x00000000ec900000)
  to   space 3584K, 0% used [0x00000000ec200000,0x00000000ec200000,0x00000000ec580000)
 ParOldGen       total 68608K, used 32392K [0x00000000c0000000, 0x00000000c4300000, 0x00000000eab00000)
  object space 68608K, 47% used [0x00000000c0000000,0x00000000c1fa2060,0x00000000c4300000)
 Metaspace       used 52715K, committed 53696K, reserved 1114112K
  class space    used 5677K, committed 6080K, reserved 1048576K
}
Event: 20.583 GC heap after
{Heap after GC invocations=25 (full 2):
 PSYoungGen      total 25600K, used 3573K [0x00000000eab00000, 0x00000000ece80000, 0x0000000100000000)
  eden space 22016K, 0% used [0x00000000eab00000,0x00000000eab00000,0x00000000ec080000)
  from space 3584K, 99% used [0x00000000ec200000,0x00000000ec57d5d8,0x00000000ec580000)
  to   space 7168K, 0% used [0x00000000ec780000,0x00000000ec780000,0x00000000ece80000)
 ParOldGen       total 68608K, used 35019K [0x00000000c0000000, 0x00000000c4300000, 0x00000000eab00000)
  object space 68608K, 51% used [0x00000000c0000000,0x00000000c2232c58,0x00000000c4300000)
 Metaspace       used 52715K, committed 53696K, reserved 1114112K
  class space    used 5677K, committed 6080K, reserved 1048576K
}
Event: 20.709 GC heap before
{Heap before GC invocations=26 (full 2):
 PSYoungGen      total 25600K, used 25589K [0x00000000eab00000, 0x00000000ece80000, 0x0000000100000000)
  eden space 22016K, 100% used [0x00000000eab00000,0x00000000ec080000,0x00000000ec080000)
  from space 3584K, 99% used [0x00000000ec200000,0x00000000ec57d5d8,0x00000000ec580000)
  to   space 7168K, 0% used [0x00000000ec780000,0x00000000ec780000,0x00000000ece80000)
 ParOldGen       total 68608K, used 35019K [0x00000000c0000000, 0x00000000c4300000, 0x00000000eab00000)
  object space 68608K, 51% used [0x00000000c0000000,0x00000000c2232c58,0x00000000c4300000)
 Metaspace       used 52751K, committed 53696K, reserved 1114112K
  class space    used 5683K, committed 6080K, reserved 1048576K
}
Event: 20.714 GC heap after
{Heap after GC invocations=26 (full 2):
 PSYoungGen      total 24576K, used 2146K [0x00000000eab00000, 0x00000000eca00000, 0x0000000100000000)
  eden space 22016K, 0% used [0x00000000eab00000,0x00000000eab00000,0x00000000ec080000)
  from space 2560K, 83% used [0x00000000ec780000,0x00000000ec998a08,0x00000000eca00000)
  to   space 4096K, 0% used [0x00000000ec200000,0x00000000ec200000,0x00000000ec600000)
 ParOldGen       total 68608K, used 38227K [0x00000000c0000000, 0x00000000c4300000, 0x00000000eab00000)
  object space 68608K, 55% used [0x00000000c0000000,0x00000000c2554c78,0x00000000c4300000)
 Metaspace       used 52751K, committed 53696K, reserved 1114112K
  class space    used 5683K, committed 6080K, reserved 1048576K
}
Event: 20.837 GC heap before
{Heap before GC invocations=27 (full 2):
 PSYoungGen      total 24576K, used 24162K [0x00000000eab00000, 0x00000000eca00000, 0x0000000100000000)
  eden space 22016K, 100% used [0x00000000eab00000,0x00000000ec080000,0x00000000ec080000)
  from space 2560K, 83% used [0x00000000ec780000,0x00000000ec998a08,0x00000000eca00000)
  to   space 4096K, 0% used [0x00000000ec200000,0x00000000ec200000,0x00000000ec600000)
 ParOldGen       total 68608K, used 38227K [0x00000000c0000000, 0x00000000c4300000, 0x00000000eab00000)
  object space 68608K, 55% used [0x00000000c0000000,0x00000000c2554c78,0x00000000c4300000)
 Metaspace       used 52920K, committed 53952K, reserved 1114112K
  class space    used 5699K, committed 6144K, reserved 1048576K
}
Event: 20.838 GC heap after
{Heap after GC invocations=27 (full 2):
 PSYoungGen      total 26112K, used 320K [0x00000000eab00000, 0x00000000ec800000, 0x0000000100000000)
  eden space 22016K, 0% used [0x00000000eab00000,0x00000000eab00000,0x00000000ec080000)
  from space 4096K, 7% used [0x00000000ec200000,0x00000000ec250000,0x00000000ec600000)
  to   space 1536K, 0% used [0x00000000ec680000,0x00000000ec680000,0x00000000ec800000)
 ParOldGen       total 68608K, used 38586K [0x00000000c0000000, 0x00000000c4300000, 0x00000000eab00000)
  object space 68608K, 56% used [0x00000000c0000000,0x00000000c25ae938,0x00000000c4300000)
 Metaspace       used 52920K, committed 53952K, reserved 1114112K
  class space    used 5699K, committed 6144K, reserved 1048576K
}
Event: 21.033 GC heap before
{Heap before GC invocations=28 (full 2):
 PSYoungGen      total 26112K, used 22336K [0x00000000eab00000, 0x00000000ec800000, 0x0000000100000000)
  eden space 22016K, 100% used [0x00000000eab00000,0x00000000ec080000,0x00000000ec080000)
  from space 4096K, 7% used [0x00000000ec200000,0x00000000ec250000,0x00000000ec600000)
  to   space 1536K, 0% used [0x00000000ec680000,0x00000000ec680000,0x00000000ec800000)
 ParOldGen       total 68608K, used 38586K [0x00000000c0000000, 0x00000000c4300000, 0x00000000eab00000)
  object space 68608K, 56% used [0x00000000c0000000,0x00000000c25ae938,0x00000000c4300000)
 Metaspace       used 53407K, committed 54400K, reserved 1114112K
  class space    used 5736K, committed 6144K, reserved 1048576K
}
Event: 21.035 GC heap after
{Heap after GC invocations=28 (full 2):
 PSYoungGen      total 23552K, used 1453K [0x00000000eab00000, 0x00000000ec800000, 0x0000000100000000)
  eden space 22016K, 0% used [0x00000000eab00000,0x00000000eab00000,0x00000000ec080000)
  from space 1536K, 94% used [0x00000000ec680000,0x00000000ec7eb510,0x00000000ec800000)
  to   space 2048K, 0% used [0x00000000ec400000,0x00000000ec400000,0x00000000ec600000)
 ParOldGen       total 68608K, used 38722K [0x00000000c0000000, 0x00000000c4300000, 0x00000000eab00000)
  object space 68608K, 56% used [0x00000000c0000000,0x00000000c25d0938,0x00000000c4300000)
 Metaspace       used 53407K, committed 54400K, reserved 1114112K
  class space    used 5736K, committed 6144K, reserved 1048576K
}
Event: 21.515 GC heap before
{Heap before GC invocations=29 (full 2):
 PSYoungGen      total 23552K, used 23469K [0x00000000eab00000, 0x00000000ec800000, 0x0000000100000000)
  eden space 22016K, 100% used [0x00000000eab00000,0x00000000ec080000,0x00000000ec080000)
  from space 1536K, 94% used [0x00000000ec680000,0x00000000ec7eb510,0x00000000ec800000)
  to   space 2048K, 0% used [0x00000000ec400000,0x00000000ec400000,0x00000000ec600000)
 ParOldGen       total 68608K, used 38722K [0x00000000c0000000, 0x00000000c4300000, 0x00000000eab00000)
  object space 68608K, 56% used [0x00000000c0000000,0x00000000c25d0938,0x00000000c4300000)
 Metaspace       used 53786K, committed 54848K, reserved 1114112K
  class space    used 5759K, committed 6208K, reserved 1048576K
}
Event: 21.517 GC heap after
{Heap after GC invocations=29 (full 2):
 PSYoungGen      total 24064K, used 2032K [0x00000000eab00000, 0x00000000ec780000, 0x0000000100000000)
  eden space 22016K, 0% used [0x00000000eab00000,0x00000000eab00000,0x00000000ec080000)
  from space 2048K, 99% used [0x00000000ec400000,0x00000000ec5fc3e8,0x00000000ec600000)
  to   space 1536K, 0% used [0x00000000ec600000,0x00000000ec600000,0x00000000ec780000)
 ParOldGen       total 68608K, used 39591K [0x00000000c0000000, 0x00000000c4300000, 0x00000000eab00000)
  object space 68608K, 57% used [0x00000000c0000000,0x00000000c26a9c90,0x00000000c4300000)
 Metaspace       used 53786K, committed 54848K, reserved 1114112K
  class space    used 5759K, committed 6208K, reserved 1048576K
}
Event: 22.687 GC heap before
{Heap before GC invocations=30 (full 2):
 PSYoungGen      total 24064K, used 24048K [0x00000000eab00000, 0x00000000ec780000, 0x0000000100000000)
  eden space 22016K, 100% used [0x00000000eab00000,0x00000000ec080000,0x00000000ec080000)
  from space 2048K, 99% used [0x00000000ec400000,0x00000000ec5fc3e8,0x00000000ec600000)
  to   space 1536K, 0% used [0x00000000ec600000,0x00000000ec600000,0x00000000ec780000)
 ParOldGen       total 68608K, used 39591K [0x00000000c0000000, 0x00000000c4300000, 0x00000000eab00000)
  object space 68608K, 57% used [0x00000000c0000000,0x00000000c26a9c90,0x00000000c4300000)
 Metaspace       used 54029K, committed 55040K, reserved 1114112K
  class space    used 5783K, committed 6208K, reserved 1048576K
}
Event: 22.691 GC heap after
{Heap after GC invocations=30 (full 2):
 PSYoungGen      total 22528K, used 1533K [0x00000000eab00000, 0x00000000ecd80000, 0x0000000100000000)
  eden space 20992K, 0% used [0x00000000eab00000,0x00000000eab00000,0x00000000ebf80000)
  from space 1536K, 99% used [0x00000000ec600000,0x00000000ec77f470,0x00000000ec780000)
  to   space 6656K, 0% used [0x00000000ebf80000,0x00000000ebf80000,0x00000000ec600000)
 ParOldGen       total 68608K, used 43677K [0x00000000c0000000, 0x00000000c4300000, 0x00000000eab00000)
  object space 68608K, 63% used [0x00000000c0000000,0x00000000c2aa76e0,0x00000000c4300000)
 Metaspace       used 54029K, committed 55040K, reserved 1114112K
  class space    used 5783K, committed 6208K, reserved 1048576K
}
Event: 23.305 GC heap before
{Heap before GC invocations=31 (full 2):
 PSYoungGen      total 22528K, used 22525K [0x00000000eab00000, 0x00000000ecd80000, 0x0000000100000000)
  eden space 20992K, 100% used [0x00000000eab00000,0x00000000ebf80000,0x00000000ebf80000)
  from space 1536K, 99% used [0x00000000ec600000,0x00000000ec77f470,0x00000000ec780000)
  to   space 6656K, 0% used [0x00000000ebf80000,0x00000000ebf80000,0x00000000ec600000)
 ParOldGen       total 68608K, used 43677K [0x00000000c0000000, 0x00000000c4300000, 0x00000000eab00000)
  object space 68608K, 63% used [0x00000000c0000000,0x00000000c2aa76e0,0x00000000c4300000)
 Metaspace       used 54075K, committed 55040K, reserved 1114112K
  class space    used 5787K, committed 6208K, reserved 1048576K
}
Event: 23.309 GC heap after
{Heap after GC invocations=31 (full 2):
 PSYoungGen      total 25600K, used 4587K [0x00000000eab00000, 0x00000000ec980000, 0x0000000100000000)
  eden space 20992K, 0% used [0x00000000eab00000,0x00000000eab00000,0x00000000ebf80000)
  from space 4608K, 99% used [0x00000000ebf80000,0x00000000ec3fadc8,0x00000000ec400000)
  to   space 5120K, 0% used [0x00000000ec480000,0x00000000ec480000,0x00000000ec980000)
 ParOldGen       total 68608K, used 45184K [0x00000000c0000000, 0x00000000c4300000, 0x00000000eab00000)
  object space 68608K, 65% used [0x00000000c0000000,0x00000000c2c202b0,0x00000000c4300000)
 Metaspace       used 54075K, committed 55040K, reserved 1114112K
  class space    used 5787K, committed 6208K, reserved 1048576K
}
Event: 24.021 GC heap before
{Heap before GC invocations=32 (full 2):
 PSYoungGen      total 25600K, used 25579K [0x00000000eab00000, 0x00000000ec980000, 0x0000000100000000)
  eden space 20992K, 100% used [0x00000000eab00000,0x00000000ebf80000,0x00000000ebf80000)
  from space 4608K, 99% used [0x00000000ebf80000,0x00000000ec3fadc8,0x00000000ec400000)
  to   space 5120K, 0% used [0x00000000ec480000,0x00000000ec480000,0x00000000ec980000)
 ParOldGen       total 68608K, used 45184K [0x00000000c0000000, 0x00000000c4300000, 0x00000000eab00000)
  object space 68608K, 65% used [0x00000000c0000000,0x00000000c2c202b0,0x00000000c4300000)
 Metaspace       used 54087K, committed 55040K, reserved 1114112K
  class space    used 5787K, committed 6208K, reserved 1048576K
}
Event: 24.027 GC heap after
{Heap after GC invocations=32 (full 2):
 PSYoungGen      total 26112K, used 4696K [0x00000000eab00000, 0x00000000ec980000, 0x0000000100000000)
  eden space 20992K, 0% used [0x00000000eab00000,0x00000000eab00000,0x00000000ebf80000)
  from space 5120K, 91% used [0x00000000ec480000,0x00000000ec9160d0,0x00000000ec980000)
  to   space 5120K, 0% used [0x00000000ebf80000,0x00000000ebf80000,0x00000000ec480000)
 ParOldGen       total 68608K, used 49545K [0x00000000c0000000, 0x00000000c4300000, 0x00000000eab00000)
  object space 68608K, 72% used [0x00000000c0000000,0x00000000c3062470,0x00000000c4300000)
 Metaspace       used 54087K, committed 55040K, reserved 1114112K
  class space    used 5787K, committed 6208K, reserved 1048576K
}

Dll operation events (10 events):
Event: 0.018 Loaded shared library c:\Users\Alizha\.vscode\extensions\redhat.java-1.28.1-win32-x64\jre\17.0.10-win32-x86_64\bin\java.dll
Event: 0.295 Loaded shared library c:\Users\Alizha\.vscode\extensions\redhat.java-1.28.1-win32-x64\jre\17.0.10-win32-x86_64\bin\zip.dll
Event: 0.301 Loaded shared library C:\Users\Alizha\.vscode\extensions\redhat.java-1.28.1-win32-x64\jre\17.0.10-win32-x86_64\bin\instrument.dll
Event: 0.324 Loaded shared library C:\Users\Alizha\.vscode\extensions\redhat.java-1.28.1-win32-x64\jre\17.0.10-win32-x86_64\bin\net.dll
Event: 0.327 Loaded shared library C:\Users\Alizha\.vscode\extensions\redhat.java-1.28.1-win32-x64\jre\17.0.10-win32-x86_64\bin\nio.dll
Event: 0.339 Loaded shared library C:\Users\Alizha\.vscode\extensions\redhat.java-1.28.1-win32-x64\jre\17.0.10-win32-x86_64\bin\zip.dll
Event: 0.365 Loaded shared library C:\Users\Alizha\.vscode\extensions\redhat.java-1.28.1-win32-x64\jre\17.0.10-win32-x86_64\bin\jimage.dll
Event: 0.568 Loaded shared library c:\Users\Alizha\.vscode\extensions\redhat.java-1.28.1-win32-x64\jre\17.0.10-win32-x86_64\bin\verify.dll
Event: 2.410 Loaded shared library C:\Users\Alizha\AppData\Roaming\Code\User\globalStorage\redhat.java\1.28.1\config_win\org.eclipse.equinox.launcher\org.eclipse.equinox.launcher.win32.win32.x86_64_1.2.900.v20240129-1338\eclipse_11900.dll
Event: 16.856 Loaded shared library C:\Users\Alizha\AppData\Local\Temp\jna-1963883701\jna14884483426140048541.dll

Deoptimization events (20 events):
Event: 24.116 Thread 0x000002af34467770 DEOPT PACKING pc=0x000002af1bcc84a5 sp=0x000000f512afe560
Event: 24.116 Thread 0x000002af34467770 DEOPT UNPACKING pc=0x000002af226a6e43 sp=0x000000f512afd918 mode 0
Event: 24.119 Thread 0x000002af34467770 DEOPT PACKING pc=0x000002af1bcca913 sp=0x000000f512afe490
Event: 24.119 Thread 0x000002af34467770 DEOPT UNPACKING pc=0x000002af226a6e43 sp=0x000000f512afd930 mode 0
Event: 24.121 Thread 0x000002af34467770 DEOPT PACKING pc=0x000002af1bca4fc6 sp=0x000000f512afe6f0
Event: 24.121 Thread 0x000002af34467770 DEOPT UNPACKING pc=0x000002af226a6e43 sp=0x000000f512afdb78 mode 0
Event: 24.123 Thread 0x000002af34467770 DEOPT PACKING pc=0x000002af1b197209 sp=0x000000f512afe290
Event: 24.123 Thread 0x000002af34467770 DEOPT UNPACKING pc=0x000002af226a6e43 sp=0x000000f512afd788 mode 0
Event: 24.128 Thread 0x000002af34467770 DEOPT PACKING pc=0x000002af1bcca913 sp=0x000000f512afe490
Event: 24.128 Thread 0x000002af34467770 DEOPT UNPACKING pc=0x000002af226a6e43 sp=0x000000f512afd930 mode 0
Event: 24.129 Thread 0x000002af34467770 DEOPT PACKING pc=0x000002af1bcc84a5 sp=0x000000f512afe560
Event: 24.129 Thread 0x000002af34467770 DEOPT UNPACKING pc=0x000002af226a6e43 sp=0x000000f512afd918 mode 0
Event: 24.135 Thread 0x000002af34467770 DEOPT PACKING pc=0x000002af1bca4fc6 sp=0x000000f512afe750
Event: 24.135 Thread 0x000002af34467770 DEOPT UNPACKING pc=0x000002af226a6e43 sp=0x000000f512afdbd8 mode 0
Event: 24.140 Thread 0x000002af34467770 DEOPT PACKING pc=0x000002af1bcca913 sp=0x000000f512afe490
Event: 24.140 Thread 0x000002af34467770 DEOPT UNPACKING pc=0x000002af226a6e43 sp=0x000000f512afd930 mode 0
Event: 24.140 Thread 0x000002af34467770 DEOPT PACKING pc=0x000002af1bcc84a5 sp=0x000000f512afe6f0
Event: 24.140 Thread 0x000002af34467770 DEOPT UNPACKING pc=0x000002af226a6e43 sp=0x000000f512afdaa8 mode 0
Event: 24.151 Thread 0x000002af34467770 DEOPT PACKING pc=0x000002af1bcca913 sp=0x000000f512afe490
Event: 24.151 Thread 0x000002af34467770 DEOPT UNPACKING pc=0x000002af226a6e43 sp=0x000000f512afd930 mode 0

Classes unloaded (7 events):
Event: 7.649 Thread 0x000002af31b24870 Unloading class 0x000000010024a400 'java/lang/invoke/LambdaForm$MH+0x000000010024a400'
Event: 7.649 Thread 0x000002af31b24870 Unloading class 0x000000010024a000 'java/lang/invoke/LambdaForm$MH+0x000000010024a000'
Event: 7.649 Thread 0x000002af31b24870 Unloading class 0x0000000100249c00 'java/lang/invoke/LambdaForm$MH+0x0000000100249c00'
Event: 7.649 Thread 0x000002af31b24870 Unloading class 0x0000000100249800 'java/lang/invoke/LambdaForm$MH+0x0000000100249800'
Event: 7.649 Thread 0x000002af31b24870 Unloading class 0x0000000100249400 'java/lang/invoke/LambdaForm$BMH+0x0000000100249400'
Event: 7.649 Thread 0x000002af31b24870 Unloading class 0x0000000100249000 'java/lang/invoke/LambdaForm$DMH+0x0000000100249000'
Event: 7.649 Thread 0x000002af31b24870 Unloading class 0x0000000100244400 'java/lang/invoke/LambdaForm$DMH+0x0000000100244400'

Classes redefined (0 events):
No events

Internal exceptions (20 events):
Event: 19.455 Thread 0x000002af33ff3060 Exception <a 'sun/nio/fs/WindowsException'{0x00000000eb9e10e0}> (0x00000000eb9e10e0) 
thrown [s\src\hotspot\share\prims\jni.cpp, line 516]
Event: 19.456 Thread 0x000002af33ff3060 Exception <a 'sun/nio/fs/WindowsException'{0x00000000eb9e7550}> (0x00000000eb9e7550) 
thrown [s\src\hotspot\share\prims\jni.cpp, line 516]
Event: 19.458 Thread 0x000002af33ff3060 Exception <a 'sun/nio/fs/WindowsException'{0x00000000eb9eaa50}> (0x00000000eb9eaa50) 
thrown [s\src\hotspot\share\prims\jni.cpp, line 516]
Event: 19.461 Thread 0x000002af33ff3060 Exception <a 'sun/nio/fs/WindowsException'{0x00000000eb9ee188}> (0x00000000eb9ee188) 
thrown [s\src\hotspot\share\prims\jni.cpp, line 516]
Event: 19.462 Thread 0x000002af33ff3060 Exception <a 'sun/nio/fs/WindowsException'{0x00000000eb9f1b28}> (0x00000000eb9f1b28) 
thrown [s\src\hotspot\share\prims\jni.cpp, line 516]
Event: 19.464 Thread 0x000002af33ff3060 Exception <a 'sun/nio/fs/WindowsException'{0x00000000eb9f55b8}> (0x00000000eb9f55b8) 
thrown [s\src\hotspot\share\prims\jni.cpp, line 516]
Event: 19.466 Thread 0x000002af33ff3060 Exception <a 'sun/nio/fs/WindowsException'{0x00000000eb9f9950}> (0x00000000eb9f9950) 
thrown [s\src\hotspot\share\prims\jni.cpp, line 516]
Event: 19.467 Thread 0x000002af33ff3060 Exception <a 'sun/nio/fs/WindowsException'{0x00000000eb9fd9b8}> (0x00000000eb9fd9b8) 
thrown [s\src\hotspot\share\prims\jni.cpp, line 516]
Event: 19.468 Thread 0x000002af33ff3060 Exception <a 'sun/nio/fs/WindowsException'{0x00000000eba05620}> (0x00000000eba05620) 
thrown [s\src\hotspot\share\prims\jni.cpp, line 516]
Event: 19.469 Thread 0x000002af33ff3060 Exception <a 'sun/nio/fs/WindowsException'{0x00000000eba08d58}> (0x00000000eba08d58) 
thrown [s\src\hotspot\share\prims\jni.cpp, line 516]
Event: 19.470 Thread 0x000002af33ff3060 Exception <a 'sun/nio/fs/WindowsException'{0x00000000eba0c6f8}> (0x00000000eba0c6f8) 
thrown [s\src\hotspot\share\prims\jni.cpp, line 516]
Event: 19.496 Thread 0x000002af33ff3060 Exception <a 'java/lang/NoSuchMethodError'{0x00000000eba31620}: 'void java.lang.invoke.DirectMethodHandle$Holder.invokeStatic(java.lang.Object, long)'> (0x00000000eba31620) 
thrown [s\src\hotspot\share\interpreter\linkResolver.cpp, line 759]
Event: 19.497 Thread 0x000002af33ff3060 Exception <a 'java/lang/NoSuchMethodError'{0x00000000eba369c8}: 'java.lang.Object java.lang.invoke.DirectMethodHandle$Holder.newInvokeSpecial(java.lang.Object, long)'> (0x00000000eba369c8) 
thrown [s\src\hotspot\share\interpreter\linkResolver.cpp, line 759]
Event: 20.236 Thread 0x000002af33ff3f90 Exception <a 'java/io/FileNotFoundException'{0x00000000eb000048}> (0x00000000eb000048) 
thrown [s\src\hotspot\share\prims\jni.cpp, line 516]
Event: 20.963 Thread 0x000002af33ff3f90 Exception <a 'java/io/FileNotFoundException'{0x00000000ebe6ab40}> (0x00000000ebe6ab40) 
thrown [s\src\hotspot\share\prims\jni.cpp, line 516]
Event: 20.973 Thread 0x000002af33ff3f90 Exception <a 'java/lang/NoSuchMethodError'{0x00000000ebe7e5c8}: 'int java.lang.invoke.DirectMethodHandle$Holder.invokeVirtual(java.lang.Object, java.lang.Object, java.lang.Object)'> (0x00000000ebe7e5c8) 
thrown [s\src\hotspot\share\interpreter\linkResolver.cpp, line 759]
Event: 21.571 Thread 0x000002af33ff3f90 Exception <a 'java/io/FileNotFoundException'{0x00000000eb09c2d0}> (0x00000000eb09c2d0) 
thrown [s\src\hotspot\share\prims\jni.cpp, line 516]
Event: 21.571 Thread 0x000002af33ff3f90 Exception <a 'java/io/FileNotFoundException'{0x00000000eb09d2e0}> (0x00000000eb09d2e0) 
thrown [s\src\hotspot\share\prims\jni.cpp, line 516]
Event: 21.571 Thread 0x000002af33ff3f90 Exception <a 'java/io/FileNotFoundException'{0x00000000eb09e048}> (0x00000000eb09e048) 
thrown [s\src\hotspot\share\prims\jni.cpp, line 516]
Event: 22.301 Thread 0x000002af34467770 Implicit null exception at 0x000002af22ea6fac to 0x000002af22ea70b0

VM Operations (20 events):
Event: 20.579 Executing VM operation: ParallelGCFailedAllocation
Event: 20.583 Executing VM operation: ParallelGCFailedAllocation done
Event: 20.709 Executing VM operation: ParallelGCFailedAllocation
Event: 20.714 Executing VM operation: ParallelGCFailedAllocation done
Event: 20.806 Executing VM operation: HandshakeAllThreads
Event: 20.806 Executing VM operation: HandshakeAllThreads done
Event: 20.836 Executing VM operation: ParallelGCFailedAllocation
Event: 20.838 Executing VM operation: ParallelGCFailedAllocation done
Event: 21.033 Executing VM operation: ParallelGCFailedAllocation
Event: 21.035 Executing VM operation: ParallelGCFailedAllocation done
Event: 21.499 Executing VM operation: ParallelGCFailedAllocation
Event: 21.522 Executing VM operation: ParallelGCFailedAllocation done
Event: 22.066 Executing VM operation: HandshakeAllThreads
Event: 22.067 Executing VM operation: HandshakeAllThreads done
Event: 22.687 Executing VM operation: ParallelGCFailedAllocation
Event: 22.691 Executing VM operation: ParallelGCFailedAllocation done
Event: 23.305 Executing VM operation: ParallelGCFailedAllocation
Event: 23.309 Executing VM operation: ParallelGCFailedAllocation done
Event: 24.021 Executing VM operation: ParallelGCFailedAllocation
Event: 24.027 Executing VM operation: ParallelGCFailedAllocation done

Events (20 events):
Event: 19.546 Thread 0x000002af34466330 Thread added: 0x000002af34466330
Event: 19.558 loading class java/util/concurrent/CompletableFuture$Signaller
Event: 19.559 loading class java/util/concurrent/CompletableFuture$Signaller done
Event: 19.559 loading class java/util/concurrent/ForkJoinTask$Aux
Event: 19.559 loading class java/util/concurrent/ForkJoinTask$Aux done
Event: 20.821 loading class java/lang/invoke/BoundMethodHandle$Species_LLLLLLLLLL
Event: 20.821 loading class java/lang/invoke/BoundMethodHandle$Species_LLLLLLLLLL done
Event: 20.823 loading class java/lang/invoke/BoundMethodHandle$Species_LLLLLLLLLLL
Event: 20.823 loading class java/lang/invoke/BoundMethodHandle$Species_LLLLLLLLLLL done
Event: 20.825 loading class java/lang/invoke/BoundMethodHandle$Species_LLLLLLLLLLLL
Event: 20.825 loading class java/lang/invoke/BoundMethodHandle$Species_LLLLLLLLLLLL done
Event: 20.827 loading class java/lang/invoke/BoundMethodHandle$Species_LLLLLLLLLLLLL
Event: 20.828 loading class java/lang/invoke/BoundMethodHandle$Species_LLLLLLLLLLLLL done
Event: 20.966 Thread 0x000002af34467c80 Thread added: 0x000002af34467c80
Event: 20.980 loading class java/util/zip/ZipError
Event: 20.981 loading class java/util/zip/ZipError done
Event: 21.004 Thread 0x000002af3446be50 Thread added: 0x000002af3446be50
Event: 21.082 Thread 0x000002af34465e20 Thread added: 0x000002af34465e20
Event: 21.568 loading class java/util/WeakHashMap$KeyIterator
Event: 21.569 loading class java/util/WeakHashMap$KeyIterator done


Dynamic libraries:
0x00007ff6ff250000 - 0x00007ff6ff25e000 	c:\Users\Alizha\.vscode\extensions\redhat.java-1.28.1-win32-x64\jre\17.0.10-win32-x86_64\bin\java.exe
0x00007ff881770000 - 0x00007ff881987000 	C:\WINDOWS\SYSTEM32\ntdll.dll
0x00007ff880090000 - 0x00007ff880154000 	C:\WINDOWS\System32\KERNEL32.DLL
0x00007ff87f040000 - 0x00007ff87f3e6000 	C:\WINDOWS\System32\KERNELBASE.dll
0x00007ff87b880000 - 0x00007ff87b917000 	C:\WINDOWS\SYSTEM32\apphelp.dll
0x00007ff87ed30000 - 0x00007ff87ee41000 	C:\WINDOWS\System32\ucrtbase.dll
0x00007ff8106a0000 - 0x00007ff8106bb000 	c:\Users\Alizha\.vscode\extensions\redhat.java-1.28.1-win32-x64\jre\17.0.10-win32-x86_64\bin\VCRUNTIME140.dll
0x00007ff811b90000 - 0x00007ff811ba7000 	c:\Users\Alizha\.vscode\extensions\redhat.java-1.28.1-win32-x64\jre\17.0.10-win32-x86_64\bin\jli.dll
0x00007ff880160000 - 0x00007ff88030e000 	C:\WINDOWS\System32\USER32.dll
0x00007ff87f3f0000 - 0x00007ff87f416000 	C:\WINDOWS\System32\win32u.dll
0x00007ff85f060000 - 0x00007ff85f2f3000 	C:\WINDOWS\WinSxS\amd64_microsoft.windows.common-controls_6595b64144ccf1df_6.0.22621.2506_none_270c5ae97388e100\COMCTL32.dll
0x00007ff880340000 - 0x00007ff8803e7000 	C:\WINDOWS\System32\msvcrt.dll
0x00007ff87f6c0000 - 0x00007ff87f6e9000 	C:\WINDOWS\System32\GDI32.dll
0x00007ff87ec10000 - 0x00007ff87ed28000 	C:\WINDOWS\System32\gdi32full.dll
0x00007ff87f420000 - 0x00007ff87f4ba000 	C:\WINDOWS\System32\msvcp_win.dll
0x00007ff881360000 - 0x00007ff881391000 	C:\WINDOWS\System32\IMM32.DLL
0x00007ff850de0000 - 0x00007ff850dec000 	c:\Users\Alizha\.vscode\extensions\redhat.java-1.28.1-win32-x64\jre\17.0.10-win32-x86_64\bin\vcruntime140_1.dll
0x00007ff801830000 - 0x00007ff8018bd000 	c:\Users\Alizha\.vscode\extensions\redhat.java-1.28.1-win32-x64\jre\17.0.10-win32-x86_64\bin\msvcp140.dll
0x00007ffff8280000 - 0x00007ffff8ee2000 	c:\Users\Alizha\.vscode\extensions\redhat.java-1.28.1-win32-x64\jre\17.0.10-win32-x86_64\bin\server\jvm.dll
0x00007ff87fbd0000 - 0x00007ff87fc83000 	C:\WINDOWS\System32\ADVAPI32.dll
0x00007ff87fd90000 - 0x00007ff87fe38000 	C:\WINDOWS\System32\sechost.dll
0x00007ff87ebe0000 - 0x00007ff87ec08000 	C:\WINDOWS\System32\bcrypt.dll
0x00007ff87f880000 - 0x00007ff87f997000 	C:\WINDOWS\System32\RPCRT4.dll
0x00007ff87e7d0000 - 0x00007ff87e81d000 	C:\WINDOWS\SYSTEM32\POWRPROF.dll
0x00007ff856420000 - 0x00007ff856429000 	C:\WINDOWS\SYSTEM32\WSOCK32.dll
0x00007ff877770000 - 0x00007ff8777a4000 	C:\WINDOWS\SYSTEM32\WINMM.dll
0x00007ff87fea0000 - 0x00007ff87ff11000 	C:\WINDOWS\System32\WS2_32.dll
0x00007ff876e30000 - 0x00007ff876e3a000 	C:\WINDOWS\SYSTEM32\VERSION.dll
0x00007ff87e7b0000 - 0x00007ff87e7c3000 	C:\WINDOWS\SYSTEM32\UMPDC.dll
0x00007ff87dac0000 - 0x00007ff87dad8000 	C:\WINDOWS\SYSTEM32\kernel.appcore.dll
0x00007ff84cbc0000 - 0x00007ff84cbca000 	c:\Users\Alizha\.vscode\extensions\redhat.java-1.28.1-win32-x64\jre\17.0.10-win32-x86_64\bin\jimage.dll
0x00007ff87c5f0000 - 0x00007ff87c823000 	C:\WINDOWS\SYSTEM32\DBGHELP.DLL
0x00007ff8813a0000 - 0x00007ff881729000 	C:\WINDOWS\System32\combase.dll
0x00007ff87f4e0000 - 0x00007ff87f5b7000 	C:\WINDOWS\System32\OLEAUT32.dll
0x00007ff873610000 - 0x00007ff873642000 	C:\WINDOWS\SYSTEM32\dbgcore.DLL
0x00007ff87efc0000 - 0x00007ff87f03a000 	C:\WINDOWS\System32\bcryptPrimitives.dll
0x00007ff84caf0000 - 0x00007ff84cafe000 	c:\Users\Alizha\.vscode\extensions\redhat.java-1.28.1-win32-x64\jre\17.0.10-win32-x86_64\bin\instrument.dll
0x00007ff810670000 - 0x00007ff810695000 	c:\Users\Alizha\.vscode\extensions\redhat.java-1.28.1-win32-x64\jre\17.0.10-win32-x86_64\bin\java.dll
0x00007ff810650000 - 0x00007ff810668000 	c:\Users\Alizha\.vscode\extensions\redhat.java-1.28.1-win32-x64\jre\17.0.10-win32-x86_64\bin\zip.dll
0x00007ff8803f0000 - 0x00007ff880c4b000 	C:\WINDOWS\System32\SHELL32.dll
0x00007ff87c9c0000 - 0x00007ff87d2b6000 	C:\WINDOWS\SYSTEM32\windows.storage.dll
0x00007ff87c880000 - 0x00007ff87c9be000 	C:\WINDOWS\SYSTEM32\wintypes.dll
0x00007ff87f5c0000 - 0x00007ff87f6b3000 	C:\WINDOWS\System32\SHCORE.dll
0x00007ff881120000 - 0x00007ff88117e000 	C:\WINDOWS\System32\shlwapi.dll
0x00007ff87e9e0000 - 0x00007ff87ea06000 	C:\WINDOWS\SYSTEM32\profapi.dll
0x00007ff810630000 - 0x00007ff810649000 	C:\Users\Alizha\.vscode\extensions\redhat.java-1.28.1-win32-x64\jre\17.0.10-win32-x86_64\bin\net.dll
0x00007ff878520000 - 0x00007ff878657000 	C:\WINDOWS\SYSTEM32\WINHTTP.dll
0x00007ff87df70000 - 0x00007ff87dfd9000 	C:\WINDOWS\system32\mswsock.dll
0x00007ff810360000 - 0x00007ff810376000 	C:\Users\Alizha\.vscode\extensions\redhat.java-1.28.1-win32-x64\jre\17.0.10-win32-x86_64\bin\nio.dll
0x00007ff84c900000 - 0x00007ff84c910000 	c:\Users\Alizha\.vscode\extensions\redhat.java-1.28.1-win32-x64\jre\17.0.10-win32-x86_64\bin\verify.dll
0x00007ff801b00000 - 0x00007ff801b3e000 	C:\Users\Alizha\AppData\Roaming\Code\User\globalStorage\redhat.java\1.28.1\config_win\org.eclipse.equinox.launcher\org.eclipse.equinox.launcher.win32.win32.x86_64_1.2.900.v20240129-1338\eclipse_11900.dll
0x00007ff87f9a0000 - 0x00007ff87fb40000 	C:\WINDOWS\System32\ole32.dll
0x00007ff87e1c0000 - 0x00007ff87e1db000 	C:\WINDOWS\SYSTEM32\CRYPTSP.dll
0x00007ff87da20000 - 0x00007ff87da55000 	C:\WINDOWS\system32\rsaenh.dll
0x00007ff87e060000 - 0x00007ff87e08c000 	C:\WINDOWS\SYSTEM32\USERENV.dll
0x00007ff87e1e0000 - 0x00007ff87e1ec000 	C:\WINDOWS\SYSTEM32\CRYPTBASE.dll
0x00007ff87d550000 - 0x00007ff87d57d000 	C:\WINDOWS\SYSTEM32\IPHLPAPI.DLL
0x00007ff880080000 - 0x00007ff880089000 	C:\WINDOWS\System32\NSI.dll
0x00007ff877fb0000 - 0x00007ff877fc9000 	C:\WINDOWS\SYSTEM32\dhcpcsvc6.DLL
0x00007ff877df0000 - 0x00007ff877e0f000 	C:\WINDOWS\SYSTEM32\dhcpcsvc.DLL
0x00007ff87d580000 - 0x00007ff87d679000 	C:\WINDOWS\SYSTEM32\DNSAPI.dll
0x00007ff84bf30000 - 0x00007ff84bf75000 	C:\Users\Alizha\AppData\Local\Temp\jna-1963883701\jna14884483426140048541.dll
0x00007ff880310000 - 0x00007ff880318000 	C:\WINDOWS\System32\PSAPI.DLL

dbghelp: loaded successfully - version: 4.0.5 - missing functions: none
symbol engine: initialized successfully - sym options: 0x614 - pdb path: .;c:\Users\Alizha\.vscode\extensions\redhat.java-1.28.1-win32-x64\jre\17.0.10-win32-x86_64\bin;C:\WINDOWS\SYSTEM32;C:\WINDOWS\WinSxS\amd64_microsoft.windows.common-controls_6595b64144ccf1df_6.0.22621.2506_none_270c5ae97388e100;c:\Users\Alizha\.vscode\extensions\redhat.java-1.28.1-win32-x64\jre\17.0.10-win32-x86_64\bin\server;C:\Users\Alizha\AppData\Roaming\Code\User\globalStorage\redhat.java\1.28.1\config_win\org.eclipse.equinox.launcher\org.eclipse.equinox.launcher.win32.win32.x86_64_1.2.900.v20240129-1338;C:\Users\Alizha\AppData\Local\Temp\jna-1963883701

VM Arguments:
jvm_args: --add-modules=ALL-SYSTEM --add-opens=java.base/java.util=ALL-UNNAMED --add-opens=java.base/java.lang=ALL-UNNAMED --add-opens=java.base/sun.nio.fs=ALL-UNNAMED -Declipse.application=org.eclipse.jdt.ls.core.id1 -Dosgi.bundles.defaultStartLevel=4 -Declipse.product=org.eclipse.jdt.ls.core.product -Djava.import.generatesMetadataFilesAtProjectRoot=false -DDetectVMInstallationsJob.disabled=true -Dfile.encoding=utf8 -XX:+UseParallelGC -XX:GCTimeRatio=4 -XX:AdaptiveSizePolicyWeight=90 -Dsun.zip.disableMemoryMapping=true -Xmx1G -Xms100m -Xlog:disable -javaagent:c:\Users\Alizha\.vscode\extensions\redhat.java-1.28.1-win32-x64\lombok\lombok-1.18.31.jar -XX:+HeapDumpOnOutOfMemoryError -XX:HeapDumpPath=c:\Users\Alizha\AppData\Roaming\Code\User\workspaceStorage\8d68d11bca368d431e0ffcbe580ad2c9\redhat.java -Daether.dependencyCollector.impl=bf 
java_command: c:\Users\Alizha\.vscode\extensions\redhat.java-1.28.1-win32-x64\server\plugins\org.eclipse.equinox.launcher_1.6.700.v20231214-2017.jar -configuration c:\Users\Alizha\AppData\Roaming\Code\User\globalStorage\redhat.java\1.28.1\config_win -data c:\Users\Alizha\AppData\Roaming\Code\User\workspaceStorage\8d68d11bca368d431e0ffcbe580ad2c9\redhat.java\jdt_ws --stdio
java_class_path (initial): c:\Users\Alizha\.vscode\extensions\redhat.java-1.28.1-win32-x64\server\plugins\org.eclipse.equinox.launcher_1.6.700.v20231214-2017.jar
Launcher Type: SUN_STANDARD

[Global flags]
    uintx AdaptiveSizePolicyWeight                 = 90                                        {product} {command line}
     intx CICompilerCount                          = 4                                         {product} {ergonomic}
    uintx GCTimeRatio                              = 4                                         {product} {command line}
     bool HeapDumpOnOutOfMemoryError               = true                                   {manageable} {command line}
    ccstr HeapDumpPath                             = c:\Users\Alizha\AppData\Roaming\Code\User\workspaceStorage\8d68d11bca368d431e0ffcbe580ad2c9\redhat.java         {manageable} {command line}
   size_t InitialHeapSize                          = 104857600                                 {product} {command line}
   size_t MaxHeapSize                              = 1073741824                                {product} {command line}
   size_t MaxNewSize                               = 357564416                                 {product} {ergonomic}
   size_t MinHeapDeltaBytes                        = 524288                                    {product} {ergonomic}
   size_t MinHeapSize                              = 104857600                                 {product} {command line}
   size_t NewSize                                  = 34603008                                  {product} {ergonomic}
    uintx NonNMethodCodeHeapSize                   = 5839372                                {pd product} {ergonomic}
    uintx NonProfiledCodeHeapSize                  = 122909434                              {pd product} {ergonomic}
   size_t OldSize                                  = 70254592                                  {product} {ergonomic}
    uintx ProfiledCodeHeapSize                     = 122909434                              {pd product} {ergonomic}
    uintx ReservedCodeCacheSize                    = 251658240                              {pd product} {ergonomic}
     bool SegmentedCodeCache                       = true                                      {product} {ergonomic}
   size_t SoftMaxHeapSize                          = 1073741824                             {manageable} {ergonomic}
     bool UseCompressedClassPointers               = true                           {product lp64_product} {ergonomic}
     bool UseCompressedOops                        = true                           {product lp64_product} {ergonomic}
     bool UseLargePagesIndividualAllocation        = false                                  {pd product} {ergonomic}
     bool UseParallelGC                            = true                                      {product} {command line}

Logging:
Log output configuration:
 #0: stdout all=off uptime,level,tags
 #1: stderr all=off uptime,level,tags

Environment Variables:
JAVA_HOME=C:\Program Files\Java\jdk-17
PATH=C:\Program Files\Common Files\Oracle\Java\javapath;C:\Program Files (x86)\Common Files\Oracle\Java\javapath;C:\Program Files\PostgreSQL\15\bin;C:\WINDOWS\system32;C:\WINDOWS;C:\WINDOWS\System32\Wbem;C:\WINDOWS\System32\WindowsPowerShell\v1.0\;C:\WINDOWS\System32\OpenSSH\;C:\Program Files\kotlinc\bin;C:\Program Files\PuTTY\;C:\Program Files\Git\cmd;C:\Program Files\Docker\Docker\resources\bin;C:\Program Files\Java\jdk-17;C:\Users\Alizha\AppData\Local\Programs\Python\Python39\Scripts\;C:\Users\Alizha\AppData\Local\Programs\Python\Python39\;C:\Users\Alizha\AppData\Local\Microsoft\WindowsApps;D:\Microsoft VS Code\bin;C:\Program Files\Git;C:\Users\Alizha\c sosi\MinGW\bin;C:\Users\Alizha\Flutter\flutter_windows_3.3.7-stable\flutter\bin;
USERNAME=Alizha
OS=Windows_NT
PROCESSOR_IDENTIFIER=AMD64 Family 23 Model 104 Stepping 1, AuthenticAMD
TMP=C:\Users\Alizha\AppData\Local\Temp
TEMP=C:\Users\Alizha\AppData\Local\Temp



Periodic native trim disabled


---------------  S Y S T E M  ---------------

OS:
 Windows 11 , 64 bit Build 22621 (10.0.22621.3085)
OS uptime: 1 days 23:31 hours
Hyper-V role detected

CPU: total 12 (initial active 12) (12 cores per cpu, 2 threads per core) family 23 model 104 stepping 1 microcode 0x0, cx8, cmov, fxsr, ht, mmx, 3dnowpref, sse, sse2, sse3, ssse3, sse4a, sse4.1, sse4.2, popcnt, lzcnt, tsc, tscinvbit, avx, avx2, aes, clmul, bmi1, bmi2, adx, sha, fma, vzeroupper, clflush, clflushopt, hv
Processor Information for all 12 processors :
  Max Mhz: 2100, Current Mhz: 2100, Mhz Limit: 2100

Memory: 4k page, system-wide physical 6005M (77M free)
TotalPageFile size 24437M (AvailPageFile size 50M)
current process WorkingSet (physical memory assigned to process): 199M, peak: 199M
current process commit charge ("private bytes"): 299M, peak: 307M

vm_info: OpenJDK 64-Bit Server VM (17.0.10+7) for windows-amd64 JRE (17.0.10+7), built on Jan 16 2024 23:25:11 by "admin" with MS VC++ 16.10 / 16.11 (VS2019)

END.
