#
# There is insufficient memory for the Java Runtime Environment to continue.
# Native memory allocation (malloc) failed to allocate 2183120 bytes for Chunk::new
# Possible reasons:
#   The system is out of physical RAM or swap space
#   The process is running with CompressedOops enabled, and the Java Heap may be blocking the growth of the native heap
# Possible solutions:
#   Reduce memory load on the system
#   Increase physical memory or swap space
#   Check if swap backing store is full
#   Decrease Java heap size (-Xmx/-Xms)
#   Decrease number of Java threads
#   Decrease Java thread stack sizes (-Xss)
#   Set larger code cache with -XX:ReservedCodeCacheSize=
#   JVM is running with Unscaled Compressed Oops mode in which the Java heap is
#     placed in the first 4GB address space. The Java Heap base address is the
#     maximum limit for the native heap growth. Please use -XX:HeapBaseMinAddress
#     to set the Java Heap base and to place the Java Heap above 4GB virtual address.
# This output file may be truncated or incomplete.
#
#  Out of Memory Error (arena.cpp:191), pid=31320, tid=30420
#
# JRE version: OpenJDK Runtime Environment Temurin-17.0.10+7 (17.0.10+7) (build 17.0.10+7)
# Java VM: OpenJDK 64-Bit Server VM Temurin-17.0.10+7 (17.0.10+7, mixed mode, tiered, compressed oops, compressed class ptrs, parallel gc, windows-amd64)
# No core dump will be written. Minidumps are not enabled by default on client versions of Windows
#

---------------  S U M M A R Y ------------

Command Line: --add-modules=ALL-SYSTEM --add-opens=java.base/java.util=ALL-UNNAMED --add-opens=java.base/java.lang=ALL-UNNAMED --add-opens=java.base/sun.nio.fs=ALL-UNNAMED -Declipse.application=org.eclipse.jdt.ls.core.id1 -Dosgi.bundles.defaultStartLevel=4 -Declipse.product=org.eclipse.jdt.ls.core.product -Djava.import.generatesMetadataFilesAtProjectRoot=false -DDetectVMInstallationsJob.disabled=true -Dfile.encoding=utf8 -XX:+UseParallelGC -XX:GCTimeRatio=4 -XX:AdaptiveSizePolicyWeight=90 -Dsun.zip.disableMemoryMapping=true -Xmx1G -Xms100m -Xlog:disable -javaagent:c:\Users\Alizha\.vscode\extensions\redhat.java-1.28.1-win32-x64\lombok\lombok-1.18.31.jar -XX:+HeapDumpOnOutOfMemoryError -XX:HeapDumpPath=c:\Users\Alizha\AppData\Roaming\Code\User\workspaceStorage\8d68d11bca368d431e0ffcbe580ad2c9\redhat.java -Daether.dependencyCollector.impl=bf c:\Users\Alizha\.vscode\extensions\redhat.java-1.28.1-win32-x64\server\plugins\org.eclipse.equinox.launcher_1.6.700.v20231214-2017.jar -configuration c:\Users\Alizha\AppData\Roaming\Code\User\globalStorage\redhat.java\1.28.1\config_win -data c:\Users\Alizha\AppData\Roaming\Code\User\workspaceStorage\8d68d11bca368d431e0ffcbe580ad2c9\redhat.java\jdt_ws --stdio

Host: AMD Ryzen 5 5500U with Radeon Graphics         , 12 cores, 5G,  Windows 11 , 64 bit Build 22621 (10.0.22621.3085)
Time: Thu Feb 29 13:24:25 2024 SE Asia Standard Time elapsed time: 67.891377 seconds (0d 0h 1m 7s)

---------------  T H R E A D  ---------------

Current thread (0x0000019e160a6f70):  JavaThread "C2 CompilerThread0" daemon [_thread_in_native, id=30420, stack(0x0000003caf300000,0x0000003caf400000)]


Current CompileTask:
C2:  67894 7487   !   4       org.eclipse.jdt.internal.core.search.indexing.BinaryIndexer::indexDocument (1142 bytes)

Stack: [0x0000003caf300000,0x0000003caf400000]
Native frames: (J=compiled Java code, j=interpreted, Vv=VM code, C=native code)
V  [jvm.dll+0x67d2c9]
V  [jvm.dll+0x834afa]
V  [jvm.dll+0x8365be]
V  [jvm.dll+0x836c23]
V  [jvm.dll+0x2477ff]
V  [jvm.dll+0xac514]
V  [jvm.dll+0xacb5c]
V  [jvm.dll+0x3667d7]
V  [jvm.dll+0x330bfa]
V  [jvm.dll+0x33009a]
V  [jvm.dll+0x219ef1]
V  [jvm.dll+0x219311]
V  [jvm.dll+0x1a502d]
V  [jvm.dll+0x2290de]
V  [jvm.dll+0x2272ac]
V  [jvm.dll+0x7e9bb7]
V  [jvm.dll+0x7e3fba]
V  [jvm.dll+0x67c1b5]
C  [ucrtbase.dll+0x29363]
C  [KERNEL32.DLL+0x1257d]
C  [ntdll.dll+0x5aa58]


---------------  P R O C E S S  ---------------

Threads class SMR info:
_java_thread_list=0x0000019e1a25c890, length=31, elements={
0x0000019e7b17dff0, 0x0000019e7ff50020, 0x0000019e7ff51fe0, 0x0000019e7ff5eab0,
0x0000019e160a47b0, 0x0000019e160a5540, 0x0000019e160a6170, 0x0000019e160a6f70,
0x0000019e160b3fb0, 0x0000019e1612b1c0, 0x0000019e7b1e2a80, 0x0000019e16317720,
0x0000019e1802bf30, 0x0000019e181f7790, 0x0000019e17df74a0, 0x0000019e18056730,
0x0000019e17fbf1f0, 0x0000019e162d86a0, 0x0000019e162d9ff0, 0x0000019e162d95d0,
0x0000019e162d90c0, 0x0000019e162da500, 0x0000019e162d7770, 0x0000019e162d8bb0,
0x0000019e1847f050, 0x0000019e1847e120, 0x0000019e184780f0, 0x0000019e1847dc10,
0x0000019e1847d700, 0x0000019e1847e630, 0x0000019e18479a40
}

Java Threads: ( => current thread )
  0x0000019e7b17dff0 JavaThread "main" [_thread_blocked, id=22188, stack(0x0000003caea00000,0x0000003caeb00000)]
  0x0000019e7ff50020 JavaThread "Reference Handler" daemon [_thread_blocked, id=30476, stack(0x0000003caed00000,0x0000003caee00000)]
  0x0000019e7ff51fe0 JavaThread "Finalizer" daemon [_thread_blocked, id=2896, stack(0x0000003caee00000,0x0000003caef00000)]
  0x0000019e7ff5eab0 JavaThread "Signal Dispatcher" daemon [_thread_blocked, id=27124, stack(0x0000003caef00000,0x0000003caf000000)]
  0x0000019e160a47b0 JavaThread "Attach Listener" daemon [_thread_blocked, id=29832, stack(0x0000003caf000000,0x0000003caf100000)]
  0x0000019e160a5540 JavaThread "Service Thread" daemon [_thread_blocked, id=31880, stack(0x0000003caf100000,0x0000003caf200000)]
  0x0000019e160a6170 JavaThread "Monitor Deflation Thread" daemon [_thread_blocked, id=25516, stack(0x0000003caf200000,0x0000003caf300000)]
=>0x0000019e160a6f70 JavaThread "C2 CompilerThread0" daemon [_thread_in_native, id=30420, stack(0x0000003caf300000,0x0000003caf400000)]
  0x0000019e160b3fb0 JavaThread "C1 CompilerThread0" daemon [_thread_blocked, id=26760, stack(0x0000003caf400000,0x0000003caf500000)]
  0x0000019e1612b1c0 JavaThread "Sweeper thread" daemon [_thread_blocked, id=16164, stack(0x0000003caf500000,0x0000003caf600000)]
  0x0000019e7b1e2a80 JavaThread "Common-Cleaner" daemon [_thread_blocked, id=31840, stack(0x0000003caf600000,0x0000003caf700000)]
  0x0000019e16317720 JavaThread "Notification Thread" daemon [_thread_blocked, id=27024, stack(0x0000003caf700000,0x0000003caf800000)]
  0x0000019e1802bf30 JavaThread "Active Thread: Equinox Container: d29471d9-ed6a-4dba-8668-df98b16a95b4" [_thread_blocked, id=14264, stack(0x0000003caff00000,0x0000003cb0000000)]
  0x0000019e181f7790 JavaThread "Framework Event Dispatcher: Equinox Container: d29471d9-ed6a-4dba-8668-df98b16a95b4" daemon [_thread_blocked, id=19124, stack(0x0000003cb0000000,0x0000003cb0100000)]
  0x0000019e17df74a0 JavaThread "Start Level: Equinox Container: d29471d9-ed6a-4dba-8668-df98b16a95b4" daemon [_thread_blocked, id=25924, stack(0x0000003cb0100000,0x0000003cb0200000)]
  0x0000019e18056730 JavaThread "Bundle File Closer" daemon [_thread_blocked, id=14356, stack(0x0000003cb0300000,0x0000003cb0400000)]
  0x0000019e17fbf1f0 JavaThread "SCR Component Actor" daemon [_thread_blocked, id=31928, stack(0x0000003cb0400000,0x0000003cb0500000)]
  0x0000019e162d86a0 JavaThread "Worker-JM" [_thread_blocked, id=26020, stack(0x0000003cb0800000,0x0000003cb0900000)]
  0x0000019e162d9ff0 JavaThread "Worker-0: Initialize Workspace" [_thread_blocked, id=24728, stack(0x0000003cb0900000,0x0000003cb0a00000)]
  0x0000019e162d95d0 JavaThread "Worker-1: Java indexing... " [_thread_blocked, id=23908, stack(0x0000003cb0a00000,0x0000003cb0b00000)]
  0x0000019e162d90c0 JavaThread "Worker-2" [_thread_blocked, id=29216, stack(0x0000003cb0b00000,0x0000003cb0c00000)]
  0x0000019e162da500 JavaThread "Worker-3" [_thread_blocked, id=31860, stack(0x0000003cb0c00000,0x0000003cb0d00000)]
  0x0000019e162d7770 JavaThread "Java indexing" daemon [_thread_in_Java, id=19540, stack(0x0000003cb0700000,0x0000003cb0800000)]
  0x0000019e162d8bb0 JavaThread "JNA Cleaner" daemon [_thread_blocked, id=5280, stack(0x0000003cb0d00000,0x0000003cb0e00000)]
  0x0000019e1847f050 JavaThread "pool-2-thread-1" [_thread_blocked, id=25268, stack(0x0000003cb0e00000,0x0000003cb0f00000)]
  0x0000019e1847e120 JavaThread "WorkspaceEventsHandler" [_thread_blocked, id=27824, stack(0x0000003cb0f00000,0x0000003cb1000000)]
  0x0000019e184780f0 JavaThread "pool-1-thread-1" [_thread_blocked, id=24772, stack(0x0000003cb1000000,0x0000003cb1100000)]
  0x0000019e1847dc10 JavaThread "pool-3-thread-1" [_thread_blocked, id=1936, stack(0x0000003cb1100000,0x0000003cb1200000)]
  0x0000019e1847d700 JavaThread "Worker-4" [_thread_blocked, id=31388, stack(0x0000003cb1200000,0x0000003cb1300000)]
  0x0000019e1847e630 JavaThread "Worker-5" [_thread_blocked, id=19148, stack(0x0000003cb1300000,0x0000003cb1400000)]
  0x0000019e18479a40 JavaThread "Worker-6" [_thread_blocked, id=1484, stack(0x0000003cb1400000,0x0000003cb1500000)]

Other Threads:
  0x0000019e7b22eca0 VMThread "VM Thread" [stack: 0x0000003caec00000,0x0000003caed00000] [id=26136]
  0x0000019e17889fe0 WatcherThread [stack: 0x0000003caf800000,0x0000003caf900000] [id=29304]
  0x0000019e7b1952f0 GCTaskThread "GC Thread#0" [stack: 0x0000003caeb00000,0x0000003caec00000] [id=25216]
  0x0000019e17a63620 GCTaskThread "GC Thread#1" [stack: 0x0000003caf900000,0x0000003cafa00000] [id=26560]
  0x0000019e18024b90 GCTaskThread "GC Thread#2" [stack: 0x0000003cafa00000,0x0000003cafb00000] [id=27432]
  0x0000019e17dc1cf0 GCTaskThread "GC Thread#3" [stack: 0x0000003cafb00000,0x0000003cafc00000] [id=30752]
  0x0000019e17dc1fb0 GCTaskThread "GC Thread#4" [stack: 0x0000003cafc00000,0x0000003cafd00000] [id=13300]
  0x0000019e17dc2270 GCTaskThread "GC Thread#5" [stack: 0x0000003cafd00000,0x0000003cafe00000] [id=26496]
  0x0000019e17dc3160 GCTaskThread "GC Thread#6" [stack: 0x0000003cafe00000,0x0000003caff00000] [id=14880]
  0x0000019e181bd4f0 GCTaskThread "GC Thread#7" [stack: 0x0000003cb0200000,0x0000003cb0300000] [id=30360]
  0x0000019e1827f3f0 GCTaskThread "GC Thread#8" [stack: 0x0000003cb0500000,0x0000003cb0600000] [id=29788]
  0x0000019e18384290 GCTaskThread "GC Thread#9" [stack: 0x0000003cb0600000,0x0000003cb0700000] [id=32708]

Threads with active compile tasks:
C2 CompilerThread0    68640 7487   !   4       org.eclipse.jdt.internal.core.search.indexing.BinaryIndexer::indexDocument (1142 bytes)

VM state: not at safepoint (normal execution)

VM Mutex/Monitor currently owned by a thread: None

Heap address: 0x00000000c0000000, size: 1024 MB, Compressed Oops mode: 32-bit

CDS archive(s) not mapped
Compressed class space mapped at: 0x0000000100000000-0x0000000140000000, reserved size: 1073741824
Narrow klass base: 0x0000000000000000, Narrow klass shift: 3, Narrow klass range: 0x140000000

GC Precious Log:
 CPUs: 12 total, 12 available
 Memory: 6005M
 Large Page Support: Disabled
 NUMA Support: Disabled
 Compressed Oops: Enabled (32-bit)
 Alignments: Space 512K, Generation 512K, Heap 2M
 Heap Min Capacity: 100M
 Heap Initial Capacity: 100M
 Heap Max Capacity: 1G
 Pre-touch: Disabled
 Parallel Workers: 10

Heap:
 PSYoungGen      total 10752K, used 7797K [0x00000000eab00000, 0x00000000eba00000, 0x0000000100000000)
  eden space 7680K, 61% used [0x00000000eab00000,0x00000000eaf9db20,0x00000000eb280000)
  from space 3072K, 99% used [0x00000000eb280000,0x00000000eb57f908,0x00000000eb580000)
  to   space 3584K, 0% used [0x00000000eb680000,0x00000000eb680000,0x00000000eba00000)
 ParOldGen       total 274432K, used 264812K [0x00000000c0000000, 0x00000000d0c00000, 0x00000000eab00000)
  object space 274432K, 96% used [0x00000000c0000000,0x00000000d029b2e0,0x00000000d0c00000)
 Metaspace       used 54207K, committed 55168K, reserved 1114112K
  class space    used 5785K, committed 6208K, reserved 1048576K

Card table byte_map: [0x0000019e7f7d0000,0x0000019e7f9e0000] _byte_map_base: 0x0000019e7f1d0000

Marking Bits: (ParMarkBitMap*) 0x00007ffcd946d7d0
 Begin Bits: [0x0000019e0f000000, 0x0000019e10000000)
 End Bits:   [0x0000019e10000000, 0x0000019e11000000)

Polling page: 0x0000019e7aee0000

Metaspace:

Usage:
  Non-class:     47.29 MB used.
      Class:      5.65 MB used.
       Both:     52.94 MB used.

Virtual space:
  Non-class space:       64.00 MB reserved,      47.81 MB ( 75%) committed,  1 nodes.
      Class space:        1.00 GB reserved,       6.06 MB ( <1%) committed,  1 nodes.
             Both:        1.06 GB reserved,      53.88 MB (  5%) committed. 

Chunk freelists:
   Non-Class:  15.83 MB
       Class:  9.92 MB
        Both:  25.75 MB

MaxMetaspaceSize: unlimited
CompressedClassSpaceSize: 1.00 GB
Initial GC threshold: 21.00 MB
Current GC threshold: 89.69 MB
CDS: off
MetaspaceReclaimPolicy: balanced
 - commit_granule_bytes: 65536.
 - commit_granule_words: 8192.
 - virtual_space_node_default_size: 8388608.
 - enlarge_chunks_in_place: 1.
 - new_chunks_are_fully_committed: 0.
 - uncommit_free_chunks: 1.
 - use_allocation_guard: 0.
 - handle_deallocations: 1.


Internal statistics:

num_allocs_failed_limit: 6.
num_arena_births: 486.
num_arena_deaths: 14.
num_vsnodes_births: 2.
num_vsnodes_deaths: 0.
num_space_committed: 862.
num_space_uncommitted: 0.
num_chunks_returned_to_freelist: 20.
num_chunks_taken_from_freelist: 2404.
num_chunk_merges: 6.
num_chunk_splits: 1578.
num_chunks_enlarged: 1083.
num_inconsistent_stats: 0.

CodeHeap 'non-profiled nmethods': size=120000Kb used=4315Kb max_used=4315Kb free=115684Kb
 bounds [0x0000019e07ad0000, 0x0000019e07f10000, 0x0000019e0f000000]
CodeHeap 'profiled nmethods': size=120000Kb used=14075Kb max_used=14075Kb free=105924Kb
 bounds [0x0000019e00000000, 0x0000019e00dd0000, 0x0000019e07530000]
CodeHeap 'non-nmethods': size=5760Kb used=1298Kb max_used=1345Kb free=4461Kb
 bounds [0x0000019e07530000, 0x0000019e077a0000, 0x0000019e07ad0000]
 total_blobs=7273 nmethods=6647 adapters=540
 compilation: enabled
              stopped_count=0, restarted_count=0
 full_count=0

Compilation events (20 events):
Event: 63.293 Thread 0x0000019e160a6f70 nmethod 7479 0x0000019e07f02c90 code [0x0000019e07f02e40, 0x0000019e07f03088]
Event: 63.293 Thread 0x0000019e160a6f70 7480       4       java.net.URI::<init> (51 bytes)
Event: 63.298 Thread 0x0000019e160a6f70 nmethod 7480 0x0000019e07f03390 code [0x0000019e07f03540, 0x0000019e07f03788]
Event: 63.298 Thread 0x0000019e160a6f70 7478       4       java.net.URI::appendAuthority (269 bytes)
Event: 63.299 Thread 0x0000019e160a6f70 nmethod 7478 0x0000019e07f03a10 code [0x0000019e07f03b80, 0x0000019e07f03c38]
Event: 63.311 Thread 0x0000019e160a6f70 7481       4       java.util.concurrent.TimeUnit::toNanos (45 bytes)
Event: 63.313 Thread 0x0000019e160a6f70 nmethod 7481 0x0000019e07f03d10 code [0x0000019e07f03e80, 0x0000019e07f03f78]
Event: 64.011 Thread 0x0000019e160a6f70 7482   !   4       org.eclipse.jdt.internal.core.search.JavaSearchDocument::getByteContents (41 bytes)
Event: 64.013 Thread 0x0000019e160a6f70 nmethod 7482 0x0000019e07f04010 code [0x0000019e07f04180, 0x0000019e07f04218]
Event: 64.013 Thread 0x0000019e160a6f70 7483   !   4       org.eclipse.jdt.internal.core.search.indexing.BinaryIndexer::toUri (51 bytes)
Event: 64.059 Thread 0x0000019e160a6f70 nmethod 7483 0x0000019e07f04310 code [0x0000019e07f04520, 0x0000019e07f04fa8]
Event: 64.169 Thread 0x0000019e160a6f70 7484       4       java.util.ArrayList::toArray (57 bytes)
Event: 64.180 Thread 0x0000019e160a6f70 nmethod 7484 0x0000019e07f05890 code [0x0000019e07f05a20, 0x0000019e07f05ed8]
Event: 64.240 Thread 0x0000019e160a6f70 7485       4       org.eclipse.osgi.container.ModuleDatabase::readUnlock (11 bytes)
Event: 64.261 Thread 0x0000019e160a6f70 nmethod 7485 0x0000019e07f06090 code [0x0000019e07f06260, 0x0000019e07f06570]
Event: 64.516 Thread 0x0000019e160a6f70 7486       4       java.util.stream.Sink$ChainedReference::end (10 bytes)
Event: 64.516 Thread 0x0000019e160a6f70 nmethod 7486 0x0000019e07f06990 code [0x0000019e07f06b00, 0x0000019e07f06b98]
Event: 65.876 Thread 0x0000019e160a6f70 7487   !   4       org.eclipse.jdt.internal.core.search.indexing.BinaryIndexer::indexDocument (1142 bytes)
Event: 67.261 Thread 0x0000019e160b3fb0 7489       3       java.lang.StringBuffer::<init> (7 bytes)
Event: 67.271 Thread 0x0000019e160b3fb0 nmethod 7489 0x0000019e00dc0010 code [0x0000019e00dc01a0, 0x0000019e00dc02e8]

GC Heap History (20 events):
Event: 64.590 GC heap before
{Heap before GC invocations=290 (full 10):
 PSYoungGen      total 7680K, used 7594K [0x00000000eab00000, 0x00000000eb400000, 0x0000000100000000)
  eden space 6144K, 100% used [0x00000000eab00000,0x00000000eb100000,0x00000000eb100000)
  from space 1536K, 94% used [0x00000000eb200000,0x00000000eb36a950,0x00000000eb380000)
  to   space 512K, 0% used [0x00000000eb380000,0x00000000eb380000,0x00000000eb400000)
 ParOldGen       total 248832K, used 244092K [0x00000000c0000000, 0x00000000cf300000, 0x00000000eab00000)
  object space 248832K, 98% used [0x00000000c0000000,0x00000000cee5f0e8,0x00000000cf300000)
 Metaspace       used 54207K, committed 55168K, reserved 1114112K
  class space    used 5785K, committed 6208K, reserved 1048576K
}
Event: 64.793 GC heap after
{Heap after GC invocations=290 (full 10):
 PSYoungGen      total 5120K, used 499K [0x00000000eab00000, 0x00000000eba80000, 0x0000000100000000)
  eden space 4608K, 0% used [0x00000000eab00000,0x00000000eab00000,0x00000000eaf80000)
  from space 512K, 97% used [0x00000000eb380000,0x00000000eb3fcce0,0x00000000eb400000)
  to   space 4096K, 0% used [0x00000000eaf80000,0x00000000eaf80000,0x00000000eb380000)
 ParOldGen       total 248832K, used 247010K [0x00000000c0000000, 0x00000000cf300000, 0x00000000eab00000)
  object space 248832K, 99% used [0x00000000c0000000,0x00000000cf138b88,0x00000000cf300000)
 Metaspace       used 54207K, committed 55168K, reserved 1114112K
  class space    used 5785K, committed 6208K, reserved 1048576K
}
Event: 64.793 GC heap before
{Heap before GC invocations=291 (full 11):
 PSYoungGen      total 5120K, used 499K [0x00000000eab00000, 0x00000000eba80000, 0x0000000100000000)
  eden space 4608K, 0% used [0x00000000eab00000,0x00000000eab00000,0x00000000eaf80000)
  from space 512K, 97% used [0x00000000eb380000,0x00000000eb3fcce0,0x00000000eb400000)
  to   space 4096K, 0% used [0x00000000eaf80000,0x00000000eaf80000,0x00000000eb380000)
 ParOldGen       total 248832K, used 247010K [0x00000000c0000000, 0x00000000cf300000, 0x00000000eab00000)
  object space 248832K, 99% used [0x00000000c0000000,0x00000000cf138b88,0x00000000cf300000)
 Metaspace       used 54207K, committed 55168K, reserved 1114112K
  class space    used 5785K, committed 6208K, reserved 1048576K
}
Event: 65.251 GC heap after
{Heap after GC invocations=291 (full 11):
 PSYoungGen      total 8704K, used 0K [0x00000000eab00000, 0x00000000eb880000, 0x0000000100000000)
  eden space 4608K, 0% used [0x00000000eab00000,0x00000000eab00000,0x00000000eaf80000)
  from space 4096K, 0% used [0x00000000eaf80000,0x00000000eaf80000,0x00000000eb380000)
  to   space 4096K, 0% used [0x00000000eb480000,0x00000000eb480000,0x00000000eb880000)
 ParOldGen       total 274432K, used 245558K [0x00000000c0000000, 0x00000000d0c00000, 0x00000000eab00000)
  object space 274432K, 89% used [0x00000000c0000000,0x00000000cefcdac0,0x00000000d0c00000)
 Metaspace       used 54207K, committed 55168K, reserved 1114112K
  class space    used 5785K, committed 6208K, reserved 1048576K
}
Event: 65.289 GC heap before
{Heap before GC invocations=292 (full 11):
 PSYoungGen      total 8704K, used 4608K [0x00000000eab00000, 0x00000000eb880000, 0x0000000100000000)
  eden space 4608K, 100% used [0x00000000eab00000,0x00000000eaf80000,0x00000000eaf80000)
  from space 4096K, 0% used [0x00000000eaf80000,0x00000000eaf80000,0x00000000eb380000)
  to   space 4096K, 0% used [0x00000000eb480000,0x00000000eb480000,0x00000000eb880000)
 ParOldGen       total 274432K, used 245558K [0x00000000c0000000, 0x00000000d0c00000, 0x00000000eab00000)
  object space 274432K, 89% used [0x00000000c0000000,0x00000000cefcdac0,0x00000000d0c00000)
 Metaspace       used 54207K, committed 55168K, reserved 1114112K
  class space    used 5785K, committed 6208K, reserved 1048576K
}
Event: 65.292 GC heap after
{Heap after GC invocations=292 (full 11):
 PSYoungGen      total 7680K, used 1573K [0x00000000eab00000, 0x00000000eb680000, 0x0000000100000000)
  eden space 5632K, 0% used [0x00000000eab00000,0x00000000eab00000,0x00000000eb080000)
  from space 2048K, 76% used [0x00000000eb480000,0x00000000eb609418,0x00000000eb680000)
  to   space 2560K, 0% used [0x00000000eb180000,0x00000000eb180000,0x00000000eb400000)
 ParOldGen       total 274432K, used 245558K [0x00000000c0000000, 0x00000000d0c00000, 0x00000000eab00000)
  object space 274432K, 89% used [0x00000000c0000000,0x00000000cefcdac0,0x00000000d0c00000)
 Metaspace       used 54207K, committed 55168K, reserved 1114112K
  class space    used 5785K, committed 6208K, reserved 1048576K
}
Event: 65.857 GC heap before
{Heap before GC invocations=293 (full 11):
 PSYoungGen      total 7680K, used 7205K [0x00000000eab00000, 0x00000000eb680000, 0x0000000100000000)
  eden space 5632K, 100% used [0x00000000eab00000,0x00000000eb080000,0x00000000eb080000)
  from space 2048K, 76% used [0x00000000eb480000,0x00000000eb609418,0x00000000eb680000)
  to   space 2560K, 0% used [0x00000000eb180000,0x00000000eb180000,0x00000000eb400000)
 ParOldGen       total 274432K, used 245558K [0x00000000c0000000, 0x00000000d0c00000, 0x00000000eab00000)
  object space 274432K, 89% used [0x00000000c0000000,0x00000000cefcdac0,0x00000000d0c00000)
 Metaspace       used 54207K, committed 55168K, reserved 1114112K
  class space    used 5785K, committed 6208K, reserved 1048576K
}
Event: 65.866 GC heap after
{Heap after GC invocations=293 (full 11):
 PSYoungGen      total 8704K, used 1847K [0x00000000eab00000, 0x00000000eb580000, 0x0000000100000000)
  eden space 6656K, 0% used [0x00000000eab00000,0x00000000eab00000,0x00000000eb180000)
  from space 2048K, 90% used [0x00000000eb180000,0x00000000eb34dfd0,0x00000000eb380000)
  to   space 2048K, 0% used [0x00000000eb380000,0x00000000eb380000,0x00000000eb580000)
 ParOldGen       total 274432K, used 246876K [0x00000000c0000000, 0x00000000d0c00000, 0x00000000eab00000)
  object space 274432K, 89% used [0x00000000c0000000,0x00000000cf117030,0x00000000d0c00000)
 Metaspace       used 54207K, committed 55168K, reserved 1114112K
  class space    used 5785K, committed 6208K, reserved 1048576K
}
Event: 65.937 GC heap before
{Heap before GC invocations=294 (full 11):
 PSYoungGen      total 8704K, used 8503K [0x00000000eab00000, 0x00000000eb580000, 0x0000000100000000)
  eden space 6656K, 100% used [0x00000000eab00000,0x00000000eb180000,0x00000000eb180000)
  from space 2048K, 90% used [0x00000000eb180000,0x00000000eb34dfd0,0x00000000eb380000)
  to   space 2048K, 0% used [0x00000000eb380000,0x00000000eb380000,0x00000000eb580000)
 ParOldGen       total 274432K, used 246876K [0x00000000c0000000, 0x00000000d0c00000, 0x00000000eab00000)
  object space 274432K, 89% used [0x00000000c0000000,0x00000000cf117030,0x00000000d0c00000)
 Metaspace       used 54207K, committed 55168K, reserved 1114112K
  class space    used 5785K, committed 6208K, reserved 1048576K
}
Event: 65.940 GC heap after
{Heap after GC invocations=294 (full 11):
 PSYoungGen      total 8704K, used 1986K [0x00000000eab00000, 0x00000000eb680000, 0x0000000100000000)
  eden space 6656K, 0% used [0x00000000eab00000,0x00000000eab00000,0x00000000eb180000)
  from space 2048K, 96% used [0x00000000eb380000,0x00000000eb570858,0x00000000eb580000)
  to   space 2048K, 0% used [0x00000000eb180000,0x00000000eb180000,0x00000000eb380000)
 ParOldGen       total 274432K, used 248534K [0x00000000c0000000, 0x00000000d0c00000, 0x00000000eab00000)
  object space 274432K, 90% used [0x00000000c0000000,0x00000000cf2b5bc0,0x00000000d0c00000)
 Metaspace       used 54207K, committed 55168K, reserved 1114112K
  class space    used 5785K, committed 6208K, reserved 1048576K
}
Event: 66.008 GC heap before
{Heap before GC invocations=295 (full 11):
 PSYoungGen      total 8704K, used 8642K [0x00000000eab00000, 0x00000000eb680000, 0x0000000100000000)
  eden space 6656K, 100% used [0x00000000eab00000,0x00000000eb180000,0x00000000eb180000)
  from space 2048K, 96% used [0x00000000eb380000,0x00000000eb570858,0x00000000eb580000)
  to   space 2048K, 0% used [0x00000000eb180000,0x00000000eb180000,0x00000000eb380000)
 ParOldGen       total 274432K, used 248534K [0x00000000c0000000, 0x00000000d0c00000, 0x00000000eab00000)
  object space 274432K, 90% used [0x00000000c0000000,0x00000000cf2b5bc0,0x00000000d0c00000)
 Metaspace       used 54207K, committed 55168K, reserved 1114112K
  class space    used 5785K, committed 6208K, reserved 1048576K
}
Event: 66.012 GC heap after
{Heap after GC invocations=295 (full 11):
 PSYoungGen      total 8704K, used 2045K [0x00000000eab00000, 0x00000000ebb80000, 0x0000000100000000)
  eden space 6656K, 0% used [0x00000000eab00000,0x00000000eab00000,0x00000000eb180000)
  from space 2048K, 99% used [0x00000000eb180000,0x00000000eb37f480,0x00000000eb380000)
  to   space 4608K, 0% used [0x00000000eb700000,0x00000000eb700000,0x00000000ebb80000)
 ParOldGen       total 274432K, used 250542K [0x00000000c0000000, 0x00000000d0c00000, 0x00000000eab00000)
  object space 274432K, 91% used [0x00000000c0000000,0x00000000cf4ab968,0x00000000d0c00000)
 Metaspace       used 54207K, committed 55168K, reserved 1114112K
  class space    used 5785K, committed 6208K, reserved 1048576K
}
Event: 66.331 GC heap before
{Heap before GC invocations=296 (full 11):
 PSYoungGen      total 8704K, used 8701K [0x00000000eab00000, 0x00000000ebb80000, 0x0000000100000000)
  eden space 6656K, 100% used [0x00000000eab00000,0x00000000eb180000,0x00000000eb180000)
  from space 2048K, 99% used [0x00000000eb180000,0x00000000eb37f480,0x00000000eb380000)
  to   space 4608K, 0% used [0x00000000eb700000,0x00000000eb700000,0x00000000ebb80000)
 ParOldGen       total 274432K, used 250542K [0x00000000c0000000, 0x00000000d0c00000, 0x00000000eab00000)
  object space 274432K, 91% used [0x00000000c0000000,0x00000000cf4ab968,0x00000000d0c00000)
 Metaspace       used 54207K, committed 55168K, reserved 1114112K
  class space    used 5785K, committed 6208K, reserved 1048576K
}
Event: 66.348 GC heap after
{Heap after GC invocations=296 (full 11):
 PSYoungGen      total 9216K, used 2512K [0x00000000eab00000, 0x00000000eb980000, 0x0000000100000000)
  eden space 6656K, 0% used [0x00000000eab00000,0x00000000eab00000,0x00000000eb180000)
  from space 2560K, 98% used [0x00000000eb700000,0x00000000eb974370,0x00000000eb980000)
  to   space 3072K, 0% used [0x00000000eb380000,0x00000000eb380000,0x00000000eb680000)
 ParOldGen       total 274432K, used 252506K [0x00000000c0000000, 0x00000000d0c00000, 0x00000000eab00000)
  object space 274432K, 92% used [0x00000000c0000000,0x00000000cf696998,0x00000000d0c00000)
 Metaspace       used 54207K, committed 55168K, reserved 1114112K
  class space    used 5785K, committed 6208K, reserved 1048576K
}
Event: 66.624 GC heap before
{Heap before GC invocations=297 (full 11):
 PSYoungGen      total 9216K, used 9168K [0x00000000eab00000, 0x00000000eb980000, 0x0000000100000000)
  eden space 6656K, 100% used [0x00000000eab00000,0x00000000eb180000,0x00000000eb180000)
  from space 2560K, 98% used [0x00000000eb700000,0x00000000eb974370,0x00000000eb980000)
  to   space 3072K, 0% used [0x00000000eb380000,0x00000000eb380000,0x00000000eb680000)
 ParOldGen       total 274432K, used 252506K [0x00000000c0000000, 0x00000000d0c00000, 0x00000000eab00000)
  object space 274432K, 92% used [0x00000000c0000000,0x00000000cf696998,0x00000000d0c00000)
 Metaspace       used 54207K, committed 55168K, reserved 1114112K
  class space    used 5785K, committed 6208K, reserved 1048576K
}
Event: 66.630 GC heap after
{Heap after GC invocations=297 (full 11):
 PSYoungGen      total 9728K, used 2626K [0x00000000eab00000, 0x00000000eb780000, 0x0000000100000000)
  eden space 6656K, 0% used [0x00000000eab00000,0x00000000eab00000,0x00000000eb180000)
  from space 3072K, 85% used [0x00000000eb380000,0x00000000eb610a58,0x00000000eb680000)
  to   space 1024K, 0% used [0x00000000eb680000,0x00000000eb680000,0x00000000eb780000)
 ParOldGen       total 274432K, used 254923K [0x00000000c0000000, 0x00000000d0c00000, 0x00000000eab00000)
  object space 274432K, 92% used [0x00000000c0000000,0x00000000cf8f2f80,0x00000000d0c00000)
 Metaspace       used 54207K, committed 55168K, reserved 1114112K
  class space    used 5785K, committed 6208K, reserved 1048576K
}
Event: 66.798 GC heap before
{Heap before GC invocations=298 (full 11):
 PSYoungGen      total 9728K, used 9282K [0x00000000eab00000, 0x00000000eb780000, 0x0000000100000000)
  eden space 6656K, 100% used [0x00000000eab00000,0x00000000eb180000,0x00000000eb180000)
  from space 3072K, 85% used [0x00000000eb380000,0x00000000eb610a58,0x00000000eb680000)
  to   space 1024K, 0% used [0x00000000eb680000,0x00000000eb680000,0x00000000eb780000)
 ParOldGen       total 274432K, used 254923K [0x00000000c0000000, 0x00000000d0c00000, 0x00000000eab00000)
  object space 274432K, 92% used [0x00000000c0000000,0x00000000cf8f2f80,0x00000000d0c00000)
 Metaspace       used 54207K, committed 55168K, reserved 1114112K
  class space    used 5785K, committed 6208K, reserved 1048576K
}
Event: 67.259 GC heap after
{Heap after GC invocations=298 (full 11):
 PSYoungGen      total 7168K, used 1005K [0x00000000eab00000, 0x00000000ebe00000, 0x0000000100000000)
  eden space 6144K, 0% used [0x00000000eab00000,0x00000000eab00000,0x00000000eb100000)
  from space 1024K, 98% used [0x00000000eb680000,0x00000000eb77b7f8,0x00000000eb780000)
  to   space 5632K, 0% used [0x00000000eb100000,0x00000000eb100000,0x00000000eb680000)
 ParOldGen       total 274432K, used 258946K [0x00000000c0000000, 0x00000000d0c00000, 0x00000000eab00000)
  object space 274432K, 94% used [0x00000000c0000000,0x00000000cfce0a88,0x00000000d0c00000)
 Metaspace       used 54207K, committed 55168K, reserved 1114112K
  class space    used 5785K, committed 6208K, reserved 1048576K
}
Event: 67.547 GC heap before
{Heap before GC invocations=299 (full 11):
 PSYoungGen      total 7168K, used 7112K [0x00000000eab00000, 0x00000000ebe00000, 0x0000000100000000)
  eden space 6144K, 99% used [0x00000000eab00000,0x00000000eb0f6b58,0x00000000eb100000)
  from space 1024K, 98% used [0x00000000eb680000,0x00000000eb77b7f8,0x00000000eb780000)
  to   space 5632K, 0% used [0x00000000eb100000,0x00000000eb100000,0x00000000eb680000)
 ParOldGen       total 274432K, used 258946K [0x00000000c0000000, 0x00000000d0c00000, 0x00000000eab00000)
  object space 274432K, 94% used [0x00000000c0000000,0x00000000cfce0a88,0x00000000d0c00000)
 Metaspace       used 54207K, committed 55168K, reserved 1114112K
  class space    used 5785K, committed 6208K, reserved 1048576K
}
Event: 67.563 GC heap after
{Heap after GC invocations=299 (full 11):
 PSYoungGen      total 9216K, used 2597K [0x00000000eab00000, 0x00000000eb900000, 0x0000000100000000)
  eden space 6144K, 0% used [0x00000000eab00000,0x00000000eab00000,0x00000000eb100000)
  from space 3072K, 84% used [0x00000000eb100000,0x00000000eb389798,0x00000000eb400000)
  to   space 3584K, 0% used [0x00000000eb580000,0x00000000eb580000,0x00000000eb900000)
 ParOldGen       total 274432K, used 259886K [0x00000000c0000000, 0x00000000d0c00000, 0x00000000eab00000)
  object space 274432K, 94% used [0x00000000c0000000,0x00000000cfdcb9f8,0x00000000d0c00000)
 Metaspace       used 54207K, committed 55168K, reserved 1114112K
  class space    used 5785K, committed 6208K, reserved 1048576K
}

Dll operation events (10 events):
Event: 0.057 Loaded shared library c:\Users\Alizha\.vscode\extensions\redhat.java-1.28.1-win32-x64\jre\17.0.10-win32-x86_64\bin\java.dll
Event: 1.068 Loaded shared library c:\Users\Alizha\.vscode\extensions\redhat.java-1.28.1-win32-x64\jre\17.0.10-win32-x86_64\bin\zip.dll
Event: 1.087 Loaded shared library C:\Users\Alizha\.vscode\extensions\redhat.java-1.28.1-win32-x64\jre\17.0.10-win32-x86_64\bin\instrument.dll
Event: 1.195 Loaded shared library C:\Users\Alizha\.vscode\extensions\redhat.java-1.28.1-win32-x64\jre\17.0.10-win32-x86_64\bin\net.dll
Event: 1.204 Loaded shared library C:\Users\Alizha\.vscode\extensions\redhat.java-1.28.1-win32-x64\jre\17.0.10-win32-x86_64\bin\nio.dll
Event: 1.219 Loaded shared library C:\Users\Alizha\.vscode\extensions\redhat.java-1.28.1-win32-x64\jre\17.0.10-win32-x86_64\bin\zip.dll
Event: 1.305 Loaded shared library C:\Users\Alizha\.vscode\extensions\redhat.java-1.28.1-win32-x64\jre\17.0.10-win32-x86_64\bin\jimage.dll
Event: 1.554 Loaded shared library c:\Users\Alizha\.vscode\extensions\redhat.java-1.28.1-win32-x64\jre\17.0.10-win32-x86_64\bin\verify.dll
Event: 10.294 Loaded shared library C:\Users\Alizha\AppData\Roaming\Code\User\globalStorage\redhat.java\1.28.1\config_win\org.eclipse.equinox.launcher\org.eclipse.equinox.launcher.win32.win32.x86_64_1.2.900.v20240129-1338\eclipse_11900.dll
Event: 37.216 Loaded shared library C:\Users\Alizha\AppData\Local\Temp\jna-1963883701\jna6517596444280755347.dll

Deoptimization events (20 events):
Event: 57.948 Thread 0x0000019e162d7770 DEOPT PACKING pc=0x0000019e07e84418 sp=0x0000003cb07fee80
Event: 57.948 Thread 0x0000019e162d7770 DEOPT UNPACKING pc=0x0000019e075866a3 sp=0x0000003cb07fede8 mode 2
Event: 61.102 Thread 0x0000019e162d7770 Uncommon trap: trap_request=0xffffffc6 fr.pc=0x0000019e07e45c2c relative=0x000000000000106c
Event: 61.102 Thread 0x0000019e162d7770 Uncommon trap: reason=bimorphic_or_optimized_type_check action=maybe_recompile pc=0x0000019e07e45c2c method=java.util.concurrent.ConcurrentHashMap.computeIfAbsent(Ljava/lang/Object;Ljava/util/function/Function;)Ljava/lang/Object; @ 323 c2
Event: 61.102 Thread 0x0000019e162d7770 DEOPT PACKING pc=0x0000019e07e45c2c sp=0x0000003cb07fef50
Event: 61.102 Thread 0x0000019e162d7770 DEOPT UNPACKING pc=0x0000019e075866a3 sp=0x0000003cb07feeb0 mode 2
Event: 61.145 Thread 0x0000019e162d7770 Uncommon trap: trap_request=0xffffffc6 fr.pc=0x0000019e07e45c2c relative=0x000000000000106c
Event: 61.145 Thread 0x0000019e162d7770 Uncommon trap: reason=bimorphic_or_optimized_type_check action=maybe_recompile pc=0x0000019e07e45c2c method=java.util.concurrent.ConcurrentHashMap.computeIfAbsent(Ljava/lang/Object;Ljava/util/function/Function;)Ljava/lang/Object; @ 323 c2
Event: 61.145 Thread 0x0000019e162d7770 DEOPT PACKING pc=0x0000019e07e45c2c sp=0x0000003cb07fef50
Event: 61.145 Thread 0x0000019e162d7770 DEOPT UNPACKING pc=0x0000019e075866a3 sp=0x0000003cb07feeb0 mode 2
Event: 62.040 Thread 0x0000019e184780f0 Uncommon trap: trap_request=0xffffffcc fr.pc=0x0000019e07ef9cb8 relative=0x0000000000000118
Event: 62.040 Thread 0x0000019e184780f0 Uncommon trap: reason=intrinsic_or_type_checked_inlining action=make_not_entrant pc=0x0000019e07ef9cb8 method=java.util.ArrayList.toArray([Ljava/lang/Object;)[Ljava/lang/Object; @ 36 c2
Event: 62.040 Thread 0x0000019e184780f0 DEOPT PACKING pc=0x0000019e07ef9cb8 sp=0x0000003cb10fe040
Event: 62.040 Thread 0x0000019e184780f0 DEOPT UNPACKING pc=0x0000019e075866a3 sp=0x0000003cb10fdfe0 mode 2
Event: 62.802 Thread 0x0000019e162d7770 Uncommon trap: trap_request=0xffffff45 fr.pc=0x0000019e07e751c0 relative=0x0000000000006820
Event: 62.803 Thread 0x0000019e162d7770 Uncommon trap: reason=unstable_if action=reinterpret pc=0x0000019e07e751c0 method=org.eclipse.jdt.internal.core.search.indexing.BinaryIndexer.indexDocument()V @ 315 c2
Event: 62.803 Thread 0x0000019e162d7770 DEOPT PACKING pc=0x0000019e07e751c0 sp=0x0000003cb07fef80
Event: 62.803 Thread 0x0000019e162d7770 DEOPT UNPACKING pc=0x0000019e075866a3 sp=0x0000003cb07fef00 mode 2
Event: 64.557 Thread 0x0000019e162d7770 DEOPT PACKING pc=0x0000019e00d95cce sp=0x0000003cb07fedd0
Event: 64.558 Thread 0x0000019e162d7770 DEOPT UNPACKING pc=0x0000019e07586e43 sp=0x0000003cb07fe2e0 mode 0

Classes unloaded (7 events):
Event: 26.984 Thread 0x0000019e7b22eca0 Unloading class 0x0000000100250400 'java/lang/invoke/LambdaForm$MH+0x0000000100250400'
Event: 26.984 Thread 0x0000019e7b22eca0 Unloading class 0x0000000100250000 'java/lang/invoke/LambdaForm$MH+0x0000000100250000'
Event: 26.984 Thread 0x0000019e7b22eca0 Unloading class 0x000000010024bc00 'java/lang/invoke/LambdaForm$MH+0x000000010024bc00'
Event: 26.984 Thread 0x0000019e7b22eca0 Unloading class 0x000000010024b800 'java/lang/invoke/LambdaForm$MH+0x000000010024b800'
Event: 26.984 Thread 0x0000019e7b22eca0 Unloading class 0x000000010024b400 'java/lang/invoke/LambdaForm$BMH+0x000000010024b400'
Event: 26.984 Thread 0x0000019e7b22eca0 Unloading class 0x000000010024b000 'java/lang/invoke/LambdaForm$DMH+0x000000010024b000'
Event: 26.984 Thread 0x0000019e7b22eca0 Unloading class 0x0000000100248400 'java/lang/invoke/LambdaForm$DMH+0x0000000100248400'

Classes redefined (0 events):
No events

Internal exceptions (20 events):
Event: 43.258 Thread 0x0000019e162d9ff0 Exception <a 'sun/nio/fs/WindowsException'{0x00000000eba9b888}> (0x00000000eba9b888) 
thrown [s\src\hotspot\share\prims\jni.cpp, line 516]
Event: 43.260 Thread 0x0000019e162d9ff0 Exception <a 'sun/nio/fs/WindowsException'{0x00000000eba9ed88}> (0x00000000eba9ed88) 
thrown [s\src\hotspot\share\prims\jni.cpp, line 516]
Event: 43.265 Thread 0x0000019e162d9ff0 Exception <a 'sun/nio/fs/WindowsException'{0x00000000ebaa24c0}> (0x00000000ebaa24c0) 
thrown [s\src\hotspot\share\prims\jni.cpp, line 516]
Event: 43.269 Thread 0x0000019e162d9ff0 Exception <a 'sun/nio/fs/WindowsException'{0x00000000ebaa5e60}> (0x00000000ebaa5e60) 
thrown [s\src\hotspot\share\prims\jni.cpp, line 516]
Event: 43.276 Thread 0x0000019e162d9ff0 Exception <a 'sun/nio/fs/WindowsException'{0x00000000ebaa98f0}> (0x00000000ebaa98f0) 
thrown [s\src\hotspot\share\prims\jni.cpp, line 516]
Event: 43.290 Thread 0x0000019e162d9ff0 Exception <a 'sun/nio/fs/WindowsException'{0x00000000ebabce60}> (0x00000000ebabce60) 
thrown [s\src\hotspot\share\prims\jni.cpp, line 516]
Event: 43.303 Thread 0x0000019e162d9ff0 Exception <a 'sun/nio/fs/WindowsException'{0x00000000ebac0ec8}> (0x00000000ebac0ec8) 
thrown [s\src\hotspot\share\prims\jni.cpp, line 516]
Event: 43.305 Thread 0x0000019e162d9ff0 Exception <a 'sun/nio/fs/WindowsException'{0x00000000ebac8b30}> (0x00000000ebac8b30) 
thrown [s\src\hotspot\share\prims\jni.cpp, line 516]
Event: 43.308 Thread 0x0000019e162d9ff0 Exception <a 'sun/nio/fs/WindowsException'{0x00000000ebacc268}> (0x00000000ebacc268) 
thrown [s\src\hotspot\share\prims\jni.cpp, line 516]
Event: 43.310 Thread 0x0000019e162d9ff0 Exception <a 'sun/nio/fs/WindowsException'{0x00000000ebacfc08}> (0x00000000ebacfc08) 
thrown [s\src\hotspot\share\prims\jni.cpp, line 516]
Event: 43.365 Thread 0x0000019e162d9ff0 Exception <a 'java/lang/NoSuchMethodError'{0x00000000ebaf6548}: 'void java.lang.invoke.DirectMethodHandle$Holder.invokeStatic(java.lang.Object, long)'> (0x00000000ebaf6548) 
thrown [s\src\hotspot\share\interpreter\linkResolver.cpp, line 759]
Event: 43.368 Thread 0x0000019e162d9ff0 Exception <a 'java/lang/NoSuchMethodError'{0x00000000ebafb8f0}: 'java.lang.Object java.lang.invoke.DirectMethodHandle$Holder.newInvokeSpecial(java.lang.Object, long)'> (0x00000000ebafb8f0) 
thrown [s\src\hotspot\share\interpreter\linkResolver.cpp, line 759]
Event: 43.382 Thread 0x0000019e162da500 Exception <a 'java/io/FileNotFoundException'{0x00000000ebb75ce0}> (0x00000000ebb75ce0) 
thrown [s\src\hotspot\share\prims\jni.cpp, line 516]
Event: 45.068 Thread 0x0000019e162da500 Exception <a 'java/io/FileNotFoundException'{0x00000000eb47d030}> (0x00000000eb47d030) 
thrown [s\src\hotspot\share\prims\jni.cpp, line 516]
Event: 45.086 Thread 0x0000019e162da500 Exception <a 'java/lang/NoSuchMethodError'{0x00000000eb597880}: 'int java.lang.invoke.DirectMethodHandle$Holder.invokeVirtual(java.lang.Object, java.lang.Object, java.lang.Object)'> (0x00000000eb597880) 
thrown [s\src\hotspot\share\interpreter\linkResolver.cpp, line 759]
Event: 46.605 Thread 0x0000019e162d7770 Implicit null exception at 0x0000019e07dccfac to 0x0000019e07dcd0ac
Event: 46.618 Thread 0x0000019e162da500 Exception <a 'java/io/FileNotFoundException'{0x00000000eb1a19a8}> (0x00000000eb1a19a8) 
thrown [s\src\hotspot\share\prims\jni.cpp, line 516]
Event: 46.619 Thread 0x0000019e162da500 Exception <a 'java/io/FileNotFoundException'{0x00000000eb1a29b8}> (0x00000000eb1a29b8) 
thrown [s\src\hotspot\share\prims\jni.cpp, line 516]
Event: 46.620 Thread 0x0000019e162da500 Exception <a 'java/io/FileNotFoundException'{0x00000000eb1a3720}> (0x00000000eb1a3720) 
thrown [s\src\hotspot\share\prims\jni.cpp, line 516]
Event: 51.809 Thread 0x0000019e162d7770 Implicit null exception at 0x0000019e07e49560 to 0x0000019e07e4ddf0

VM Operations (20 events):
Event: 64.525 Executing VM operation: ParallelGCFailedAllocation
Event: 64.530 Executing VM operation: ParallelGCFailedAllocation done
Event: 64.590 Executing VM operation: ParallelGCFailedAllocation
Event: 65.251 Executing VM operation: ParallelGCFailedAllocation done
Event: 65.289 Executing VM operation: ParallelGCFailedAllocation
Event: 65.292 Executing VM operation: ParallelGCFailedAllocation done
Event: 65.857 Executing VM operation: ParallelGCFailedAllocation
Event: 65.866 Executing VM operation: ParallelGCFailedAllocation done
Event: 65.937 Executing VM operation: ParallelGCFailedAllocation
Event: 65.940 Executing VM operation: ParallelGCFailedAllocation done
Event: 66.008 Executing VM operation: ParallelGCFailedAllocation
Event: 66.012 Executing VM operation: ParallelGCFailedAllocation done
Event: 66.330 Executing VM operation: ParallelGCFailedAllocation
Event: 66.348 Executing VM operation: ParallelGCFailedAllocation done
Event: 66.624 Executing VM operation: ParallelGCFailedAllocation
Event: 66.630 Executing VM operation: ParallelGCFailedAllocation done
Event: 66.782 Executing VM operation: ParallelGCFailedAllocation
Event: 67.260 Executing VM operation: ParallelGCFailedAllocation done
Event: 67.547 Executing VM operation: ParallelGCFailedAllocation
Event: 67.563 Executing VM operation: ParallelGCFailedAllocation done

Events (20 events):
Event: 43.542 loading class java/util/concurrent/CompletableFuture$Signaller
Event: 43.547 loading class java/util/concurrent/CompletableFuture$Signaller done
Event: 43.547 loading class java/util/concurrent/ForkJoinTask$Aux
Event: 43.549 loading class java/util/concurrent/ForkJoinTask$Aux done
Event: 45.073 Thread 0x0000019e1847d700 Thread added: 0x0000019e1847d700
Event: 45.115 loading class java/util/zip/ZipError
Event: 45.116 loading class java/util/zip/ZipError done
Event: 45.136 loading class java/lang/invoke/BoundMethodHandle$Species_LLLLLLLLLL
Event: 45.168 loading class java/lang/invoke/BoundMethodHandle$Species_LLLLLLLLLL done
Event: 45.173 loading class java/lang/invoke/BoundMethodHandle$Species_LLLLLLLLLLL
Event: 45.177 loading class java/lang/invoke/BoundMethodHandle$Species_LLLLLLLLLLL done
Event: 45.182 loading class java/lang/invoke/BoundMethodHandle$Species_LLLLLLLLLLLL
Event: 45.184 loading class java/lang/invoke/BoundMethodHandle$Species_LLLLLLLLLLLL done
Event: 45.185 Thread 0x0000019e1847e630 Thread added: 0x0000019e1847e630
Event: 45.200 loading class java/lang/invoke/BoundMethodHandle$Species_LLLLLLLLLLLLL
Event: 45.200 loading class java/lang/invoke/BoundMethodHandle$Species_LLLLLLLLLLLLL done
Event: 45.313 Thread 0x0000019e18479a40 Thread added: 0x0000019e18479a40
Event: 46.614 loading class java/util/WeakHashMap$KeyIterator
Event: 46.615 loading class java/util/WeakHashMap$KeyIterator done
Event: 49.428 Thread 0x0000019e1612b1c0 flushing nmethod 0x0000019e0071ac90


Dynamic libraries:
0x00007ff6e1be0000 - 0x00007ff6e1bee000 	c:\Users\Alizha\.vscode\extensions\redhat.java-1.28.1-win32-x64\jre\17.0.10-win32-x86_64\bin\java.exe
0x00007ffd796d0000 - 0x00007ffd798e7000 	C:\WINDOWS\SYSTEM32\ntdll.dll
0x00007ffd77fe0000 - 0x00007ffd780a4000 	C:\WINDOWS\System32\KERNEL32.DLL
0x00007ffd76f00000 - 0x00007ffd772a6000 	C:\WINDOWS\System32\KERNELBASE.dll
0x00007ffd76c00000 - 0x00007ffd76d11000 	C:\WINDOWS\System32\ucrtbase.dll
0x00007ffd6b360000 - 0x00007ffd6b377000 	c:\Users\Alizha\.vscode\extensions\redhat.java-1.28.1-win32-x64\jre\17.0.10-win32-x86_64\bin\jli.dll
0x00007ffd77620000 - 0x00007ffd777ce000 	C:\WINDOWS\System32\USER32.dll
0x00007ffd6b3b0000 - 0x00007ffd6b3cb000 	c:\Users\Alizha\.vscode\extensions\redhat.java-1.28.1-win32-x64\jre\17.0.10-win32-x86_64\bin\VCRUNTIME140.dll
0x00007ffd76a10000 - 0x00007ffd76a36000 	C:\WINDOWS\System32\win32u.dll
0x00007ffd791a0000 - 0x00007ffd791c9000 	C:\WINDOWS\System32\GDI32.dll
0x00007ffd57370000 - 0x00007ffd57603000 	C:\WINDOWS\WinSxS\amd64_microsoft.windows.common-controls_6595b64144ccf1df_6.0.22621.2506_none_270c5ae97388e100\COMCTL32.dll
0x00007ffd76ae0000 - 0x00007ffd76bf8000 	C:\WINDOWS\System32\gdi32full.dll
0x00007ffd76a40000 - 0x00007ffd76ada000 	C:\WINDOWS\System32\msvcp_win.dll
0x00007ffd791d0000 - 0x00007ffd79277000 	C:\WINDOWS\System32\msvcrt.dll
0x00007ffd78960000 - 0x00007ffd78991000 	C:\WINDOWS\System32\IMM32.DLL
0x00007ffd6b3a0000 - 0x00007ffd6b3ac000 	c:\Users\Alizha\.vscode\extensions\redhat.java-1.28.1-win32-x64\jre\17.0.10-win32-x86_64\bin\vcruntime140_1.dll
0x00007ffcf4950000 - 0x00007ffcf49dd000 	c:\Users\Alizha\.vscode\extensions\redhat.java-1.28.1-win32-x64\jre\17.0.10-win32-x86_64\bin\msvcp140.dll
0x00007ffcd88d0000 - 0x00007ffcd9532000 	c:\Users\Alizha\.vscode\extensions\redhat.java-1.28.1-win32-x64\jre\17.0.10-win32-x86_64\bin\server\jvm.dll
0x00007ffd78e70000 - 0x00007ffd78f23000 	C:\WINDOWS\System32\ADVAPI32.dll
0x00007ffd79010000 - 0x00007ffd790b8000 	C:\WINDOWS\System32\sechost.dll
0x00007ffd76ed0000 - 0x00007ffd76ef8000 	C:\WINDOWS\System32\bcrypt.dll
0x00007ffd77ec0000 - 0x00007ffd77fd7000 	C:\WINDOWS\System32\RPCRT4.dll
0x00007ffd76730000 - 0x00007ffd7677d000 	C:\WINDOWS\SYSTEM32\POWRPROF.dll
0x00007ffd6b390000 - 0x00007ffd6b399000 	C:\WINDOWS\SYSTEM32\WSOCK32.dll
0x00007ffd78f30000 - 0x00007ffd78fa1000 	C:\WINDOWS\System32\WS2_32.dll
0x00007ffd6b900000 - 0x00007ffd6b90a000 	C:\WINDOWS\SYSTEM32\VERSION.dll
0x00007ffd6ece0000 - 0x00007ffd6ed14000 	C:\WINDOWS\SYSTEM32\WINMM.dll
0x00007ffd76710000 - 0x00007ffd76723000 	C:\WINDOWS\SYSTEM32\UMPDC.dll
0x00007ffd75a20000 - 0x00007ffd75a38000 	C:\WINDOWS\SYSTEM32\kernel.appcore.dll
0x00007ffd6b350000 - 0x00007ffd6b35a000 	c:\Users\Alizha\.vscode\extensions\redhat.java-1.28.1-win32-x64\jre\17.0.10-win32-x86_64\bin\jimage.dll
0x00007ffd743f0000 - 0x00007ffd74623000 	C:\WINDOWS\SYSTEM32\DBGHELP.DLL
0x00007ffd777d0000 - 0x00007ffd77b59000 	C:\WINDOWS\System32\combase.dll
0x00007ffd77520000 - 0x00007ffd775f7000 	C:\WINDOWS\System32\OLEAUT32.dll
0x00007ffd64970000 - 0x00007ffd649a2000 	C:\WINDOWS\SYSTEM32\dbgcore.DLL
0x00007ffd76de0000 - 0x00007ffd76e5a000 	C:\WINDOWS\System32\bcryptPrimitives.dll
0x00007ffd679b0000 - 0x00007ffd679be000 	c:\Users\Alizha\.vscode\extensions\redhat.java-1.28.1-win32-x64\jre\17.0.10-win32-x86_64\bin\instrument.dll
0x00007ffd244b0000 - 0x00007ffd244d5000 	c:\Users\Alizha\.vscode\extensions\redhat.java-1.28.1-win32-x64\jre\17.0.10-win32-x86_64\bin\java.dll
0x00007ffd24470000 - 0x00007ffd24488000 	c:\Users\Alizha\.vscode\extensions\redhat.java-1.28.1-win32-x64\jre\17.0.10-win32-x86_64\bin\zip.dll
0x00007ffd780b0000 - 0x00007ffd7890b000 	C:\WINDOWS\System32\SHELL32.dll
0x00007ffd74920000 - 0x00007ffd75216000 	C:\WINDOWS\SYSTEM32\windows.storage.dll
0x00007ffd747e0000 - 0x00007ffd7491e000 	C:\WINDOWS\SYSTEM32\wintypes.dll
0x00007ffd77cc0000 - 0x00007ffd77db3000 	C:\WINDOWS\System32\SHCORE.dll
0x00007ffd77dd0000 - 0x00007ffd77e2e000 	C:\WINDOWS\System32\shlwapi.dll
0x00007ffd76940000 - 0x00007ffd76966000 	C:\WINDOWS\SYSTEM32\profapi.dll
0x00007ffd243c0000 - 0x00007ffd243d9000 	C:\Users\Alizha\.vscode\extensions\redhat.java-1.28.1-win32-x64\jre\17.0.10-win32-x86_64\bin\net.dll
0x00007ffd70790000 - 0x00007ffd708c7000 	C:\WINDOWS\SYSTEM32\WINHTTP.dll
0x00007ffd75eb0000 - 0x00007ffd75f19000 	C:\WINDOWS\system32\mswsock.dll
0x00007ffd12e70000 - 0x00007ffd12e86000 	C:\Users\Alizha\.vscode\extensions\redhat.java-1.28.1-win32-x64\jre\17.0.10-win32-x86_64\bin\nio.dll
0x00007ffd51630000 - 0x00007ffd51640000 	c:\Users\Alizha\.vscode\extensions\redhat.java-1.28.1-win32-x64\jre\17.0.10-win32-x86_64\bin\verify.dll
0x00007ffd0eed0000 - 0x00007ffd0ef0e000 	C:\Users\Alizha\AppData\Roaming\Code\User\globalStorage\redhat.java\1.28.1\config_win\org.eclipse.equinox.launcher\org.eclipse.equinox.launcher.win32.win32.x86_64_1.2.900.v20240129-1338\eclipse_11900.dll
0x00007ffd79440000 - 0x00007ffd795e0000 	C:\WINDOWS\System32\ole32.dll
0x00007ffd76130000 - 0x00007ffd7614b000 	C:\WINDOWS\SYSTEM32\CRYPTSP.dll
0x00007ffd75980000 - 0x00007ffd759b5000 	C:\WINDOWS\system32\rsaenh.dll
0x00007ffd75fc0000 - 0x00007ffd75fec000 	C:\WINDOWS\SYSTEM32\USERENV.dll
0x00007ffd76120000 - 0x00007ffd7612c000 	C:\WINDOWS\SYSTEM32\CRYPTBASE.dll
0x00007ffd75480000 - 0x00007ffd754ad000 	C:\WINDOWS\SYSTEM32\IPHLPAPI.DLL
0x00007ffd789a0000 - 0x00007ffd789a9000 	C:\WINDOWS\System32\NSI.dll
0x00007ffd6f7a0000 - 0x00007ffd6f7b9000 	C:\WINDOWS\SYSTEM32\dhcpcsvc6.DLL
0x00007ffd6f510000 - 0x00007ffd6f52f000 	C:\WINDOWS\SYSTEM32\dhcpcsvc.DLL
0x00007ffd754f0000 - 0x00007ffd755e9000 	C:\WINDOWS\SYSTEM32\DNSAPI.dll
0x00007ffcd54b0000 - 0x00007ffcd54f5000 	C:\Users\Alizha\AppData\Local\Temp\jna-1963883701\jna6517596444280755347.dll
0x00007ffd77dc0000 - 0x00007ffd77dc8000 	C:\WINDOWS\System32\PSAPI.DLL

dbghelp: loaded successfully - version: 4.0.5 - missing functions: none
symbol engine: initialized successfully - sym options: 0x614 - pdb path: .;c:\Users\Alizha\.vscode\extensions\redhat.java-1.28.1-win32-x64\jre\17.0.10-win32-x86_64\bin;C:\WINDOWS\SYSTEM32;C:\WINDOWS\WinSxS\amd64_microsoft.windows.common-controls_6595b64144ccf1df_6.0.22621.2506_none_270c5ae97388e100;c:\Users\Alizha\.vscode\extensions\redhat.java-1.28.1-win32-x64\jre\17.0.10-win32-x86_64\bin\server;C:\Users\Alizha\AppData\Roaming\Code\User\globalStorage\redhat.java\1.28.1\config_win\org.eclipse.equinox.launcher\org.eclipse.equinox.launcher.win32.win32.x86_64_1.2.900.v20240129-1338;C:\Users\Alizha\AppData\Local\Temp\jna-1963883701

VM Arguments:
jvm_args: --add-modules=ALL-SYSTEM --add-opens=java.base/java.util=ALL-UNNAMED --add-opens=java.base/java.lang=ALL-UNNAMED --add-opens=java.base/sun.nio.fs=ALL-UNNAMED -Declipse.application=org.eclipse.jdt.ls.core.id1 -Dosgi.bundles.defaultStartLevel=4 -Declipse.product=org.eclipse.jdt.ls.core.product -Djava.import.generatesMetadataFilesAtProjectRoot=false -DDetectVMInstallationsJob.disabled=true -Dfile.encoding=utf8 -XX:+UseParallelGC -XX:GCTimeRatio=4 -XX:AdaptiveSizePolicyWeight=90 -Dsun.zip.disableMemoryMapping=true -Xmx1G -Xms100m -Xlog:disable -javaagent:c:\Users\Alizha\.vscode\extensions\redhat.java-1.28.1-win32-x64\lombok\lombok-1.18.31.jar -XX:+HeapDumpOnOutOfMemoryError -XX:HeapDumpPath=c:\Users\Alizha\AppData\Roaming\Code\User\workspaceStorage\8d68d11bca368d431e0ffcbe580ad2c9\redhat.java -Daether.dependencyCollector.impl=bf 
java_command: c:\Users\Alizha\.vscode\extensions\redhat.java-1.28.1-win32-x64\server\plugins\org.eclipse.equinox.launcher_1.6.700.v20231214-2017.jar -configuration c:\Users\Alizha\AppData\Roaming\Code\User\globalStorage\redhat.java\1.28.1\config_win -data c:\Users\Alizha\AppData\Roaming\Code\User\workspaceStorage\8d68d11bca368d431e0ffcbe580ad2c9\redhat.java\jdt_ws --stdio
java_class_path (initial): c:\Users\Alizha\.vscode\extensions\redhat.java-1.28.1-win32-x64\server\plugins\org.eclipse.equinox.launcher_1.6.700.v20231214-2017.jar
Launcher Type: SUN_STANDARD

[Global flags]
    uintx AdaptiveSizePolicyWeight                 = 90                                        {product} {command line}
     intx CICompilerCount                          = 4                                         {product} {ergonomic}
    uintx GCTimeRatio                              = 4                                         {product} {command line}
     bool HeapDumpOnOutOfMemoryError               = true                                   {manageable} {command line}
    ccstr HeapDumpPath                             = c:\Users\Alizha\AppData\Roaming\Code\User\workspaceStorage\8d68d11bca368d431e0ffcbe580ad2c9\redhat.java         {manageable} {command line}
   size_t InitialHeapSize                          = 104857600                                 {product} {command line}
   size_t MaxHeapSize                              = 1073741824                                {product} {command line}
   size_t MaxNewSize                               = 357564416                                 {product} {ergonomic}
   size_t MinHeapDeltaBytes                        = 524288                                    {product} {ergonomic}
   size_t MinHeapSize                              = 104857600                                 {product} {command line}
   size_t NewSize                                  = 34603008                                  {product} {ergonomic}
    uintx NonNMethodCodeHeapSize                   = 5839372                                {pd product} {ergonomic}
    uintx NonProfiledCodeHeapSize                  = 122909434                              {pd product} {ergonomic}
   size_t OldSize                                  = 70254592                                  {product} {ergonomic}
    uintx ProfiledCodeHeapSize                     = 122909434                              {pd product} {ergonomic}
    uintx ReservedCodeCacheSize                    = 251658240                              {pd product} {ergonomic}
     bool SegmentedCodeCache                       = true                                      {product} {ergonomic}
   size_t SoftMaxHeapSize                          = 1073741824                             {manageable} {ergonomic}
     bool UseCompressedClassPointers               = true                           {product lp64_product} {ergonomic}
     bool UseCompressedOops                        = true                           {product lp64_product} {ergonomic}
     bool UseLargePagesIndividualAllocation        = false                                  {pd product} {ergonomic}
     bool UseParallelGC                            = true                                      {product} {command line}

Logging:
Log output configuration:
 #0: stdout all=off uptime,level,tags
 #1: stderr all=off uptime,level,tags

Environment Variables:
JAVA_HOME=C:\Program Files\Java\jdk-17
PATH=C:\Program Files\Common Files\Oracle\Java\javapath;C:\Program Files (x86)\Common Files\Oracle\Java\javapath;C:\Program Files\PostgreSQL\15\bin;C:\WINDOWS\system32;C:\WINDOWS;C:\WINDOWS\System32\Wbem;C:\WINDOWS\System32\WindowsPowerShell\v1.0\;C:\WINDOWS\System32\OpenSSH\;C:\Program Files\kotlinc\bin;C:\Program Files\PuTTY\;C:\Program Files\Git\cmd;C:\Program Files\Docker\Docker\resources\bin;C:\Program Files\Java\jdk-17;C:\Users\Alizha\AppData\Local\Programs\Python\Python39\Scripts\;C:\Users\Alizha\AppData\Local\Programs\Python\Python39\;C:\Users\Alizha\AppData\Local\Microsoft\WindowsApps;D:\Microsoft VS Code\bin;C:\Program Files\Git;C:\Users\Alizha\c sosi\MinGW\bin;C:\Users\Alizha\Flutter\flutter_windows_3.3.7-stable\flutter\bin;
USERNAME=Alizha
OS=Windows_NT
PROCESSOR_IDENTIFIER=AMD64 Family 23 Model 104 Stepping 1, AuthenticAMD
TMP=C:\Users\Alizha\AppData\Local\Temp
TEMP=C:\Users\Alizha\AppData\Local\Temp



Periodic native trim disabled


---------------  S Y S T E M  ---------------

OS:
 Windows 11 , 64 bit Build 22621 (10.0.22621.3085)
OS uptime: 0 days 15:01 hours
Hyper-V role detected

CPU: total 12 (initial active 12) (12 cores per cpu, 2 threads per core) family 23 model 104 stepping 1 microcode 0x0, cx8, cmov, fxsr, ht, mmx, 3dnowpref, sse, sse2, sse3, ssse3, sse4a, sse4.1, sse4.2, popcnt, lzcnt, tsc, tscinvbit, avx, avx2, aes, clmul, bmi1, bmi2, adx, sha, fma, vzeroupper, clflush, clflushopt, hv
Processor Information for all 12 processors :
  Max Mhz: 2100, Current Mhz: 1893, Mhz Limit: 2100

Memory: 4k page, system-wide physical 6005M (4M free)
TotalPageFile size 24437M (AvailPageFile size 5M)
current process WorkingSet (physical memory assigned to process): 18M, peak: 318M
current process commit charge ("private bytes"): 488M, peak: 489M

vm_info: OpenJDK 64-Bit Server VM (17.0.10+7) for windows-amd64 JRE (17.0.10+7), built on Jan 16 2024 23:25:11 by "admin" with MS VC++ 16.10 / 16.11 (VS2019)

END.
