#
# There is insufficient memory for the Java Runtime Environment to continue.
# Native memory allocation (mmap) failed to map 98566144 bytes for G1 virtual space
# Possible reasons:
#   The system is out of physical RAM or swap space
#   The process is running with CompressedOops enabled, and the Java Heap may be blocking the growth of the native heap
# Possible solutions:
#   Reduce memory load on the system
#   Increase physical memory or swap space
#   Check if swap backing store is full
#   Decrease Java heap size (-Xmx/-Xms)
#   Decrease number of Java threads
#   Decrease Java thread stack sizes (-Xss)
#   Set larger code cache with -XX:ReservedCodeCacheSize=
#   JVM is running with Unscaled Compressed Oops mode in which the Java heap is
#     placed in the first 4GB address space. The Java Heap base address is the
#     maximum limit for the native heap growth. Please use -XX:HeapBaseMinAddress
#     to set the Java Heap base and to place the Java Heap above 4GB virtual address.
# This output file may be truncated or incomplete.
#
#  Out of Memory Error (os_windows.cpp:3613), pid=30284, tid=25736
#
# JRE version:  (17.0.10+7) (build )
# Java VM: OpenJDK 64-Bit Server VM (17.0.10+7, mixed mode, sharing, tiered, compressed oops, compressed class ptrs, g1 gc, windows-amd64)
# No core dump will be written. Minidumps are not enabled by default on client versions of Windows
#

---------------  S U M M A R Y ------------

Command Line: --add-opens=java.base/java.lang=ALL-UNNAMED --add-opens=java.base/java.io=ALL-UNNAMED --add-opens=java.base/java.util=ALL-UNNAMED -Dplugin.dir=C:\Users\Alizha\.vscode\extensions\redhat.java-1.28.1-win32-x64\server\..\..\vscjava.vscode-gradle-3.13.5\server\plugins com.microsoft.java.bs.core.Launcher

Host: AMD Ryzen 5 5500U with Radeon Graphics         , 12 cores, 5G,  Windows 11 , 64 bit Build 22621 (10.0.22621.3085)
Time: Thu Feb 29 13:24:01 2024 SE Asia Standard Time elapsed time: 0.072585 seconds (0d 0h 0m 0s)

---------------  T H R E A D  ---------------

Current thread (0x000002533bffc440):  JavaThread "Unknown thread" [_thread_in_vm, id=25736, stack(0x000000a270f00000,0x000000a271000000)]

Stack: [0x000000a270f00000,0x000000a271000000]
Native frames: (J=compiled Java code, j=interpreted, Vv=VM code, C=native code)
V  [jvm.dll+0x67d2c9]
V  [jvm.dll+0x834afa]
V  [jvm.dll+0x8365be]
V  [jvm.dll+0x836c23]
V  [jvm.dll+0x2477ff]
V  [jvm.dll+0x67a109]
V  [jvm.dll+0x66eb7a]
V  [jvm.dll+0x30764b]
V  [jvm.dll+0x30eaf6]
V  [jvm.dll+0x35e83e]
V  [jvm.dll+0x35ea6f]
V  [jvm.dll+0x2de248]
V  [jvm.dll+0x2df1b4]
V  [jvm.dll+0x806361]
V  [jvm.dll+0x36c6f1]
V  [jvm.dll+0x7e4e06]
V  [jvm.dll+0x3eff3f]
V  [jvm.dll+0x3f1b71]
C  [jli.dll+0x528f]
C  [ucrtbase.dll+0x29363]
C  [KERNEL32.DLL+0x1257d]
C  [ntdll.dll+0x5aa58]


---------------  P R O C E S S  ---------------

Threads class SMR info:
_java_thread_list=0x00007ffcd93fee98, length=0, elements={
}

Java Threads: ( => current thread )

Other Threads:
  0x000002533c047a30 GCTaskThread "GC Thread#0" [stack: 0x000000a271000000,0x000000a271100000] [id=12352]
  0x000002533c054540 ConcurrentGCThread "G1 Main Marker" [stack: 0x000000a271100000,0x000000a271200000] [id=28948]
  0x000002533c056580 ConcurrentGCThread "G1 Conc#0" [stack: 0x000000a271200000,0x000000a271300000] [id=29168]

[error occurred during error reporting (printing all threads), id 0xc0000005, EXCEPTION_ACCESS_VIOLATION (0xc0000005) at pc=0x00007ffcd8bbec87]

VM state: not at safepoint (not fully initialized)

VM Mutex/Monitor currently owned by a thread:  ([mutex/lock_event])
[0x000002533bff8b40] Heap_lock - owner thread: 0x000002533bffc440

Heap address: 0x00000000a2200000, size: 1502 MB, Compressed Oops mode: 32-bit

CDS archive(s) mapped at: [0x0000000000000000-0x0000000000000000-0x0000000000000000), size 0, SharedBaseAddress: 0x0000000800000000, ArchiveRelocationMode: 1.
Narrow klass base: 0x0000000000000000, Narrow klass shift: 0, Narrow klass range: 0x0

GC Precious Log:
<Empty>

Heap:
 garbage-first heap   total 0K, used 0K [0x00000000a2200000, 0x0000000100000000)
  region size 1024K, 0 young (0K), 0 survivors (0K)

[error occurred during error reporting (printing heap information), id 0xc0000005, EXCEPTION_ACCESS_VIOLATION (0xc0000005) at pc=0x00007ffcd8fa6fb9]

GC Heap History (0 events):
No events

Dll operation events (1 events):
Event: 0.045 Loaded shared library C:\Users\Alizha\.vscode\extensions\redhat.java-1.28.1-win32-x64\jre\17.0.10-win32-x86_64\bin\java.dll

Deoptimization events (0 events):
No events

Classes unloaded (0 events):
No events

Classes redefined (0 events):
No events

Internal exceptions (0 events):
No events

VM Operations (0 events):
No events

Events (0 events):
No events


Dynamic libraries:
0x00007ff6e1be0000 - 0x00007ff6e1bee000 	C:\Users\Alizha\.vscode\extensions\redhat.java-1.28.1-win32-x64\jre\17.0.10-win32-x86_64\bin\java.exe
0x00007ffd796d0000 - 0x00007ffd798e7000 	C:\WINDOWS\SYSTEM32\ntdll.dll
0x00007ffd77fe0000 - 0x00007ffd780a4000 	C:\WINDOWS\System32\KERNEL32.DLL
0x00007ffd76f00000 - 0x00007ffd772a6000 	C:\WINDOWS\System32\KERNELBASE.dll
0x00007ffd76c00000 - 0x00007ffd76d11000 	C:\WINDOWS\System32\ucrtbase.dll
0x00007ffd6b360000 - 0x00007ffd6b377000 	C:\Users\Alizha\.vscode\extensions\redhat.java-1.28.1-win32-x64\jre\17.0.10-win32-x86_64\bin\jli.dll
0x00007ffd6b3b0000 - 0x00007ffd6b3cb000 	C:\Users\Alizha\.vscode\extensions\redhat.java-1.28.1-win32-x64\jre\17.0.10-win32-x86_64\bin\VCRUNTIME140.dll
0x00007ffd77620000 - 0x00007ffd777ce000 	C:\WINDOWS\System32\USER32.dll
0x00007ffd76a10000 - 0x00007ffd76a36000 	C:\WINDOWS\System32\win32u.dll
0x00007ffd791a0000 - 0x00007ffd791c9000 	C:\WINDOWS\System32\GDI32.dll
0x00007ffd76ae0000 - 0x00007ffd76bf8000 	C:\WINDOWS\System32\gdi32full.dll
0x00007ffd57370000 - 0x00007ffd57603000 	C:\WINDOWS\WinSxS\amd64_microsoft.windows.common-controls_6595b64144ccf1df_6.0.22621.2506_none_270c5ae97388e100\COMCTL32.dll
0x00007ffd76a40000 - 0x00007ffd76ada000 	C:\WINDOWS\System32\msvcp_win.dll
0x00007ffd791d0000 - 0x00007ffd79277000 	C:\WINDOWS\System32\msvcrt.dll
0x00007ffd78960000 - 0x00007ffd78991000 	C:\WINDOWS\System32\IMM32.DLL
0x00007ffd6b3a0000 - 0x00007ffd6b3ac000 	C:\Users\Alizha\.vscode\extensions\redhat.java-1.28.1-win32-x64\jre\17.0.10-win32-x86_64\bin\vcruntime140_1.dll
0x00007ffcf4950000 - 0x00007ffcf49dd000 	C:\Users\Alizha\.vscode\extensions\redhat.java-1.28.1-win32-x64\jre\17.0.10-win32-x86_64\bin\msvcp140.dll
0x00007ffcd88d0000 - 0x00007ffcd9532000 	C:\Users\Alizha\.vscode\extensions\redhat.java-1.28.1-win32-x64\jre\17.0.10-win32-x86_64\bin\server\jvm.dll
0x00007ffd78e70000 - 0x00007ffd78f23000 	C:\WINDOWS\System32\ADVAPI32.dll
0x00007ffd79010000 - 0x00007ffd790b8000 	C:\WINDOWS\System32\sechost.dll
0x00007ffd76ed0000 - 0x00007ffd76ef8000 	C:\WINDOWS\System32\bcrypt.dll
0x00007ffd77ec0000 - 0x00007ffd77fd7000 	C:\WINDOWS\System32\RPCRT4.dll
0x00007ffd76730000 - 0x00007ffd7677d000 	C:\WINDOWS\SYSTEM32\POWRPROF.dll
0x00007ffd6ece0000 - 0x00007ffd6ed14000 	C:\WINDOWS\SYSTEM32\WINMM.dll
0x00007ffd6b390000 - 0x00007ffd6b399000 	C:\WINDOWS\SYSTEM32\WSOCK32.dll
0x00007ffd6b900000 - 0x00007ffd6b90a000 	C:\WINDOWS\SYSTEM32\VERSION.dll
0x00007ffd78f30000 - 0x00007ffd78fa1000 	C:\WINDOWS\System32\WS2_32.dll
0x00007ffd76710000 - 0x00007ffd76723000 	C:\WINDOWS\SYSTEM32\UMPDC.dll
0x00007ffd75a20000 - 0x00007ffd75a38000 	C:\WINDOWS\SYSTEM32\kernel.appcore.dll
0x00007ffd6b350000 - 0x00007ffd6b35a000 	C:\Users\Alizha\.vscode\extensions\redhat.java-1.28.1-win32-x64\jre\17.0.10-win32-x86_64\bin\jimage.dll
0x00007ffd743f0000 - 0x00007ffd74623000 	C:\WINDOWS\SYSTEM32\DBGHELP.DLL
0x00007ffd777d0000 - 0x00007ffd77b59000 	C:\WINDOWS\System32\combase.dll
0x00007ffd77520000 - 0x00007ffd775f7000 	C:\WINDOWS\System32\OLEAUT32.dll
0x00007ffd64970000 - 0x00007ffd649a2000 	C:\WINDOWS\SYSTEM32\dbgcore.DLL
0x00007ffd76de0000 - 0x00007ffd76e5a000 	C:\WINDOWS\System32\bcryptPrimitives.dll
0x00007ffd244b0000 - 0x00007ffd244d5000 	C:\Users\Alizha\.vscode\extensions\redhat.java-1.28.1-win32-x64\jre\17.0.10-win32-x86_64\bin\java.dll

dbghelp: loaded successfully - version: 4.0.5 - missing functions: none
symbol engine: initialized successfully - sym options: 0x614 - pdb path: .;C:\Users\Alizha\.vscode\extensions\redhat.java-1.28.1-win32-x64\jre\17.0.10-win32-x86_64\bin;C:\WINDOWS\SYSTEM32;C:\WINDOWS\WinSxS\amd64_microsoft.windows.common-controls_6595b64144ccf1df_6.0.22621.2506_none_270c5ae97388e100;C:\Users\Alizha\.vscode\extensions\redhat.java-1.28.1-win32-x64\jre\17.0.10-win32-x86_64\bin\server

VM Arguments:
jvm_args: --add-opens=java.base/java.lang=ALL-UNNAMED --add-opens=java.base/java.io=ALL-UNNAMED --add-opens=java.base/java.util=ALL-UNNAMED -Dplugin.dir=C:\Users\Alizha\.vscode\extensions\redhat.java-1.28.1-win32-x64\server\..\..\vscjava.vscode-gradle-3.13.5\server\plugins 
java_command: com.microsoft.java.bs.core.Launcher
java_class_path (initial): C:\Users\Alizha\.vscode\extensions\redhat.java-1.28.1-win32-x64\server\..\..\vscjava.vscode-gradle-3.13.5\server\server.jar;C:\Users\Alizha\.vscode\extensions\redhat.java-1.28.1-win32-x64\server\..\..\vscjava.vscode-gradle-3.13.5\server\runtime\bsp4j-2.1.0-M4.jar;C:\Users\Alizha\.vscode\extensions\redhat.java-1.28.1-win32-x64\server\..\..\vscjava.vscode-gradle-3.13.5\server\runtime\checker-qual-3.5.0.jar;C:\Users\Alizha\.vscode\extensions\redhat.java-1.28.1-win32-x64\server\..\..\vscjava.vscode-gradle-3.13.5\server\runtime\commons-lang3-3.13.0.jar;C:\Users\Alizha\.vscode\extensions\redhat.java-1.28.1-win32-x64\server\..\..\vscjava.vscode-gradle-3.13.5\server\runtime\error_prone_annotations-2.3.4.jar;C:\Users\Alizha\.vscode\extensions\redhat.java-1.28.1-win32-x64\server\..\..\vscjava.vscode-gradle-3.13.5\server\runtime\failureaccess-1.0.1.jar;C:\Users\Alizha\.vscode\extensions\redhat.java-1.28.1-win32-x64\server\..\..\vscjava.vscode-gradle-3.13.5\server\runtime\gradle-tooling-api-8.1.1.jar;C:\Users\Alizha\.vscode\extensions\redhat.java-1.28.1-win32-x64\server\..\..\vscjava.vscode-gradle-3.13.5\server\runtime\gson-2.9.1.jar;C:\Users\Alizha\.vscode\extensions\redhat.java-1.28.1-win32-x64\server\..\..\vscjava.vscode-gradle-3.13.5\server\runtime\guava-30.1-jre.jar;C:\Users\Alizha\.vscode\extensions\redhat.java-1.28.1-win32-x64\server\..\..\vscjava.vscode-gradle-3.13.5\server\runtime\j2objc-annotations-1.3.jar;C:\Users\Alizha\.vscode\extensions\redhat.java-1.28.1-win32-x64\server\..\..\vscjava.vscode-gradle-3.13.5\server\runtime\jsr305-3.0.2.jar;C:\Users\Alizha\.vscode\extensions\redhat.java-1.28.1-win32-x64\server\..\..\vscjava.vscode-gradle-3.13.5\server\runtime\listenablefuture-9999.0-empty-to-avoid-conflict-with-guava.jar;C:\Users\Alizha\.vscode\extensions\redhat.java-1.28.1-win32-x64\server\..\..\vscjava.vscode-gradle-3.13.5\server\runtime\model.jar;C:\Users\Alizha\.vscode\extensions\redhat.java-1.28.1-win32-x64\server\..\..\vscjava.vscod
Launcher Type: SUN_STANDARD

[Global flags]
     intx CICompilerCount                          = 4                                         {product} {ergonomic}
     uint ConcGCThreads                            = 3                                         {product} {ergonomic}
     uint G1ConcRefinementThreads                  = 10                                        {product} {ergonomic}
   size_t G1HeapRegionSize                         = 1048576                                   {product} {ergonomic}
    uintx GCDrainStackTargetSize                   = 64                                        {product} {ergonomic}
   size_t InitialHeapSize                          = 98566144                                  {product} {ergonomic}
   size_t MarkStackSize                            = 4194304                                   {product} {ergonomic}
   size_t MaxHeapSize                              = 1574961152                                {product} {ergonomic}
   size_t MinHeapDeltaBytes                        = 1048576                                   {product} {ergonomic}
   size_t MinHeapSize                              = 8388608                                   {product} {ergonomic}
    uintx NonNMethodCodeHeapSize                   = 5839372                                {pd product} {ergonomic}
    uintx NonProfiledCodeHeapSize                  = 122909434                              {pd product} {ergonomic}
    uintx ProfiledCodeHeapSize                     = 122909434                              {pd product} {ergonomic}
    uintx ReservedCodeCacheSize                    = 251658240                              {pd product} {ergonomic}
     bool SegmentedCodeCache                       = true                                      {product} {ergonomic}
   size_t SoftMaxHeapSize                          = 1574961152                             {manageable} {ergonomic}
     bool UseCompressedClassPointers               = true                           {product lp64_product} {ergonomic}
     bool UseCompressedOops                        = true                           {product lp64_product} {ergonomic}
     bool UseG1GC                                  = true                                      {product} {ergonomic}
     bool UseLargePagesIndividualAllocation        = false                                  {pd product} {ergonomic}

Logging:
Log output configuration:
 #0: stdout all=warning uptime,level,tags
 #1: stderr all=off uptime,level,tags

Environment Variables:
JAVA_HOME=C:\Program Files\Java\jdk-17
PATH=C:\Program Files\Common Files\Oracle\Java\javapath;C:\Program Files (x86)\Common Files\Oracle\Java\javapath;C:\Program Files\PostgreSQL\15\bin;C:\WINDOWS\system32;C:\WINDOWS;C:\WINDOWS\System32\Wbem;C:\WINDOWS\System32\WindowsPowerShell\v1.0\;C:\WINDOWS\System32\OpenSSH\;C:\Program Files\kotlinc\bin;C:\Program Files\PuTTY\;C:\Program Files\Git\cmd;C:\Program Files\Docker\Docker\resources\bin;C:\Program Files\Java\jdk-17;C:\Users\Alizha\AppData\Local\Programs\Python\Python39\Scripts\;C:\Users\Alizha\AppData\Local\Programs\Python\Python39\;C:\Users\Alizha\AppData\Local\Microsoft\WindowsApps;D:\Microsoft VS Code\bin;C:\Program Files\Git;C:\Users\Alizha\c sosi\MinGW\bin;C:\Users\Alizha\Flutter\flutter_windows_3.3.7-stable\flutter\bin;
USERNAME=Alizha
OS=Windows_NT
PROCESSOR_IDENTIFIER=AMD64 Family 23 Model 104 Stepping 1, AuthenticAMD
TMP=C:\Users\Alizha\AppData\Local\Temp
TEMP=C:\Users\Alizha\AppData\Local\Temp



Periodic native trim disabled


---------------  S Y S T E M  ---------------

OS:
 Windows 11 , 64 bit Build 22621 (10.0.22621.3085)
OS uptime: 0 days 15:01 hours
Hyper-V role detected

CPU: total 12 (initial active 12) (12 cores per cpu, 2 threads per core) family 23 model 104 stepping 1 microcode 0x0, cx8, cmov, fxsr, ht, mmx, 3dnowpref, sse, sse2, sse3, ssse3, sse4a, sse4.1, sse4.2, popcnt, lzcnt, tsc, tscinvbit, avx, avx2, aes, clmul, bmi1, bmi2, adx, sha, fma, vzeroupper, clflush, clflushopt, hv
Processor Information for processor 0
  Max Mhz: 2100, Current Mhz: 1893, Mhz Limit: 2100
Processor Information for processor 1
  Max Mhz: 2100, Current Mhz: 1893, Mhz Limit: 2100
Processor Information for processor 2
  Max Mhz: 2100, Current Mhz: 1893, Mhz Limit: 2100
Processor Information for processor 3
  Max Mhz: 2100, Current Mhz: 1893, Mhz Limit: 2100
Processor Information for processor 4
  Max Mhz: 2100, Current Mhz: 1893, Mhz Limit: 2100
Processor Information for processor 5
  Max Mhz: 2100, Current Mhz: 1893, Mhz Limit: 2100
Processor Information for processor 6
  Max Mhz: 2100, Current Mhz: 1893, Mhz Limit: 2100
Processor Information for processor 7
  Max Mhz: 2100, Current Mhz: 1893, Mhz Limit: 2100
Processor Information for processor 8
  Max Mhz: 2100, Current Mhz: 1893, Mhz Limit: 2100
Processor Information for processor 9
  Max Mhz: 2100, Current Mhz: 1893, Mhz Limit: 2100
Processor Information for processor 10
  Max Mhz: 2100, Current Mhz: 1813, Mhz Limit: 2100
Processor Information for processor 11
  Max Mhz: 2100, Current Mhz: 1893, Mhz Limit: 2100

Memory: 4k page, system-wide physical 6005M (76M free)
TotalPageFile size 24437M (AvailPageFile size 81M)
current process WorkingSet (physical memory assigned to process): 11M, peak: 11M
current process commit charge ("private bytes"): 64M, peak: 158M

vm_info: OpenJDK 64-Bit Server VM (17.0.10+7) for windows-amd64 JRE (17.0.10+7), built on Jan 16 2024 23:25:11 by "admin" with MS VC++ 16.10 / 16.11 (VS2019)

END.
